{"/home/david/Private/hub/common/simple-crypt/lib/simple-crypt.js":{"path":"/home/david/Private/hub/common/simple-crypt/lib/simple-crypt.js","s":{"1":1,"2":101063,"3":101063,"4":101063,"5":101063,"6":101063,"7":101063,"8":101063,"9":1,"10":101063,"11":80312,"12":80312,"13":101063,"14":40069,"15":40069,"16":101063,"17":10010,"18":10010,"19":101063,"20":101063,"21":101063,"22":0,"23":0,"24":101063,"25":101063,"26":91053,"27":101063,"28":1,"29":71352,"30":1,"31":6,"32":1,"33":40030,"34":1,"35":40504,"36":0,"37":0,"38":40504,"39":1,"40":27,"41":18,"42":2,"43":16,"44":9,"45":27,"46":18,"47":18,"48":18,"49":18,"50":18,"51":9,"52":9,"53":9,"54":9,"55":9,"56":27,"57":18,"58":9,"59":9,"60":0,"61":9,"62":9,"63":9,"64":0,"65":9,"66":9,"67":0,"68":9,"69":9,"70":9,"71":1,"72":25,"73":16,"74":8,"75":8,"76":8,"77":0,"78":8,"79":8,"80":0,"81":8,"82":8,"83":8,"84":8,"85":9,"86":1,"87":30024,"88":20016,"89":2,"90":20014,"91":10008,"92":30024,"93":20016,"94":20016,"95":20016,"96":20016,"97":20016,"98":10008,"99":10008,"100":10008,"101":10008,"102":10008,"103":30024,"104":20016,"105":10008,"106":10008,"107":0,"108":10008,"109":10008,"110":10008,"111":0,"112":10008,"113":10008,"114":0,"115":10008,"116":10008,"117":10008,"118":1,"119":30022,"120":20014,"121":10007,"122":10007,"123":10007,"124":0,"125":10007,"126":10007,"127":0,"128":10007,"129":10007,"130":10007,"131":10007,"132":10008,"133":1,"134":3,"135":3,"136":3,"137":3,"138":3,"139":3,"140":0,"141":0,"142":3,"143":3,"144":0,"145":0,"146":3,"147":3,"148":0,"149":0,"150":3,"151":3,"152":0,"153":0,"154":3,"155":1,"156":3,"157":3,"158":3,"159":0,"160":0,"161":3,"162":3,"163":0,"164":0,"165":3,"166":3,"167":0,"168":0,"169":3,"170":3,"171":0,"172":0,"173":3,"174":1,"175":1,"176":1,"177":1,"178":101063,"179":10,"180":5,"181":5,"182":5,"183":10,"184":101053,"185":96,"186":96,"187":34,"188":34,"189":34,"190":96,"191":96,"192":0,"193":0,"194":96,"195":0,"196":96,"197":100957,"198":1,"199":30493,"200":1,"201":40474,"202":1,"203":322,"204":322,"205":322,"206":26,"207":26,"208":322,"209":4,"210":4,"211":318,"212":6,"213":6,"214":312,"215":318,"216":318,"217":318,"218":318,"219":318,"220":318,"221":34,"222":318,"223":318,"224":318,"225":0,"226":0,"227":0,"228":318,"229":1,"230":326,"231":326,"232":326,"233":0,"234":326,"235":7,"236":319,"237":319,"238":0,"239":0,"240":326,"241":326,"242":326,"243":326,"244":0,"245":326,"246":311,"247":27,"248":27,"249":0,"250":0,"251":284,"252":311,"253":15,"254":15,"255":311,"256":1,"257":30175,"258":30175,"259":30175,"260":30175,"261":8,"262":30167,"263":30163,"264":4,"265":4,"266":30171,"267":0,"268":0,"269":30171,"270":1,"271":40178,"272":40178,"273":40178,"274":0,"275":40178,"276":40178,"277":0,"278":0,"279":40178,"280":9,"281":40169,"282":40178,"283":40163,"284":15,"285":15,"286":0,"287":0,"288":40163,"289":1,"290":0,"291":1,"292":1,"293":1,"294":1,"295":1,"296":1,"297":0,"298":1,"299":0,"300":0,"301":0,"302":0,"303":1,"304":0,"305":0,"306":0,"307":0,"308":0,"309":0,"310":0,"311":0,"312":0,"313":0,"314":0,"315":0,"316":0,"317":0,"318":0,"319":0,"320":0,"321":0,"322":0,"323":0,"324":0,"325":0,"326":0,"327":0,"328":0,"329":0,"330":0,"331":0,"332":0,"333":0,"334":1,"335":0,"336":1,"337":0,"338":1,"339":0,"340":0,"341":0,"342":0,"343":0,"344":0,"345":0,"346":0,"347":0,"348":0,"349":0,"350":0,"351":0,"352":0,"353":0,"354":0,"355":0,"356":0,"357":0,"358":0,"359":0,"360":0,"361":0,"362":0,"363":0,"364":0,"365":0,"366":0,"367":0,"368":0,"369":0,"370":0,"371":0,"372":0,"373":0,"374":0,"375":1,"376":0,"377":0,"378":0,"379":0,"380":0,"381":0,"382":0,"383":0,"384":0,"385":0,"386":0,"387":0,"388":0,"389":0,"390":0,"391":0,"392":0,"393":0,"394":0,"395":0,"396":0,"397":0,"398":0,"399":0,"400":0,"401":0,"402":0,"403":0,"404":1,"405":0,"406":0,"407":0,"408":0,"409":0,"410":0,"411":0,"412":0,"413":0,"414":0,"415":0,"416":0,"417":0,"418":0,"419":0,"420":1,"421":0,"422":0,"423":0,"424":0,"425":0,"426":0,"427":0,"428":0,"429":0,"430":0,"431":0,"432":0,"433":0,"434":0,"435":0,"436":0,"437":0,"438":0,"439":1,"440":1,"441":1},"b":{"1":[101063,10009],"2":[80312,20751],"3":[40069,60994],"4":[10010,91053],"5":[0,101063],"6":[91053,10010],"7":[0,40504],"8":[2,16],"9":[18,9],"10":[18,9],"11":[18,9],"12":[9,9],"13":[0,9],"14":[9,0],"15":[0,9],"16":[16,9],"17":[8,8],"18":[0,8],"19":[0,8],"20":[2,20014],"21":[20016,10008],"22":[20016,10008],"23":[20016,10008],"24":[10008,10008],"25":[0,10008],"26":[10008,0],"27":[0,10008],"28":[20014,10008],"29":[10007,10007],"30":[0,10007],"31":[0,10007],"32":[3,0],"33":[0,3],"34":[0,3],"35":[0,3],"36":[0,3],"37":[0,3],"38":[0,3],"39":[0,3],"40":[0,3],"41":[1,0],"42":[10,101053],"43":[101063,12],"44":[5,5],"45":[5,0],"46":[96,100957],"47":[101053,60984],"48":[96,44],"49":[34,62],"50":[0,96],"51":[0,96],"52":[30134,359],"53":[40115,359],"54":[0,322],"55":[26,296],"56":[4,318],"57":[6,312],"58":[312,289],"59":[318,34],"60":[34,284],"61":[0,318],"62":[0,326],"63":[7,319],"64":[319,0],"65":[319,290],"66":[0,326],"67":[27,284],"68":[0,27],"69":[8,30167],"70":[30163,4],"71":[30163,30140],"72":[0,40178],"73":[0,40178],"74":[9,40169],"75":[40169,40140],"76":[40163,15],"77":[0,0],"78":[0,0],"79":[0,0],"80":[0,0],"81":[0,0],"82":[0,0],"83":[0,0],"84":[0,0],"85":[0,0],"86":[0,0],"87":[0,0],"88":[0,0],"89":[0,0],"90":[0,0],"91":[0,0],"92":[0,0],"93":[0,0],"94":[0,0],"95":[0,0],"96":[0,0],"97":[0,0],"98":[0,0],"99":[0,0],"100":[0,0],"101":[0,0],"102":[0,0],"103":[0,0],"104":[0,0],"105":[0,0],"106":[0,0],"107":[0,0],"108":[0,0],"109":[0,0],"110":[0,0],"111":[0,0],"112":[0,0],"113":[0,0],"114":[0,0],"115":[1,0]},"f":{"1":101063,"2":101063,"3":101063,"4":71352,"5":6,"6":40030,"7":40504,"8":27,"9":18,"10":9,"11":9,"12":9,"13":9,"14":25,"15":8,"16":8,"17":30024,"18":20016,"19":10008,"20":10008,"21":10008,"22":10008,"23":30022,"24":10007,"25":10007,"26":3,"27":3,"28":3,"29":3,"30":3,"31":3,"32":3,"33":3,"34":3,"35":3,"36":101063,"37":96,"38":30493,"39":40474,"40":322,"41":326,"42":30175,"43":40178,"44":0,"45":0,"46":0,"47":0,"48":0,"49":0,"50":0,"51":0,"52":0,"53":0,"54":0,"55":0,"56":0},"fnMap":{"1":{"name":"(anonymous_1)","line":27,"loc":{"start":{"line":27,"column":8},"end":{"line":28,"column":0}}},"2":{"name":"(anonymous_2)","line":42,"loc":{"start":{"line":42,"column":13},"end":{"line":43,"column":0}}},"3":{"name":"(anonymous_3)","line":67,"loc":{"start":{"line":67,"column":24},"end":{"line":68,"column":4}}},"4":{"name":"(anonymous_4)","line":86,"loc":{"start":{"line":86,"column":20},"end":{"line":87,"column":0}}},"5":{"name":"(anonymous_5)","line":92,"loc":{"start":{"line":92,"column":21},"end":{"line":93,"column":0}}},"6":{"name":"(anonymous_6)","line":98,"loc":{"start":{"line":98,"column":26},"end":{"line":99,"column":0}}},"7":{"name":"(anonymous_7)","line":104,"loc":{"start":{"line":104,"column":32},"end":{"line":105,"column":0}}},"8":{"name":"(anonymous_8)","line":117,"loc":{"start":{"line":117,"column":32},"end":{"line":121,"column":0}}},"9":{"name":"(anonymous_9)","line":126,"loc":{"start":{"line":126,"column":16},"end":{"line":127,"column":4}}},"10":{"name":"(anonymous_10)","line":138,"loc":{"start":{"line":138,"column":20},"end":{"line":139,"column":4}}},"11":{"name":"(anonymous_11)","line":164,"loc":{"start":{"line":164,"column":30},"end":{"line":165,"column":12}}},"12":{"name":"(anonymous_12)","line":172,"loc":{"start":{"line":172,"column":49},"end":{"line":173,"column":20}}},"13":{"name":"(anonymous_13)","line":180,"loc":{"start":{"line":180,"column":52},"end":{"line":181,"column":28}}},"14":{"name":"(anonymous_14)","line":206,"loc":{"start":{"line":206,"column":32},"end":{"line":207,"column":0}}},"15":{"name":"(anonymous_15)","line":217,"loc":{"start":{"line":217,"column":30},"end":{"line":218,"column":12}}},"16":{"name":"(anonymous_16)","line":225,"loc":{"start":{"line":225,"column":49},"end":{"line":226,"column":20}}},"17":{"name":"(anonymous_17)","line":254,"loc":{"start":{"line":254,"column":29},"end":{"line":255,"column":0}}},"18":{"name":"(anonymous_18)","line":260,"loc":{"start":{"line":260,"column":13},"end":{"line":261,"column":4}}},"19":{"name":"(anonymous_19)","line":272,"loc":{"start":{"line":272,"column":17},"end":{"line":273,"column":4}}},"20":{"name":"(anonymous_20)","line":298,"loc":{"start":{"line":298,"column":30},"end":{"line":299,"column":12}}},"21":{"name":"(anonymous_21)","line":306,"loc":{"start":{"line":306,"column":49},"end":{"line":307,"column":20}}},"22":{"name":"(anonymous_22)","line":314,"loc":{"start":{"line":314,"column":45},"end":{"line":315,"column":28}}},"23":{"name":"(anonymous_23)","line":340,"loc":{"start":{"line":340,"column":31},"end":{"line":341,"column":0}}},"24":{"name":"(anonymous_24)","line":351,"loc":{"start":{"line":351,"column":30},"end":{"line":352,"column":12}}},"25":{"name":"(anonymous_25)","line":359,"loc":{"start":{"line":359,"column":49},"end":{"line":360,"column":20}}},"26":{"name":"(anonymous_26)","line":388,"loc":{"start":{"line":388,"column":26},"end":{"line":389,"column":0}}},"27":{"name":"(anonymous_27)","line":400,"loc":{"start":{"line":400,"column":27},"end":{"line":401,"column":4}}},"28":{"name":"(anonymous_28)","line":408,"loc":{"start":{"line":408,"column":34},"end":{"line":409,"column":8}}},"29":{"name":"(anonymous_29)","line":416,"loc":{"start":{"line":416,"column":30},"end":{"line":417,"column":12}}},"30":{"name":"(anonymous_30)","line":424,"loc":{"start":{"line":424,"column":42},"end":{"line":425,"column":16}}},"31":{"name":"(anonymous_31)","line":439,"loc":{"start":{"line":439,"column":30},"end":{"line":440,"column":0}}},"32":{"name":"(anonymous_32)","line":445,"loc":{"start":{"line":445,"column":29},"end":{"line":446,"column":4}}},"33":{"name":"(anonymous_33)","line":453,"loc":{"start":{"line":453,"column":34},"end":{"line":454,"column":8}}},"34":{"name":"(anonymous_34)","line":461,"loc":{"start":{"line":461,"column":34},"end":{"line":462,"column":12}}},"35":{"name":"(anonymous_35)","line":469,"loc":{"start":{"line":469,"column":38},"end":{"line":470,"column":16}}},"36":{"name":"(anonymous_36)","line":492,"loc":{"start":{"line":492,"column":22},"end":{"line":493,"column":4}}},"37":{"name":"(anonymous_37)","line":523,"loc":{"start":{"line":523,"column":12},"end":{"line":524,"column":12}}},"38":{"name":"(anonymous_38)","line":549,"loc":{"start":{"line":549,"column":32},"end":{"line":550,"column":4}}},"39":{"name":"(anonymous_39)","line":555,"loc":{"start":{"line":555,"column":28},"end":{"line":556,"column":4}}},"40":{"name":"(anonymous_40)","line":561,"loc":{"start":{"line":561,"column":30},"end":{"line":562,"column":4}}},"41":{"name":"(anonymous_41)","line":625,"loc":{"start":{"line":625,"column":30},"end":{"line":626,"column":4}}},"42":{"name":"(anonymous_42)","line":697,"loc":{"start":{"line":697,"column":27},"end":{"line":698,"column":4}}},"43":{"name":"(anonymous_43)","line":734,"loc":{"start":{"line":734,"column":29},"end":{"line":735,"column":4}}},"44":{"name":"(anonymous_44)","line":790,"loc":{"start":{"line":790,"column":16},"end":{"line":791,"column":4}}},"45":{"name":"(anonymous_45)","line":809,"loc":{"start":{"line":809,"column":21},"end":{"line":810,"column":0}}},"46":{"name":"(anonymous_46)","line":823,"loc":{"start":{"line":823,"column":22},"end":{"line":824,"column":0}}},"47":{"name":"(anonymous_47)","line":874,"loc":{"start":{"line":874,"column":28},"end":{"line":874,"column":40}}},"48":{"name":"(anonymous_48)","line":875,"loc":{"start":{"line":875,"column":12},"end":{"line":876,"column":12}}},"49":{"name":"(anonymous_49)","line":897,"loc":{"start":{"line":897,"column":32},"end":{"line":898,"column":0}}},"50":{"name":"(anonymous_50)","line":905,"loc":{"start":{"line":905,"column":28},"end":{"line":906,"column":0}}},"51":{"name":"(anonymous_51)","line":911,"loc":{"start":{"line":911,"column":30},"end":{"line":912,"column":0}}},"52":{"name":"(anonymous_52)","line":955,"loc":{"start":{"line":955,"column":33},"end":{"line":956,"column":12}}},"53":{"name":"(anonymous_53)","line":1002,"loc":{"start":{"line":1002,"column":30},"end":{"line":1003,"column":0}}},"54":{"name":"(anonymous_54)","line":1033,"loc":{"start":{"line":1033,"column":36},"end":{"line":1034,"column":12}}},"55":{"name":"(anonymous_55)","line":1081,"loc":{"start":{"line":1081,"column":27},"end":{"line":1082,"column":0}}},"56":{"name":"(anonymous_56)","line":1123,"loc":{"start":{"line":1123,"column":29},"end":{"line":1124,"column":0}}}},"statementMap":{"1":{"start":{"line":22,"column":0},"end":{"line":40,"column":2}},"2":{"start":{"line":31,"column":4},"end":{"line":31,"column":26}},"3":{"start":{"line":33,"column":4},"end":{"line":33,"column":28}},"4":{"start":{"line":35,"column":4},"end":{"line":35,"column":22}},"5":{"start":{"line":36,"column":4},"end":{"line":36,"column":47}},"6":{"start":{"line":37,"column":4},"end":{"line":37,"column":49}},"7":{"start":{"line":38,"column":4},"end":{"line":38,"column":45}},"8":{"start":{"line":39,"column":4},"end":{"line":39,"column":41}},"9":{"start":{"line":42,"column":0},"end":{"line":84,"column":2}},"10":{"start":{"line":46,"column":4},"end":{"line":50,"column":5}},"11":{"start":{"line":48,"column":8},"end":{"line":48,"column":21}},"12":{"start":{"line":49,"column":8},"end":{"line":49,"column":21}},"13":{"start":{"line":52,"column":4},"end":{"line":56,"column":5}},"14":{"start":{"line":54,"column":8},"end":{"line":54,"column":17}},"15":{"start":{"line":55,"column":8},"end":{"line":55,"column":24}},"16":{"start":{"line":58,"column":4},"end":{"line":62,"column":5}},"17":{"start":{"line":60,"column":8},"end":{"line":60,"column":21}},"18":{"start":{"line":61,"column":8},"end":{"line":61,"column":23}},"19":{"start":{"line":64,"column":4},"end":{"line":65,"column":45}},"20":{"start":{"line":67,"column":4},"end":{"line":81,"column":7}},"21":{"start":{"line":69,"column":8},"end":{"line":73,"column":9}},"22":{"start":{"line":71,"column":12},"end":{"line":71,"column":20}},"23":{"start":{"line":72,"column":12},"end":{"line":72,"column":19}},"24":{"start":{"line":75,"column":8},"end":{"line":75,"column":31}},"25":{"start":{"line":77,"column":8},"end":{"line":80,"column":9}},"26":{"start":{"line":79,"column":12},"end":{"line":79,"column":28}},"27":{"start":{"line":83,"column":4},"end":{"line":83,"column":17}},"28":{"start":{"line":86,"column":0},"end":{"line":90,"column":2}},"29":{"start":{"line":89,"column":4},"end":{"line":89,"column":13}},"30":{"start":{"line":92,"column":0},"end":{"line":96,"column":2}},"31":{"start":{"line":95,"column":4},"end":{"line":95,"column":28}},"32":{"start":{"line":98,"column":0},"end":{"line":102,"column":2}},"33":{"start":{"line":101,"column":4},"end":{"line":101,"column":20}},"34":{"start":{"line":104,"column":0},"end":{"line":115,"column":2}},"35":{"start":{"line":108,"column":4},"end":{"line":112,"column":5}},"36":{"start":{"line":110,"column":8},"end":{"line":110,"column":44}},"37":{"start":{"line":111,"column":8},"end":{"line":111,"column":21}},"38":{"start":{"line":114,"column":4},"end":{"line":114,"column":16}},"39":{"start":{"line":117,"column":0},"end":{"line":204,"column":2}},"40":{"start":{"line":124,"column":4},"end":{"line":141,"column":6}},"41":{"start":{"line":128,"column":8},"end":{"line":135,"column":9}},"42":{"start":{"line":130,"column":12},"end":{"line":130,"column":30}},"43":{"start":{"line":134,"column":12},"end":{"line":134,"column":85}},"44":{"start":{"line":140,"column":8},"end":{"line":140,"column":61}},"45":{"start":{"line":143,"column":4},"end":{"line":158,"column":5}},"46":{"start":{"line":145,"column":8},"end":{"line":145,"column":64}},"47":{"start":{"line":146,"column":8},"end":{"line":146,"column":24}},"48":{"start":{"line":147,"column":8},"end":{"line":147,"column":21}},"49":{"start":{"line":148,"column":8},"end":{"line":148,"column":27}},"50":{"start":{"line":149,"column":8},"end":{"line":149,"column":54}},"51":{"start":{"line":153,"column":8},"end":{"line":153,"column":64}},"52":{"start":{"line":154,"column":8},"end":{"line":154,"column":30}},"53":{"start":{"line":155,"column":8},"end":{"line":155,"column":18}},"54":{"start":{"line":156,"column":8},"end":{"line":156,"column":24}},"55":{"start":{"line":157,"column":8},"end":{"line":157,"column":30}},"56":{"start":{"line":160,"column":4},"end":{"line":203,"column":5}},"57":{"start":{"line":162,"column":8},"end":{"line":198,"column":9}},"58":{"start":{"line":164,"column":12},"end":{"line":191,"column":15}},"59":{"start":{"line":166,"column":16},"end":{"line":190,"column":17}},"60":{"start":{"line":168,"column":20},"end":{"line":168,"column":37}},"61":{"start":{"line":170,"column":21},"end":{"line":190,"column":17}},"62":{"start":{"line":172,"column":20},"end":{"line":185,"column":23}},"63":{"start":{"line":174,"column":24},"end":{"line":184,"column":25}},"64":{"start":{"line":176,"column":28},"end":{"line":176,"column":45}},"65":{"start":{"line":180,"column":28},"end":{"line":183,"column":31}},"66":{"start":{"line":182,"column":32},"end":{"line":182,"column":74}},"67":{"start":{"line":189,"column":20},"end":{"line":189,"column":44}},"68":{"start":{"line":193,"column":12},"end":{"line":193,"column":46}},"69":{"start":{"line":197,"column":12},"end":{"line":197,"column":42}},"70":{"start":{"line":202,"column":8},"end":{"line":202,"column":33}},"71":{"start":{"line":206,"column":0},"end":{"line":252,"column":2}},"72":{"start":{"line":210,"column":4},"end":{"line":251,"column":5}},"73":{"start":{"line":212,"column":8},"end":{"line":246,"column":9}},"74":{"start":{"line":214,"column":12},"end":{"line":215,"column":72}},"75":{"start":{"line":217,"column":12},"end":{"line":237,"column":15}},"76":{"start":{"line":219,"column":16},"end":{"line":236,"column":17}},"77":{"start":{"line":221,"column":20},"end":{"line":221,"column":37}},"78":{"start":{"line":225,"column":20},"end":{"line":235,"column":23}},"79":{"start":{"line":227,"column":24},"end":{"line":234,"column":25}},"80":{"start":{"line":229,"column":28},"end":{"line":229,"column":45}},"81":{"start":{"line":233,"column":28},"end":{"line":233,"column":56}},"82":{"start":{"line":239,"column":12},"end":{"line":239,"column":45}},"83":{"start":{"line":241,"column":12},"end":{"line":241,"column":46}},"84":{"start":{"line":245,"column":12},"end":{"line":245,"column":39}},"85":{"start":{"line":250,"column":8},"end":{"line":250,"column":38}},"86":{"start":{"line":254,"column":0},"end":{"line":338,"column":2}},"87":{"start":{"line":258,"column":4},"end":{"line":275,"column":6}},"88":{"start":{"line":262,"column":8},"end":{"line":269,"column":9}},"89":{"start":{"line":264,"column":12},"end":{"line":264,"column":30}},"90":{"start":{"line":268,"column":12},"end":{"line":268,"column":82}},"91":{"start":{"line":274,"column":8},"end":{"line":274,"column":58}},"92":{"start":{"line":277,"column":4},"end":{"line":292,"column":5}},"93":{"start":{"line":279,"column":8},"end":{"line":279,"column":64}},"94":{"start":{"line":280,"column":8},"end":{"line":280,"column":24}},"95":{"start":{"line":281,"column":8},"end":{"line":281,"column":21}},"96":{"start":{"line":282,"column":8},"end":{"line":282,"column":24}},"97":{"start":{"line":283,"column":8},"end":{"line":283,"column":51}},"98":{"start":{"line":287,"column":8},"end":{"line":287,"column":64}},"99":{"start":{"line":288,"column":8},"end":{"line":288,"column":30}},"100":{"start":{"line":289,"column":8},"end":{"line":289,"column":18}},"101":{"start":{"line":290,"column":8},"end":{"line":290,"column":24}},"102":{"start":{"line":291,"column":8},"end":{"line":291,"column":24}},"103":{"start":{"line":294,"column":4},"end":{"line":337,"column":5}},"104":{"start":{"line":296,"column":8},"end":{"line":332,"column":9}},"105":{"start":{"line":298,"column":12},"end":{"line":325,"column":15}},"106":{"start":{"line":300,"column":16},"end":{"line":324,"column":17}},"107":{"start":{"line":302,"column":20},"end":{"line":302,"column":37}},"108":{"start":{"line":304,"column":21},"end":{"line":324,"column":17}},"109":{"start":{"line":306,"column":20},"end":{"line":319,"column":23}},"110":{"start":{"line":308,"column":24},"end":{"line":318,"column":25}},"111":{"start":{"line":310,"column":28},"end":{"line":310,"column":45}},"112":{"start":{"line":314,"column":28},"end":{"line":317,"column":31}},"113":{"start":{"line":316,"column":32},"end":{"line":316,"column":71}},"114":{"start":{"line":323,"column":20},"end":{"line":323,"column":41}},"115":{"start":{"line":327,"column":12},"end":{"line":327,"column":46}},"116":{"start":{"line":331,"column":12},"end":{"line":331,"column":36}},"117":{"start":{"line":336,"column":8},"end":{"line":336,"column":30}},"118":{"start":{"line":340,"column":0},"end":{"line":386,"column":2}},"119":{"start":{"line":344,"column":4},"end":{"line":385,"column":5}},"120":{"start":{"line":346,"column":8},"end":{"line":380,"column":9}},"121":{"start":{"line":348,"column":12},"end":{"line":349,"column":72}},"122":{"start":{"line":351,"column":12},"end":{"line":371,"column":15}},"123":{"start":{"line":353,"column":16},"end":{"line":370,"column":17}},"124":{"start":{"line":355,"column":20},"end":{"line":355,"column":37}},"125":{"start":{"line":359,"column":20},"end":{"line":369,"column":23}},"126":{"start":{"line":361,"column":24},"end":{"line":368,"column":25}},"127":{"start":{"line":363,"column":28},"end":{"line":363,"column":45}},"128":{"start":{"line":367,"column":28},"end":{"line":367,"column":55}},"129":{"start":{"line":373,"column":12},"end":{"line":373,"column":45}},"130":{"start":{"line":375,"column":12},"end":{"line":375,"column":46}},"131":{"start":{"line":379,"column":12},"end":{"line":379,"column":38}},"132":{"start":{"line":384,"column":8},"end":{"line":384,"column":38}},"133":{"start":{"line":388,"column":0},"end":{"line":437,"column":2}},"134":{"start":{"line":392,"column":4},"end":{"line":396,"column":5}},"135":{"start":{"line":394,"column":8},"end":{"line":394,"column":15}},"136":{"start":{"line":395,"column":8},"end":{"line":395,"column":18}},"137":{"start":{"line":398,"column":4},"end":{"line":398,"column":20}},"138":{"start":{"line":400,"column":4},"end":{"line":436,"column":7}},"139":{"start":{"line":402,"column":8},"end":{"line":406,"column":9}},"140":{"start":{"line":404,"column":12},"end":{"line":404,"column":19}},"141":{"start":{"line":405,"column":12},"end":{"line":405,"column":19}},"142":{"start":{"line":408,"column":8},"end":{"line":435,"column":11}},"143":{"start":{"line":410,"column":12},"end":{"line":414,"column":13}},"144":{"start":{"line":412,"column":16},"end":{"line":412,"column":23}},"145":{"start":{"line":413,"column":16},"end":{"line":413,"column":23}},"146":{"start":{"line":416,"column":12},"end":{"line":434,"column":15}},"147":{"start":{"line":418,"column":16},"end":{"line":422,"column":17}},"148":{"start":{"line":420,"column":20},"end":{"line":420,"column":27}},"149":{"start":{"line":421,"column":20},"end":{"line":421,"column":27}},"150":{"start":{"line":424,"column":16},"end":{"line":433,"column":19}},"151":{"start":{"line":426,"column":20},"end":{"line":430,"column":21}},"152":{"start":{"line":428,"column":24},"end":{"line":428,"column":31}},"153":{"start":{"line":429,"column":24},"end":{"line":429,"column":31}},"154":{"start":{"line":432,"column":20},"end":{"line":432,"column":39}},"155":{"start":{"line":439,"column":0},"end":{"line":482,"column":2}},"156":{"start":{"line":443,"column":4},"end":{"line":443,"column":20}},"157":{"start":{"line":445,"column":4},"end":{"line":481,"column":7}},"158":{"start":{"line":447,"column":8},"end":{"line":451,"column":9}},"159":{"start":{"line":449,"column":12},"end":{"line":449,"column":19}},"160":{"start":{"line":450,"column":12},"end":{"line":450,"column":19}},"161":{"start":{"line":453,"column":8},"end":{"line":480,"column":11}},"162":{"start":{"line":455,"column":12},"end":{"line":459,"column":13}},"163":{"start":{"line":457,"column":16},"end":{"line":457,"column":23}},"164":{"start":{"line":458,"column":16},"end":{"line":458,"column":23}},"165":{"start":{"line":461,"column":12},"end":{"line":479,"column":15}},"166":{"start":{"line":463,"column":16},"end":{"line":467,"column":17}},"167":{"start":{"line":465,"column":20},"end":{"line":465,"column":27}},"168":{"start":{"line":466,"column":20},"end":{"line":466,"column":27}},"169":{"start":{"line":469,"column":16},"end":{"line":478,"column":19}},"170":{"start":{"line":471,"column":20},"end":{"line":475,"column":21}},"171":{"start":{"line":473,"column":24},"end":{"line":473,"column":31}},"172":{"start":{"line":474,"column":24},"end":{"line":474,"column":31}},"173":{"start":{"line":477,"column":20},"end":{"line":477,"column":43}},"174":{"start":{"line":484,"column":0},"end":{"line":484,"column":14}},"175":{"start":{"line":486,"column":0},"end":{"line":807,"column":1}},"176":{"start":{"line":488,"column":4},"end":{"line":490,"column":66}},"177":{"start":{"line":492,"column":4},"end":{"line":547,"column":6}},"178":{"start":{"line":496,"column":8},"end":{"line":546,"column":9}},"179":{"start":{"line":499,"column":12},"end":{"line":506,"column":13}},"180":{"start":{"line":501,"column":16},"end":{"line":501,"column":56}},"181":{"start":{"line":503,"column":17},"end":{"line":506,"column":13}},"182":{"start":{"line":505,"column":16},"end":{"line":505,"column":61}},"183":{"start":{"line":508,"column":12},"end":{"line":508,"column":26}},"184":{"start":{"line":510,"column":13},"end":{"line":546,"column":9}},"185":{"start":{"line":512,"column":12},"end":{"line":513,"column":21}},"186":{"start":{"line":515,"column":12},"end":{"line":520,"column":13}},"187":{"start":{"line":517,"column":16},"end":{"line":517,"column":49}},"188":{"start":{"line":518,"column":16},"end":{"line":518,"column":34}},"189":{"start":{"line":519,"column":16},"end":{"line":519,"column":37}},"190":{"start":{"line":522,"column":12},"end":{"line":541,"column":15}},"191":{"start":{"line":525,"column":16},"end":{"line":529,"column":17}},"192":{"start":{"line":527,"column":20},"end":{"line":527,"column":28}},"193":{"start":{"line":528,"column":20},"end":{"line":528,"column":27}},"194":{"start":{"line":531,"column":16},"end":{"line":534,"column":17}},"195":{"start":{"line":533,"column":20},"end":{"line":533,"column":38}},"196":{"start":{"line":536,"column":16},"end":{"line":540,"column":19}},"197":{"start":{"line":545,"column":12},"end":{"line":545,"column":26}},"198":{"start":{"line":549,"column":4},"end":{"line":553,"column":6}},"199":{"start":{"line":552,"column":8},"end":{"line":552,"column":83}},"200":{"start":{"line":555,"column":4},"end":{"line":559,"column":6}},"201":{"start":{"line":558,"column":8},"end":{"line":558,"column":76}},"202":{"start":{"line":561,"column":4},"end":{"line":623,"column":6}},"203":{"start":{"line":565,"column":8},"end":{"line":566,"column":53}},"204":{"start":{"line":568,"column":8},"end":{"line":620,"column":9}},"205":{"start":{"line":570,"column":12},"end":{"line":574,"column":13}},"206":{"start":{"line":572,"column":16},"end":{"line":572,"column":23}},"207":{"start":{"line":573,"column":16},"end":{"line":573,"column":26}},"208":{"start":{"line":576,"column":12},"end":{"line":580,"column":13}},"209":{"start":{"line":578,"column":16},"end":{"line":578,"column":64}},"210":{"start":{"line":579,"column":16},"end":{"line":579,"column":23}},"211":{"start":{"line":582,"column":12},"end":{"line":590,"column":13}},"212":{"start":{"line":584,"column":16},"end":{"line":584,"column":59}},"213":{"start":{"line":585,"column":16},"end":{"line":585,"column":95}},"214":{"start":{"line":589,"column":16},"end":{"line":589,"column":47}},"215":{"start":{"line":592,"column":12},"end":{"line":592,"column":58}},"216":{"start":{"line":593,"column":12},"end":{"line":593,"column":41}},"217":{"start":{"line":595,"column":12},"end":{"line":595,"column":67}},"218":{"start":{"line":596,"column":12},"end":{"line":596,"column":52}},"219":{"start":{"line":598,"column":12},"end":{"line":598,"column":41}},"220":{"start":{"line":600,"column":12},"end":{"line":605,"column":13}},"221":{"start":{"line":602,"column":16},"end":{"line":604,"column":59}},"222":{"start":{"line":607,"column":12},"end":{"line":607,"column":58}},"223":{"start":{"line":609,"column":12},"end":{"line":609,"column":44}},"224":{"start":{"line":611,"column":12},"end":{"line":614,"column":13}},"225":{"start":{"line":613,"column":16},"end":{"line":613,"column":71}},"226":{"start":{"line":618,"column":12},"end":{"line":618,"column":29}},"227":{"start":{"line":619,"column":12},"end":{"line":619,"column":19}},"228":{"start":{"line":622,"column":8},"end":{"line":622,"column":96}},"229":{"start":{"line":625,"column":4},"end":{"line":695,"column":6}},"230":{"start":{"line":629,"column":8},"end":{"line":629,"column":40}},"231":{"start":{"line":631,"column":8},"end":{"line":692,"column":9}},"232":{"start":{"line":633,"column":12},"end":{"line":636,"column":13}},"233":{"start":{"line":635,"column":16},"end":{"line":635,"column":23}},"234":{"start":{"line":638,"column":12},"end":{"line":650,"column":13}},"235":{"start":{"line":640,"column":16},"end":{"line":640,"column":100}},"236":{"start":{"line":642,"column":17},"end":{"line":650,"column":13}},"237":{"start":{"line":644,"column":16},"end":{"line":644,"column":47}},"238":{"start":{"line":648,"column":16},"end":{"line":648,"column":63}},"239":{"start":{"line":649,"column":16},"end":{"line":649,"column":23}},"240":{"start":{"line":652,"column":12},"end":{"line":655,"column":51}},"241":{"start":{"line":656,"column":12},"end":{"line":656,"column":54}},"242":{"start":{"line":658,"column":12},"end":{"line":658,"column":57}},"243":{"start":{"line":660,"column":12},"end":{"line":667,"column":13}},"244":{"start":{"line":662,"column":16},"end":{"line":662,"column":71}},"245":{"start":{"line":666,"column":16},"end":{"line":666,"column":65}},"246":{"start":{"line":669,"column":12},"end":{"line":684,"column":13}},"247":{"start":{"line":671,"column":16},"end":{"line":671,"column":49}},"248":{"start":{"line":673,"column":16},"end":{"line":679,"column":17}},"249":{"start":{"line":677,"column":20},"end":{"line":677,"column":52}},"250":{"start":{"line":678,"column":20},"end":{"line":678,"column":27}},"251":{"start":{"line":683,"column":16},"end":{"line":683,"column":30}},"252":{"start":{"line":686,"column":12},"end":{"line":686,"column":38}},"253":{"start":{"line":690,"column":12},"end":{"line":690,"column":29}},"254":{"start":{"line":691,"column":12},"end":{"line":691,"column":19}},"255":{"start":{"line":694,"column":8},"end":{"line":694,"column":34}},"256":{"start":{"line":697,"column":4},"end":{"line":732,"column":6}},"257":{"start":{"line":701,"column":8},"end":{"line":701,"column":29}},"258":{"start":{"line":703,"column":8},"end":{"line":729,"column":9}},"259":{"start":{"line":705,"column":12},"end":{"line":705,"column":41}},"260":{"start":{"line":707,"column":12},"end":{"line":721,"column":13}},"261":{"start":{"line":709,"column":16},"end":{"line":709,"column":110}},"262":{"start":{"line":711,"column":17},"end":{"line":721,"column":13}},"263":{"start":{"line":713,"column":16},"end":{"line":715,"column":42}},"264":{"start":{"line":719,"column":16},"end":{"line":719,"column":60}},"265":{"start":{"line":720,"column":16},"end":{"line":720,"column":23}},"266":{"start":{"line":723,"column":12},"end":{"line":723,"column":45}},"267":{"start":{"line":727,"column":12},"end":{"line":727,"column":29}},"268":{"start":{"line":728,"column":12},"end":{"line":728,"column":19}},"269":{"start":{"line":731,"column":8},"end":{"line":731,"column":96}},"270":{"start":{"line":734,"column":4},"end":{"line":788,"column":6}},"271":{"start":{"line":738,"column":8},"end":{"line":738,"column":32}},"272":{"start":{"line":740,"column":8},"end":{"line":785,"column":9}},"273":{"start":{"line":742,"column":12},"end":{"line":745,"column":13}},"274":{"start":{"line":744,"column":16},"end":{"line":744,"column":23}},"275":{"start":{"line":747,"column":12},"end":{"line":747,"column":52}},"276":{"start":{"line":749,"column":12},"end":{"line":753,"column":13}},"277":{"start":{"line":751,"column":16},"end":{"line":751,"column":63}},"278":{"start":{"line":752,"column":16},"end":{"line":752,"column":23}},"279":{"start":{"line":755,"column":12},"end":{"line":769,"column":13}},"280":{"start":{"line":757,"column":16},"end":{"line":762,"column":56}},"281":{"start":{"line":766,"column":16},"end":{"line":768,"column":61}},"282":{"start":{"line":771,"column":12},"end":{"line":779,"column":13}},"283":{"start":{"line":773,"column":16},"end":{"line":773,"column":42}},"284":{"start":{"line":777,"column":16},"end":{"line":777,"column":48}},"285":{"start":{"line":778,"column":16},"end":{"line":778,"column":23}},"286":{"start":{"line":783,"column":12},"end":{"line":783,"column":29}},"287":{"start":{"line":784,"column":12},"end":{"line":784,"column":19}},"288":{"start":{"line":787,"column":8},"end":{"line":787,"column":34}},"289":{"start":{"line":790,"column":4},"end":{"line":794,"column":6}},"290":{"start":{"line":793,"column":8},"end":{"line":793,"column":37}},"291":{"start":{"line":796,"column":4},"end":{"line":796,"column":32}},"292":{"start":{"line":797,"column":4},"end":{"line":797,"column":46}},"293":{"start":{"line":798,"column":4},"end":{"line":798,"column":48}},"294":{"start":{"line":799,"column":4},"end":{"line":799,"column":58}},"295":{"start":{"line":800,"column":4},"end":{"line":800,"column":66}},"296":{"start":{"line":802,"column":4},"end":{"line":802,"column":57}},"297":{"start":{"line":806,"column":4},"end":{"line":806,"column":22}},"298":{"start":{"line":809,"column":0},"end":{"line":821,"column":2}},"299":{"start":{"line":813,"column":4},"end":{"line":813,"column":18}},"300":{"start":{"line":815,"column":4},"end":{"line":818,"column":5}},"301":{"start":{"line":817,"column":8},"end":{"line":817,"column":32}},"302":{"start":{"line":820,"column":4},"end":{"line":820,"column":13}},"303":{"start":{"line":823,"column":0},"end":{"line":895,"column":2}},"304":{"start":{"line":827,"column":4},"end":{"line":827,"column":30}},"305":{"start":{"line":829,"column":4},"end":{"line":894,"column":5}},"306":{"start":{"line":831,"column":8},"end":{"line":848,"column":9}},"307":{"start":{"line":833,"column":12},"end":{"line":839,"column":13}},"308":{"start":{"line":835,"column":16},"end":{"line":835,"column":39}},"309":{"start":{"line":836,"column":16},"end":{"line":836,"column":56}},"310":{"start":{"line":837,"column":16},"end":{"line":837,"column":34}},"311":{"start":{"line":838,"column":16},"end":{"line":838,"column":23}},"312":{"start":{"line":841,"column":12},"end":{"line":847,"column":13}},"313":{"start":{"line":843,"column":16},"end":{"line":843,"column":39}},"314":{"start":{"line":844,"column":16},"end":{"line":844,"column":57}},"315":{"start":{"line":845,"column":16},"end":{"line":845,"column":34}},"316":{"start":{"line":846,"column":16},"end":{"line":846,"column":23}},"317":{"start":{"line":850,"column":8},"end":{"line":850,"column":38}},"318":{"start":{"line":852,"column":9},"end":{"line":894,"column":5}},"319":{"start":{"line":854,"column":8},"end":{"line":854,"column":24}},"320":{"start":{"line":856,"column":8},"end":{"line":861,"column":9}},"321":{"start":{"line":858,"column":12},"end":{"line":858,"column":45}},"322":{"start":{"line":859,"column":12},"end":{"line":859,"column":48}},"323":{"start":{"line":860,"column":12},"end":{"line":860,"column":87}},"324":{"start":{"line":863,"column":8},"end":{"line":866,"column":9}},"325":{"start":{"line":865,"column":12},"end":{"line":865,"column":35}},"326":{"start":{"line":868,"column":8},"end":{"line":871,"column":46}},"327":{"start":{"line":873,"column":8},"end":{"line":889,"column":15}},"328":{"start":{"line":874,"column":42},"end":{"line":874,"column":59}},"329":{"start":{"line":877,"column":16},"end":{"line":877,"column":34}},"330":{"start":{"line":879,"column":16},"end":{"line":882,"column":17}},"331":{"start":{"line":881,"column":20},"end":{"line":881,"column":71}},"332":{"start":{"line":884,"column":16},"end":{"line":888,"column":19}},"333":{"start":{"line":893,"column":8},"end":{"line":893,"column":22}},"334":{"start":{"line":897,"column":0},"end":{"line":903,"column":2}},"335":{"start":{"line":902,"column":4},"end":{"line":902,"column":89}},"336":{"start":{"line":905,"column":0},"end":{"line":909,"column":2}},"337":{"start":{"line":908,"column":4},"end":{"line":908,"column":83}},"338":{"start":{"line":911,"column":0},"end":{"line":1000,"column":2}},"339":{"start":{"line":915,"column":4},"end":{"line":915,"column":42}},"340":{"start":{"line":917,"column":4},"end":{"line":997,"column":5}},"341":{"start":{"line":919,"column":8},"end":{"line":923,"column":9}},"342":{"start":{"line":921,"column":12},"end":{"line":921,"column":19}},"343":{"start":{"line":922,"column":12},"end":{"line":922,"column":22}},"344":{"start":{"line":925,"column":8},"end":{"line":929,"column":9}},"345":{"start":{"line":927,"column":12},"end":{"line":927,"column":60}},"346":{"start":{"line":928,"column":12},"end":{"line":928,"column":19}},"347":{"start":{"line":931,"column":8},"end":{"line":940,"column":9}},"348":{"start":{"line":933,"column":12},"end":{"line":933,"column":55}},"349":{"start":{"line":934,"column":12},"end":{"line":934,"column":51}},"350":{"start":{"line":935,"column":12},"end":{"line":935,"column":142}},"351":{"start":{"line":939,"column":12},"end":{"line":939,"column":47}},"352":{"start":{"line":942,"column":8},"end":{"line":946,"column":9}},"353":{"start":{"line":944,"column":12},"end":{"line":944,"column":48}},"354":{"start":{"line":945,"column":12},"end":{"line":945,"column":46}},"355":{"start":{"line":948,"column":8},"end":{"line":948,"column":94}},"356":{"start":{"line":950,"column":8},"end":{"line":950,"column":37}},"357":{"start":{"line":952,"column":8},"end":{"line":959,"column":9}},"358":{"start":{"line":954,"column":12},"end":{"line":954,"column":58}},"359":{"start":{"line":955,"column":12},"end":{"line":958,"column":14}},"360":{"start":{"line":957,"column":16},"end":{"line":957,"column":28}},"361":{"start":{"line":961,"column":8},"end":{"line":973,"column":9}},"362":{"start":{"line":963,"column":12},"end":{"line":966,"column":13}},"363":{"start":{"line":965,"column":16},"end":{"line":965,"column":65}},"364":{"start":{"line":968,"column":12},"end":{"line":968,"column":63}},"365":{"start":{"line":970,"column":13},"end":{"line":973,"column":9}},"366":{"start":{"line":972,"column":12},"end":{"line":972,"column":42}},"367":{"start":{"line":975,"column":8},"end":{"line":989,"column":9}},"368":{"start":{"line":977,"column":12},"end":{"line":981,"column":20}},"369":{"start":{"line":985,"column":12},"end":{"line":988,"column":13}},"370":{"start":{"line":987,"column":16},"end":{"line":987,"column":62}},"371":{"start":{"line":991,"column":8},"end":{"line":991,"column":70}},"372":{"start":{"line":995,"column":8},"end":{"line":995,"column":25}},"373":{"start":{"line":996,"column":8},"end":{"line":996,"column":15}},"374":{"start":{"line":999,"column":4},"end":{"line":999,"column":96}},"375":{"start":{"line":1002,"column":0},"end":{"line":1079,"column":2}},"376":{"start":{"line":1006,"column":4},"end":{"line":1006,"column":30}},"377":{"start":{"line":1008,"column":4},"end":{"line":1076,"column":5}},"378":{"start":{"line":1010,"column":8},"end":{"line":1013,"column":9}},"379":{"start":{"line":1012,"column":12},"end":{"line":1012,"column":19}},"380":{"start":{"line":1015,"column":8},"end":{"line":1019,"column":9}},"381":{"start":{"line":1017,"column":12},"end":{"line":1017,"column":59}},"382":{"start":{"line":1018,"column":12},"end":{"line":1018,"column":19}},"383":{"start":{"line":1021,"column":8},"end":{"line":1028,"column":9}},"384":{"start":{"line":1023,"column":12},"end":{"line":1023,"column":101}},"385":{"start":{"line":1027,"column":12},"end":{"line":1027,"column":47}},"386":{"start":{"line":1030,"column":8},"end":{"line":1037,"column":9}},"387":{"start":{"line":1032,"column":12},"end":{"line":1032,"column":64}},"388":{"start":{"line":1033,"column":12},"end":{"line":1036,"column":14}},"389":{"start":{"line":1035,"column":16},"end":{"line":1035,"column":28}},"390":{"start":{"line":1039,"column":8},"end":{"line":1053,"column":9}},"391":{"start":{"line":1041,"column":12},"end":{"line":1045,"column":59}},"392":{"start":{"line":1049,"column":12},"end":{"line":1052,"column":13}},"393":{"start":{"line":1051,"column":16},"end":{"line":1051,"column":68}},"394":{"start":{"line":1055,"column":8},"end":{"line":1068,"column":9}},"395":{"start":{"line":1057,"column":12},"end":{"line":1057,"column":46}},"396":{"start":{"line":1059,"column":12},"end":{"line":1063,"column":13}},"397":{"start":{"line":1061,"column":16},"end":{"line":1061,"column":48}},"398":{"start":{"line":1062,"column":16},"end":{"line":1062,"column":23}},"399":{"start":{"line":1067,"column":12},"end":{"line":1067,"column":26}},"400":{"start":{"line":1070,"column":8},"end":{"line":1070,"column":34}},"401":{"start":{"line":1074,"column":8},"end":{"line":1074,"column":25}},"402":{"start":{"line":1075,"column":8},"end":{"line":1075,"column":15}},"403":{"start":{"line":1078,"column":4},"end":{"line":1078,"column":30}},"404":{"start":{"line":1081,"column":0},"end":{"line":1121,"column":2}},"405":{"start":{"line":1085,"column":4},"end":{"line":1085,"column":25}},"406":{"start":{"line":1087,"column":4},"end":{"line":1118,"column":5}},"407":{"start":{"line":1089,"column":8},"end":{"line":1093,"column":9}},"408":{"start":{"line":1091,"column":12},"end":{"line":1091,"column":56}},"409":{"start":{"line":1092,"column":12},"end":{"line":1092,"column":19}},"410":{"start":{"line":1095,"column":8},"end":{"line":1095,"column":37}},"411":{"start":{"line":1097,"column":8},"end":{"line":1100,"column":9}},"412":{"start":{"line":1099,"column":12},"end":{"line":1099,"column":61}},"413":{"start":{"line":1102,"column":8},"end":{"line":1110,"column":9}},"414":{"start":{"line":1104,"column":12},"end":{"line":1104,"column":67}},"415":{"start":{"line":1108,"column":12},"end":{"line":1109,"column":71}},"416":{"start":{"line":1112,"column":8},"end":{"line":1112,"column":35}},"417":{"start":{"line":1116,"column":8},"end":{"line":1116,"column":25}},"418":{"start":{"line":1117,"column":8},"end":{"line":1117,"column":15}},"419":{"start":{"line":1120,"column":4},"end":{"line":1120,"column":96}},"420":{"start":{"line":1123,"column":0},"end":{"line":1172,"column":2}},"421":{"start":{"line":1127,"column":4},"end":{"line":1127,"column":28}},"422":{"start":{"line":1129,"column":4},"end":{"line":1169,"column":5}},"423":{"start":{"line":1131,"column":8},"end":{"line":1134,"column":9}},"424":{"start":{"line":1133,"column":12},"end":{"line":1133,"column":19}},"425":{"start":{"line":1136,"column":8},"end":{"line":1136,"column":39}},"426":{"start":{"line":1138,"column":8},"end":{"line":1142,"column":9}},"427":{"start":{"line":1140,"column":12},"end":{"line":1140,"column":59}},"428":{"start":{"line":1141,"column":12},"end":{"line":1141,"column":19}},"429":{"start":{"line":1144,"column":8},"end":{"line":1153,"column":9}},"430":{"start":{"line":1146,"column":12},"end":{"line":1146,"column":82}},"431":{"start":{"line":1150,"column":12},"end":{"line":1152,"column":35}},"432":{"start":{"line":1155,"column":8},"end":{"line":1163,"column":9}},"433":{"start":{"line":1157,"column":12},"end":{"line":1157,"column":38}},"434":{"start":{"line":1161,"column":12},"end":{"line":1161,"column":44}},"435":{"start":{"line":1162,"column":12},"end":{"line":1162,"column":19}},"436":{"start":{"line":1167,"column":8},"end":{"line":1167,"column":25}},"437":{"start":{"line":1168,"column":8},"end":{"line":1168,"column":15}},"438":{"start":{"line":1171,"column":4},"end":{"line":1171,"column":30}},"439":{"start":{"line":1174,"column":0},"end":{"line":1178,"column":1}},"440":{"start":{"line":1176,"column":4},"end":{"line":1176,"column":26}},"441":{"start":{"line":1177,"column":4},"end":{"line":1177,"column":34}}},"branchMap":{"1":{"line":33,"type":"binary-expr","locations":[{"start":{"line":33,"column":14},"end":{"line":33,"column":21}},{"start":{"line":33,"column":25},"end":{"line":33,"column":27}}]},"2":{"line":46,"type":"if","locations":[{"start":{"line":46,"column":4},"end":{"line":46,"column":4}},{"start":{"line":46,"column":4},"end":{"line":46,"column":4}}]},"3":{"line":52,"type":"if","locations":[{"start":{"line":52,"column":4},"end":{"line":52,"column":4}},{"start":{"line":52,"column":4},"end":{"line":52,"column":4}}]},"4":{"line":58,"type":"if","locations":[{"start":{"line":58,"column":4},"end":{"line":58,"column":4}},{"start":{"line":58,"column":4},"end":{"line":58,"column":4}}]},"5":{"line":69,"type":"if","locations":[{"start":{"line":69,"column":8},"end":{"line":69,"column":8}},{"start":{"line":69,"column":8},"end":{"line":69,"column":8}}]},"6":{"line":77,"type":"if","locations":[{"start":{"line":77,"column":8},"end":{"line":77,"column":8}},{"start":{"line":77,"column":8},"end":{"line":77,"column":8}}]},"7":{"line":108,"type":"if","locations":[{"start":{"line":108,"column":4},"end":{"line":108,"column":4}},{"start":{"line":108,"column":4},"end":{"line":108,"column":4}}]},"8":{"line":128,"type":"if","locations":[{"start":{"line":128,"column":8},"end":{"line":128,"column":8}},{"start":{"line":128,"column":8},"end":{"line":128,"column":8}}]},"9":{"line":143,"type":"if","locations":[{"start":{"line":143,"column":4},"end":{"line":143,"column":4}},{"start":{"line":143,"column":4},"end":{"line":143,"column":4}}]},"10":{"line":149,"type":"binary-expr","locations":[{"start":{"line":149,"column":19},"end":{"line":149,"column":40}},{"start":{"line":149,"column":45},"end":{"line":149,"column":53}}]},"11":{"line":160,"type":"if","locations":[{"start":{"line":160,"column":4},"end":{"line":160,"column":4}},{"start":{"line":160,"column":4},"end":{"line":160,"column":4}}]},"12":{"line":162,"type":"if","locations":[{"start":{"line":162,"column":8},"end":{"line":162,"column":8}},{"start":{"line":162,"column":8},"end":{"line":162,"column":8}}]},"13":{"line":166,"type":"if","locations":[{"start":{"line":166,"column":16},"end":{"line":166,"column":16}},{"start":{"line":166,"column":16},"end":{"line":166,"column":16}}]},"14":{"line":170,"type":"if","locations":[{"start":{"line":170,"column":21},"end":{"line":170,"column":21}},{"start":{"line":170,"column":21},"end":{"line":170,"column":21}}]},"15":{"line":174,"type":"if","locations":[{"start":{"line":174,"column":24},"end":{"line":174,"column":24}},{"start":{"line":174,"column":24},"end":{"line":174,"column":24}}]},"16":{"line":210,"type":"if","locations":[{"start":{"line":210,"column":4},"end":{"line":210,"column":4}},{"start":{"line":210,"column":4},"end":{"line":210,"column":4}}]},"17":{"line":212,"type":"if","locations":[{"start":{"line":212,"column":8},"end":{"line":212,"column":8}},{"start":{"line":212,"column":8},"end":{"line":212,"column":8}}]},"18":{"line":219,"type":"if","locations":[{"start":{"line":219,"column":16},"end":{"line":219,"column":16}},{"start":{"line":219,"column":16},"end":{"line":219,"column":16}}]},"19":{"line":227,"type":"if","locations":[{"start":{"line":227,"column":24},"end":{"line":227,"column":24}},{"start":{"line":227,"column":24},"end":{"line":227,"column":24}}]},"20":{"line":262,"type":"if","locations":[{"start":{"line":262,"column":8},"end":{"line":262,"column":8}},{"start":{"line":262,"column":8},"end":{"line":262,"column":8}}]},"21":{"line":277,"type":"if","locations":[{"start":{"line":277,"column":4},"end":{"line":277,"column":4}},{"start":{"line":277,"column":4},"end":{"line":277,"column":4}}]},"22":{"line":283,"type":"binary-expr","locations":[{"start":{"line":283,"column":16},"end":{"line":283,"column":37}},{"start":{"line":283,"column":42},"end":{"line":283,"column":50}}]},"23":{"line":294,"type":"if","locations":[{"start":{"line":294,"column":4},"end":{"line":294,"column":4}},{"start":{"line":294,"column":4},"end":{"line":294,"column":4}}]},"24":{"line":296,"type":"if","locations":[{"start":{"line":296,"column":8},"end":{"line":296,"column":8}},{"start":{"line":296,"column":8},"end":{"line":296,"column":8}}]},"25":{"line":300,"type":"if","locations":[{"start":{"line":300,"column":16},"end":{"line":300,"column":16}},{"start":{"line":300,"column":16},"end":{"line":300,"column":16}}]},"26":{"line":304,"type":"if","locations":[{"start":{"line":304,"column":21},"end":{"line":304,"column":21}},{"start":{"line":304,"column":21},"end":{"line":304,"column":21}}]},"27":{"line":308,"type":"if","locations":[{"start":{"line":308,"column":24},"end":{"line":308,"column":24}},{"start":{"line":308,"column":24},"end":{"line":308,"column":24}}]},"28":{"line":344,"type":"if","locations":[{"start":{"line":344,"column":4},"end":{"line":344,"column":4}},{"start":{"line":344,"column":4},"end":{"line":344,"column":4}}]},"29":{"line":346,"type":"if","locations":[{"start":{"line":346,"column":8},"end":{"line":346,"column":8}},{"start":{"line":346,"column":8},"end":{"line":346,"column":8}}]},"30":{"line":353,"type":"if","locations":[{"start":{"line":353,"column":16},"end":{"line":353,"column":16}},{"start":{"line":353,"column":16},"end":{"line":353,"column":16}}]},"31":{"line":361,"type":"if","locations":[{"start":{"line":361,"column":24},"end":{"line":361,"column":24}},{"start":{"line":361,"column":24},"end":{"line":361,"column":24}}]},"32":{"line":392,"type":"if","locations":[{"start":{"line":392,"column":4},"end":{"line":392,"column":4}},{"start":{"line":392,"column":4},"end":{"line":392,"column":4}}]},"33":{"line":402,"type":"if","locations":[{"start":{"line":402,"column":8},"end":{"line":402,"column":8}},{"start":{"line":402,"column":8},"end":{"line":402,"column":8}}]},"34":{"line":410,"type":"if","locations":[{"start":{"line":410,"column":12},"end":{"line":410,"column":12}},{"start":{"line":410,"column":12},"end":{"line":410,"column":12}}]},"35":{"line":418,"type":"if","locations":[{"start":{"line":418,"column":16},"end":{"line":418,"column":16}},{"start":{"line":418,"column":16},"end":{"line":418,"column":16}}]},"36":{"line":426,"type":"if","locations":[{"start":{"line":426,"column":20},"end":{"line":426,"column":20}},{"start":{"line":426,"column":20},"end":{"line":426,"column":20}}]},"37":{"line":447,"type":"if","locations":[{"start":{"line":447,"column":8},"end":{"line":447,"column":8}},{"start":{"line":447,"column":8},"end":{"line":447,"column":8}}]},"38":{"line":455,"type":"if","locations":[{"start":{"line":455,"column":12},"end":{"line":455,"column":12}},{"start":{"line":455,"column":12},"end":{"line":455,"column":12}}]},"39":{"line":463,"type":"if","locations":[{"start":{"line":463,"column":16},"end":{"line":463,"column":16}},{"start":{"line":463,"column":16},"end":{"line":463,"column":16}}]},"40":{"line":471,"type":"if","locations":[{"start":{"line":471,"column":20},"end":{"line":471,"column":20}},{"start":{"line":471,"column":20},"end":{"line":471,"column":20}}]},"41":{"line":486,"type":"if","locations":[{"start":{"line":486,"column":0},"end":{"line":486,"column":0}},{"start":{"line":486,"column":0},"end":{"line":486,"column":0}}]},"42":{"line":496,"type":"if","locations":[{"start":{"line":496,"column":8},"end":{"line":496,"column":8}},{"start":{"line":496,"column":8},"end":{"line":496,"column":8}}]},"43":{"line":496,"type":"binary-expr","locations":[{"start":{"line":496,"column":13},"end":{"line":496,"column":36}},{"start":{"line":497,"column":13},"end":{"line":497,"column":51}}]},"44":{"line":499,"type":"if","locations":[{"start":{"line":499,"column":12},"end":{"line":499,"column":12}},{"start":{"line":499,"column":12},"end":{"line":499,"column":12}}]},"45":{"line":503,"type":"if","locations":[{"start":{"line":503,"column":17},"end":{"line":503,"column":17}},{"start":{"line":503,"column":17},"end":{"line":503,"column":17}}]},"46":{"line":510,"type":"if","locations":[{"start":{"line":510,"column":13},"end":{"line":510,"column":13}},{"start":{"line":510,"column":13},"end":{"line":510,"column":13}}]},"47":{"line":510,"type":"binary-expr","locations":[{"start":{"line":510,"column":17},"end":{"line":510,"column":20}},{"start":{"line":510,"column":24},"end":{"line":510,"column":36}}]},"48":{"line":512,"type":"binary-expr","locations":[{"start":{"line":512,"column":23},"end":{"line":512,"column":31}},{"start":{"line":512,"column":35},"end":{"line":512,"column":64}}]},"49":{"line":515,"type":"if","locations":[{"start":{"line":515,"column":12},"end":{"line":515,"column":12}},{"start":{"line":515,"column":12},"end":{"line":515,"column":12}}]},"50":{"line":525,"type":"if","locations":[{"start":{"line":525,"column":16},"end":{"line":525,"column":16}},{"start":{"line":525,"column":16},"end":{"line":525,"column":16}}]},"51":{"line":531,"type":"if","locations":[{"start":{"line":531,"column":16},"end":{"line":531,"column":16}},{"start":{"line":531,"column":16},"end":{"line":531,"column":16}}]},"52":{"line":552,"type":"cond-expr","locations":[{"start":{"line":552,"column":35},"end":{"line":552,"column":75}},{"start":{"line":552,"column":78},"end":{"line":552,"column":82}}]},"53":{"line":558,"type":"cond-expr","locations":[{"start":{"line":558,"column":35},"end":{"line":558,"column":68}},{"start":{"line":558,"column":71},"end":{"line":558,"column":75}}]},"54":{"line":566,"type":"cond-expr","locations":[{"start":{"line":566,"column":36},"end":{"line":566,"column":41}},{"start":{"line":566,"column":44},"end":{"line":566,"column":52}}]},"55":{"line":570,"type":"if","locations":[{"start":{"line":570,"column":12},"end":{"line":570,"column":12}},{"start":{"line":570,"column":12},"end":{"line":570,"column":12}}]},"56":{"line":576,"type":"if","locations":[{"start":{"line":576,"column":12},"end":{"line":576,"column":12}},{"start":{"line":576,"column":12},"end":{"line":576,"column":12}}]},"57":{"line":582,"type":"if","locations":[{"start":{"line":582,"column":12},"end":{"line":582,"column":12}},{"start":{"line":582,"column":12},"end":{"line":582,"column":12}}]},"58":{"line":589,"type":"binary-expr","locations":[{"start":{"line":589,"column":22},"end":{"line":589,"column":34}},{"start":{"line":589,"column":38},"end":{"line":589,"column":46}}]},"59":{"line":592,"type":"binary-expr","locations":[{"start":{"line":592,"column":17},"end":{"line":592,"column":19}},{"start":{"line":592,"column":23},"end":{"line":592,"column":57}}]},"60":{"line":600,"type":"if","locations":[{"start":{"line":600,"column":12},"end":{"line":600,"column":12}},{"start":{"line":600,"column":12},"end":{"line":600,"column":12}}]},"61":{"line":611,"type":"if","locations":[{"start":{"line":611,"column":12},"end":{"line":611,"column":12}},{"start":{"line":611,"column":12},"end":{"line":611,"column":12}}]},"62":{"line":633,"type":"if","locations":[{"start":{"line":633,"column":12},"end":{"line":633,"column":12}},{"start":{"line":633,"column":12},"end":{"line":633,"column":12}}]},"63":{"line":638,"type":"if","locations":[{"start":{"line":638,"column":12},"end":{"line":638,"column":12}},{"start":{"line":638,"column":12},"end":{"line":638,"column":12}}]},"64":{"line":642,"type":"if","locations":[{"start":{"line":642,"column":17},"end":{"line":642,"column":17}},{"start":{"line":642,"column":17},"end":{"line":642,"column":17}}]},"65":{"line":644,"type":"binary-expr","locations":[{"start":{"line":644,"column":22},"end":{"line":644,"column":34}},{"start":{"line":644,"column":38},"end":{"line":644,"column":46}}]},"66":{"line":660,"type":"if","locations":[{"start":{"line":660,"column":12},"end":{"line":660,"column":12}},{"start":{"line":660,"column":12},"end":{"line":660,"column":12}}]},"67":{"line":669,"type":"if","locations":[{"start":{"line":669,"column":12},"end":{"line":669,"column":12}},{"start":{"line":669,"column":12},"end":{"line":669,"column":12}}]},"68":{"line":673,"type":"if","locations":[{"start":{"line":673,"column":16},"end":{"line":673,"column":16}},{"start":{"line":673,"column":16},"end":{"line":673,"column":16}}]},"69":{"line":707,"type":"if","locations":[{"start":{"line":707,"column":12},"end":{"line":707,"column":12}},{"start":{"line":707,"column":12},"end":{"line":707,"column":12}}]},"70":{"line":711,"type":"if","locations":[{"start":{"line":711,"column":17},"end":{"line":711,"column":17}},{"start":{"line":711,"column":17},"end":{"line":711,"column":17}}]},"71":{"line":713,"type":"binary-expr","locations":[{"start":{"line":713,"column":56},"end":{"line":713,"column":68}},{"start":{"line":713,"column":72},"end":{"line":713,"column":80}}]},"72":{"line":742,"type":"if","locations":[{"start":{"line":742,"column":12},"end":{"line":742,"column":12}},{"start":{"line":742,"column":12},"end":{"line":742,"column":12}}]},"73":{"line":749,"type":"if","locations":[{"start":{"line":749,"column":12},"end":{"line":749,"column":12}},{"start":{"line":749,"column":12},"end":{"line":749,"column":12}}]},"74":{"line":755,"type":"if","locations":[{"start":{"line":755,"column":12},"end":{"line":755,"column":12}},{"start":{"line":755,"column":12},"end":{"line":755,"column":12}}]},"75":{"line":766,"type":"binary-expr","locations":[{"start":{"line":766,"column":52},"end":{"line":766,"column":64}},{"start":{"line":766,"column":68},"end":{"line":766,"column":76}}]},"76":{"line":771,"type":"if","locations":[{"start":{"line":771,"column":12},"end":{"line":771,"column":12}},{"start":{"line":771,"column":12},"end":{"line":771,"column":12}}]},"77":{"line":829,"type":"if","locations":[{"start":{"line":829,"column":4},"end":{"line":829,"column":4}},{"start":{"line":829,"column":4},"end":{"line":829,"column":4}}]},"78":{"line":831,"type":"if","locations":[{"start":{"line":831,"column":8},"end":{"line":831,"column":8}},{"start":{"line":831,"column":8},"end":{"line":831,"column":8}}]},"79":{"line":833,"type":"if","locations":[{"start":{"line":833,"column":12},"end":{"line":833,"column":12}},{"start":{"line":833,"column":12},"end":{"line":833,"column":12}}]},"80":{"line":841,"type":"if","locations":[{"start":{"line":841,"column":12},"end":{"line":841,"column":12}},{"start":{"line":841,"column":12},"end":{"line":841,"column":12}}]},"81":{"line":852,"type":"if","locations":[{"start":{"line":852,"column":9},"end":{"line":852,"column":9}},{"start":{"line":852,"column":9},"end":{"line":852,"column":9}}]},"82":{"line":852,"type":"binary-expr","locations":[{"start":{"line":852,"column":13},"end":{"line":852,"column":16}},{"start":{"line":852,"column":20},"end":{"line":852,"column":32}}]},"83":{"line":856,"type":"if","locations":[{"start":{"line":856,"column":8},"end":{"line":856,"column":8}},{"start":{"line":856,"column":8},"end":{"line":856,"column":8}}]},"84":{"line":863,"type":"if","locations":[{"start":{"line":863,"column":8},"end":{"line":863,"column":8}},{"start":{"line":863,"column":8},"end":{"line":863,"column":8}}]},"85":{"line":874,"type":"binary-expr","locations":[{"start":{"line":874,"column":12},"end":{"line":874,"column":24}},{"start":{"line":874,"column":28},"end":{"line":874,"column":61}}]},"86":{"line":902,"type":"cond-expr","locations":[{"start":{"line":902,"column":31},"end":{"line":902,"column":81}},{"start":{"line":902,"column":84},"end":{"line":902,"column":88}}]},"87":{"line":908,"type":"cond-expr","locations":[{"start":{"line":908,"column":31},"end":{"line":908,"column":75}},{"start":{"line":908,"column":78},"end":{"line":908,"column":82}}]},"88":{"line":919,"type":"if","locations":[{"start":{"line":919,"column":8},"end":{"line":919,"column":8}},{"start":{"line":919,"column":8},"end":{"line":919,"column":8}}]},"89":{"line":925,"type":"if","locations":[{"start":{"line":925,"column":8},"end":{"line":925,"column":8}},{"start":{"line":925,"column":8},"end":{"line":925,"column":8}}]},"90":{"line":931,"type":"if","locations":[{"start":{"line":931,"column":8},"end":{"line":931,"column":8}},{"start":{"line":931,"column":8},"end":{"line":931,"column":8}}]},"91":{"line":939,"type":"binary-expr","locations":[{"start":{"line":939,"column":22},"end":{"line":939,"column":34}},{"start":{"line":939,"column":38},"end":{"line":939,"column":46}}]},"92":{"line":942,"type":"if","locations":[{"start":{"line":942,"column":8},"end":{"line":942,"column":8}},{"start":{"line":942,"column":8},"end":{"line":942,"column":8}}]},"93":{"line":952,"type":"if","locations":[{"start":{"line":952,"column":8},"end":{"line":952,"column":8}},{"start":{"line":952,"column":8},"end":{"line":952,"column":8}}]},"94":{"line":961,"type":"if","locations":[{"start":{"line":961,"column":8},"end":{"line":961,"column":8}},{"start":{"line":961,"column":8},"end":{"line":961,"column":8}}]},"95":{"line":963,"type":"if","locations":[{"start":{"line":963,"column":12},"end":{"line":963,"column":12}},{"start":{"line":963,"column":12},"end":{"line":963,"column":12}}]},"96":{"line":970,"type":"if","locations":[{"start":{"line":970,"column":13},"end":{"line":970,"column":13}},{"start":{"line":970,"column":13},"end":{"line":970,"column":13}}]},"97":{"line":985,"type":"if","locations":[{"start":{"line":985,"column":12},"end":{"line":985,"column":12}},{"start":{"line":985,"column":12},"end":{"line":985,"column":12}}]},"98":{"line":1010,"type":"if","locations":[{"start":{"line":1010,"column":8},"end":{"line":1010,"column":8}},{"start":{"line":1010,"column":8},"end":{"line":1010,"column":8}}]},"99":{"line":1015,"type":"if","locations":[{"start":{"line":1015,"column":8},"end":{"line":1015,"column":8}},{"start":{"line":1015,"column":8},"end":{"line":1015,"column":8}}]},"100":{"line":1021,"type":"if","locations":[{"start":{"line":1021,"column":8},"end":{"line":1021,"column":8}},{"start":{"line":1021,"column":8},"end":{"line":1021,"column":8}}]},"101":{"line":1027,"type":"binary-expr","locations":[{"start":{"line":1027,"column":22},"end":{"line":1027,"column":34}},{"start":{"line":1027,"column":38},"end":{"line":1027,"column":46}}]},"102":{"line":1030,"type":"if","locations":[{"start":{"line":1030,"column":8},"end":{"line":1030,"column":8}},{"start":{"line":1030,"column":8},"end":{"line":1030,"column":8}}]},"103":{"line":1049,"type":"if","locations":[{"start":{"line":1049,"column":12},"end":{"line":1049,"column":12}},{"start":{"line":1049,"column":12},"end":{"line":1049,"column":12}}]},"104":{"line":1055,"type":"if","locations":[{"start":{"line":1055,"column":8},"end":{"line":1055,"column":8}},{"start":{"line":1055,"column":8},"end":{"line":1055,"column":8}}]},"105":{"line":1059,"type":"if","locations":[{"start":{"line":1059,"column":12},"end":{"line":1059,"column":12}},{"start":{"line":1059,"column":12},"end":{"line":1059,"column":12}}]},"106":{"line":1089,"type":"if","locations":[{"start":{"line":1089,"column":8},"end":{"line":1089,"column":8}},{"start":{"line":1089,"column":8},"end":{"line":1089,"column":8}}]},"107":{"line":1097,"type":"if","locations":[{"start":{"line":1097,"column":8},"end":{"line":1097,"column":8}},{"start":{"line":1097,"column":8},"end":{"line":1097,"column":8}}]},"108":{"line":1102,"type":"if","locations":[{"start":{"line":1102,"column":8},"end":{"line":1102,"column":8}},{"start":{"line":1102,"column":8},"end":{"line":1102,"column":8}}]},"109":{"line":1109,"type":"binary-expr","locations":[{"start":{"line":1109,"column":36},"end":{"line":1109,"column":48}},{"start":{"line":1109,"column":52},"end":{"line":1109,"column":60}}]},"110":{"line":1131,"type":"if","locations":[{"start":{"line":1131,"column":8},"end":{"line":1131,"column":8}},{"start":{"line":1131,"column":8},"end":{"line":1131,"column":8}}]},"111":{"line":1138,"type":"if","locations":[{"start":{"line":1138,"column":8},"end":{"line":1138,"column":8}},{"start":{"line":1138,"column":8},"end":{"line":1138,"column":8}}]},"112":{"line":1144,"type":"if","locations":[{"start":{"line":1144,"column":8},"end":{"line":1144,"column":8}},{"start":{"line":1144,"column":8},"end":{"line":1144,"column":8}}]},"113":{"line":1151,"type":"binary-expr","locations":[{"start":{"line":1151,"column":32},"end":{"line":1151,"column":44}},{"start":{"line":1151,"column":48},"end":{"line":1151,"column":56}}]},"114":{"line":1155,"type":"if","locations":[{"start":{"line":1155,"column":8},"end":{"line":1155,"column":8}},{"start":{"line":1155,"column":8},"end":{"line":1155,"column":8}}]},"115":{"line":1174,"type":"if","locations":[{"start":{"line":1174,"column":0},"end":{"line":1174,"column":0}},{"start":{"line":1174,"column":0},"end":{"line":1174,"column":0}}]}}}}