{"/home/david/simple-crypt/lib/simple-crypt.js":{"path":"/home/david/simple-crypt/lib/simple-crypt.js","s":{"1":1,"2":101157,"3":101157,"4":101157,"5":101157,"6":101157,"7":101157,"8":101157,"9":101157,"10":1,"11":101157,"12":80341,"13":80341,"14":101157,"15":40070,"16":40070,"17":101157,"18":10011,"19":10011,"20":101157,"21":101157,"22":101157,"23":5,"24":101152,"25":101152,"26":91141,"27":101157,"28":1,"29":71737,"30":1,"31":40691,"32":2,"33":1,"34":11,"35":1,"36":4,"37":1,"38":40030,"39":1,"40":31,"41":19,"42":2,"43":17,"44":10,"45":31,"46":18,"47":18,"48":18,"49":18,"50":18,"51":13,"52":13,"53":13,"54":13,"55":13,"56":31,"57":22,"58":13,"59":13,"60":1,"61":12,"62":11,"63":11,"64":1,"65":10,"66":10,"67":1,"68":13,"69":9,"70":9,"71":1,"72":27,"73":18,"74":10,"75":10,"76":10,"77":1,"78":9,"79":9,"80":1,"81":8,"82":10,"83":10,"84":8,"85":9,"86":1,"87":30028,"88":20017,"89":2,"90":20015,"91":10009,"92":30028,"93":20016,"94":20016,"95":20016,"96":20016,"97":20016,"98":10012,"99":10012,"100":10012,"101":10012,"102":10012,"103":30028,"104":20020,"105":10012,"106":10012,"107":1,"108":10011,"109":10010,"110":10010,"111":1,"112":10009,"113":10009,"114":1,"115":10012,"116":10008,"117":10008,"118":1,"119":30024,"120":20016,"121":10009,"122":10009,"123":10009,"124":1,"125":10008,"126":10008,"127":1,"128":10007,"129":10009,"130":10009,"131":10007,"132":10008,"133":1,"134":11,"135":8,"136":8,"137":11,"138":11,"139":11,"140":1,"141":10,"142":10,"143":1,"144":9,"145":9,"146":1,"147":8,"148":8,"149":1,"150":7,"151":1,"152":11,"153":11,"154":11,"155":1,"156":10,"157":10,"158":1,"159":9,"160":9,"161":1,"162":8,"163":8,"164":1,"165":7,"166":1,"167":10,"168":5,"169":5,"170":10,"171":10,"172":1,"173":9,"174":9,"175":37,"176":37,"177":37,"178":1,"179":36,"180":36,"181":36,"182":36,"183":36,"184":36,"185":36,"186":36,"187":36,"188":36,"189":36,"190":36,"191":36,"192":36,"193":36,"194":36,"195":9,"196":9,"197":9,"198":1,"199":9,"200":1,"201":16,"202":11,"203":11,"204":16,"205":16,"206":1,"207":15,"208":15,"209":175,"210":175,"211":44,"212":44,"213":44,"214":44,"215":44,"216":44,"217":44,"218":44,"219":1,"220":1,"221":43,"222":43,"223":43,"224":43,"225":1,"226":1,"227":42,"228":24,"229":42,"230":42,"231":175,"232":2,"233":2,"234":173,"235":173,"236":131,"237":42,"238":42,"239":42,"240":1,"241":41,"242":41,"243":41,"244":32,"245":1,"246":31,"247":1,"248":30,"249":9,"250":1,"251":8,"252":38,"253":38,"254":15,"255":15,"256":15,"257":1,"258":15,"259":1,"260":15,"261":5,"262":5,"263":15,"264":15,"265":1,"266":14,"267":14,"268":127,"269":127,"270":127,"271":1,"272":126,"273":126,"274":126,"275":126,"276":126,"277":126,"278":126,"279":126,"280":126,"281":126,"282":126,"283":126,"284":126,"285":14,"286":14,"287":14,"288":1,"289":14,"290":1,"291":20,"292":10,"293":10,"294":20,"295":20,"296":1,"297":19,"298":19,"299":399,"300":399,"301":133,"302":133,"303":133,"304":133,"305":133,"306":133,"307":133,"308":133,"309":1,"310":1,"311":132,"312":132,"313":132,"314":399,"315":1,"316":1,"317":398,"318":398,"319":266,"320":132,"321":132,"322":132,"323":1,"324":131,"325":131,"326":131,"327":119,"328":1,"329":118,"330":1,"331":117,"332":12,"333":1,"334":11,"335":128,"336":128,"337":19,"338":19,"339":19,"340":1,"341":19,"342":1,"343":7,"344":3,"345":3,"346":7,"347":7,"348":7,"349":1,"350":6,"351":6,"352":1,"353":5,"354":5,"355":1,"356":4,"357":1,"358":4,"359":1,"360":4,"361":1,"362":7,"363":3,"364":3,"365":7,"366":7,"367":7,"368":1,"369":6,"370":6,"371":1,"372":5,"373":5,"374":1,"375":4,"376":1,"377":4,"378":1,"379":4,"380":1,"381":1,"382":1,"383":1,"384":0,"385":0,"386":0,"387":0,"388":0,"389":0,"390":0,"391":0,"392":0,"393":0,"394":0,"395":0,"396":0,"397":0,"398":0,"399":0,"400":0,"401":0,"402":0,"403":1,"404":0,"405":1,"406":0,"407":1,"408":0,"409":0,"410":0,"411":0,"412":0,"413":0,"414":0,"415":0,"416":0,"417":0,"418":0,"419":0,"420":0,"421":0,"422":0,"423":0,"424":0,"425":0,"426":0,"427":0,"428":0,"429":0,"430":0,"431":0,"432":0,"433":1,"434":0,"435":0,"436":0,"437":0,"438":0,"439":0,"440":0,"441":0,"442":0,"443":0,"444":0,"445":0,"446":0,"447":0,"448":0,"449":0,"450":0,"451":0,"452":0,"453":0,"454":1,"455":0,"456":0,"457":0,"458":0,"459":0,"460":0,"461":0,"462":0,"463":0,"464":0,"465":0,"466":0,"467":1,"468":0,"469":0,"470":0,"471":0,"472":0,"473":0,"474":0,"475":0,"476":0,"477":0,"478":0,"479":0,"480":0,"481":0,"482":1,"483":101157,"484":1,"485":1,"486":1,"487":1,"488":1,"489":1,"490":1,"491":1,"492":1,"493":1,"494":1,"495":1,"496":1,"497":1,"498":1,"499":1,"500":1,"501":1,"502":0,"503":1,"504":1140,"505":366,"506":774,"507":774,"508":1172211,"509":774,"510":1,"511":102327,"512":30303,"513":72024,"514":72024,"515":354323662,"516":72024,"517":1,"518":40308,"519":0,"520":40308,"521":40308,"522":1289856,"523":40308,"524":1,"525":101152,"526":101152,"527":26,"528":24,"529":12,"530":12,"531":12,"532":12,"533":12,"534":12,"535":12,"536":2,"537":101126,"538":96,"539":96,"540":44,"541":44,"542":44,"543":96,"544":34,"545":96,"546":96,"547":15910,"548":96,"549":96,"550":1536,"551":96,"552":101030,"553":1,"554":30674,"555":1,"556":40659,"557":1,"558":367,"559":367,"560":367,"561":63,"562":63,"563":367,"564":4,"565":363,"566":32,"567":32,"568":32,"569":331,"570":363,"571":73,"572":73,"573":363,"574":0,"575":0,"576":363,"577":363,"578":40,"579":363,"580":363,"581":284,"582":284,"583":284,"584":363,"585":79,"586":79,"587":284,"588":363,"589":363,"590":363,"591":284,"592":363,"593":363,"594":40,"595":4,"596":363,"597":1,"598":372,"599":372,"600":372,"601":371,"602":0,"603":371,"604":33,"605":338,"606":371,"607":284,"608":284,"609":284,"610":371,"611":371,"612":371,"613":284,"614":371,"615":87,"616":87,"617":15,"618":284,"619":356,"620":16,"621":356,"622":1,"623":30315,"624":30315,"625":30315,"626":4,"627":30311,"628":30311,"629":96,"630":30215,"631":30215,"632":30095,"633":30311,"634":30107,"635":4,"636":30311,"637":1,"638":40319,"639":40319,"640":40319,"641":40318,"642":40318,"643":0,"644":40318,"645":97,"646":40221,"647":40318,"648":40303,"649":15,"650":16,"651":40303,"652":1,"653":1,"654":1},"b":{"1":[101157,10010],"2":[100380,777],"3":[80341,20816],"4":[40070,61087],"5":[10011,91146],"6":[5,101152],"7":[91141,10011],"8":[2,40689],"9":[2,17],"10":[18,13],"11":[18,9],"12":[22,9],"13":[13,9],"14":[1,12],"15":[11,1],"16":[1,10],"17":[18,9],"18":[10,8],"19":[1,9],"20":[1,8],"21":[2,20015],"22":[20016,10012],"23":[20016,10008],"24":[20020,10008],"25":[10012,10008],"26":[1,10011],"27":[10010,1],"28":[1,10009],"29":[20016,10008],"30":[10009,10007],"31":[1,10008],"32":[1,10007],"33":[8,3],"34":[1,10],"35":[1,9],"36":[1,8],"37":[1,7],"38":[1,10],"39":[1,9],"40":[1,8],"41":[1,7],"42":[5,5],"43":[1,9],"44":[30,7],"45":[1,36],"46":[0,36],"47":[0,36],"48":[24,12],"49":[0,24],"50":[11,5],"51":[1,15],"52":[44,44,44,43],"53":[1,43],"54":[1,42],"55":[24,18],"56":[2,173],"57":[131,42],"58":[1,41],"59":[41,0],"60":[32,9],"61":[1,31],"62":[1,30],"63":[1,8],"64":[5,10],"65":[1,14],"66":[117,10],"67":[1,126],"68":[0,126],"69":[0,126],"70":[10,10],"71":[1,19],"72":[133,133,133],"73":[1,132],"74":[1,398],"75":[266,132],"76":[1,131],"77":[131,0],"78":[119,12],"79":[1,118],"80":[1,117],"81":[1,11],"82":[3,4],"83":[1,6],"84":[1,5],"85":[1,4],"86":[3,4],"87":[1,6],"88":[1,5],"89":[1,4],"90":[1,0],"91":[0,0],"92":[0,0],"93":[0,0],"94":[0,0],"95":[0,0],"96":[0,0],"97":[0,0],"98":[0,0],"99":[0,0],"100":[0,0],"101":[0,0],"102":[0,0],"103":[0,0],"104":[0,0],"105":[0,0],"106":[0,0],"107":[0,0],"108":[0,0],"109":[0,0],"110":[0,0],"111":[0,0],"112":[0,0],"113":[0,0],"114":[0,0],"115":[0,0],"116":[0,0],"117":[0,0],"118":[0,0],"119":[0,0],"120":[0,0],"121":[0,0],"122":[0,0],"123":[0,0],"124":[0,0],"125":[0,0],"126":[0,0],"127":[0,0],"128":[0,0],"129":[0,0],"130":[0,0],"131":[366,774],"132":[30303,72024],"133":[0,40308],"134":[26,101126],"135":[24,2],"136":[12,12],"137":[12,0],"138":[96,101030],"139":[101126,61056],"140":[44,52],"141":[34,62],"142":[96,96],"143":[30147,527],"144":[40128,531],"145":[63,304],"146":[4,363],"147":[32,331],"148":[8,24],"149":[331,308],"150":[73,290],"151":[0,363],"152":[0,0],"153":[40,323],"154":[284,79],"155":[79,284],"156":[284,79],"157":[40,323],"158":[4,0],"159":[0,371],"160":[33,338],"161":[9,24],"162":[0,24],"163":[338,309],"164":[284,87],"165":[46,325],"166":[46,325],"167":[284,87],"168":[87,284],"169":[15,72],"170":[16,0],"171":[4,30311],"172":[96,30215],"173":[12,84],"174":[30215,30192],"175":[30095,120],"176":[30107,204],"177":[4,0],"178":[40112,206],"179":[0,40318],"180":[97,40221],"181":[13,84],"182":[0,84],"183":[40221,40192],"184":[40099,122],"185":[40303,15],"186":[16,0],"187":[1,0]},"f":{"1":101157,"2":101157,"3":101157,"4":71737,"5":40691,"6":11,"7":4,"8":40030,"9":31,"10":19,"11":10,"12":13,"13":11,"14":10,"15":27,"16":10,"17":9,"18":30028,"19":20017,"20":10009,"21":10012,"22":10010,"23":10009,"24":30024,"25":10009,"26":10008,"27":11,"28":11,"29":10,"30":9,"31":8,"32":11,"33":11,"34":10,"35":9,"36":8,"37":10,"38":10,"39":37,"40":37,"41":1,"42":16,"43":16,"44":175,"45":42,"46":1,"47":15,"48":15,"49":127,"50":127,"51":1,"52":20,"53":20,"54":399,"55":132,"56":1,"57":7,"58":7,"59":6,"60":5,"61":1,"62":1,"63":7,"64":7,"65":6,"66":5,"67":1,"68":1,"69":0,"70":0,"71":0,"72":0,"73":0,"74":0,"75":0,"76":0,"77":101157,"78":1140,"79":102327,"80":40308,"81":101152,"82":15910,"83":96,"84":30674,"85":40659,"86":367,"87":284,"88":372,"89":284,"90":30315,"91":40319},"fnMap":{"1":{"name":"(anonymous_1)","line":27,"loc":{"start":{"line":27,"column":8},"end":{"line":28,"column":0}}},"2":{"name":"(anonymous_2)","line":44,"loc":{"start":{"line":44,"column":13},"end":{"line":45,"column":0}}},"3":{"name":"(anonymous_3)","line":69,"loc":{"start":{"line":69,"column":24},"end":{"line":70,"column":4}}},"4":{"name":"(anonymous_4)","line":87,"loc":{"start":{"line":87,"column":20},"end":{"line":88,"column":0}}},"5":{"name":"(anonymous_5)","line":93,"loc":{"start":{"line":93,"column":22},"end":{"line":94,"column":0}}},"6":{"name":"(anonymous_6)","line":103,"loc":{"start":{"line":103,"column":21},"end":{"line":104,"column":0}}},"7":{"name":"(anonymous_7)","line":109,"loc":{"start":{"line":109,"column":20},"end":{"line":110,"column":0}}},"8":{"name":"(anonymous_8)","line":115,"loc":{"start":{"line":115,"column":26},"end":{"line":116,"column":0}}},"9":{"name":"(anonymous_9)","line":121,"loc":{"start":{"line":121,"column":32},"end":{"line":125,"column":0}}},"10":{"name":"(anonymous_10)","line":131,"loc":{"start":{"line":131,"column":16},"end":{"line":132,"column":4}}},"11":{"name":"(anonymous_11)","line":143,"loc":{"start":{"line":143,"column":20},"end":{"line":144,"column":4}}},"12":{"name":"(anonymous_12)","line":169,"loc":{"start":{"line":169,"column":30},"end":{"line":170,"column":12}}},"13":{"name":"(anonymous_13)","line":177,"loc":{"start":{"line":177,"column":48},"end":{"line":178,"column":20}}},"14":{"name":"(anonymous_14)","line":185,"loc":{"start":{"line":185,"column":52},"end":{"line":186,"column":28}}},"15":{"name":"(anonymous_15)","line":211,"loc":{"start":{"line":211,"column":32},"end":{"line":212,"column":0}}},"16":{"name":"(anonymous_16)","line":222,"loc":{"start":{"line":222,"column":30},"end":{"line":223,"column":12}}},"17":{"name":"(anonymous_17)","line":230,"loc":{"start":{"line":230,"column":48},"end":{"line":231,"column":20}}},"18":{"name":"(anonymous_18)","line":259,"loc":{"start":{"line":259,"column":29},"end":{"line":260,"column":0}}},"19":{"name":"(anonymous_19)","line":266,"loc":{"start":{"line":266,"column":13},"end":{"line":267,"column":4}}},"20":{"name":"(anonymous_20)","line":278,"loc":{"start":{"line":278,"column":17},"end":{"line":279,"column":4}}},"21":{"name":"(anonymous_21)","line":304,"loc":{"start":{"line":304,"column":30},"end":{"line":305,"column":12}}},"22":{"name":"(anonymous_22)","line":312,"loc":{"start":{"line":312,"column":48},"end":{"line":313,"column":20}}},"23":{"name":"(anonymous_23)","line":320,"loc":{"start":{"line":320,"column":45},"end":{"line":321,"column":28}}},"24":{"name":"(anonymous_24)","line":346,"loc":{"start":{"line":346,"column":31},"end":{"line":347,"column":0}}},"25":{"name":"(anonymous_25)","line":357,"loc":{"start":{"line":357,"column":30},"end":{"line":358,"column":12}}},"26":{"name":"(anonymous_26)","line":365,"loc":{"start":{"line":365,"column":48},"end":{"line":366,"column":20}}},"27":{"name":"(anonymous_27)","line":394,"loc":{"start":{"line":394,"column":26},"end":{"line":395,"column":0}}},"28":{"name":"(anonymous_28)","line":406,"loc":{"start":{"line":406,"column":27},"end":{"line":407,"column":4}}},"29":{"name":"(anonymous_29)","line":413,"loc":{"start":{"line":413,"column":34},"end":{"line":414,"column":8}}},"30":{"name":"(anonymous_30)","line":420,"loc":{"start":{"line":420,"column":30},"end":{"line":421,"column":12}}},"31":{"name":"(anonymous_31)","line":427,"loc":{"start":{"line":427,"column":42},"end":{"line":428,"column":16}}},"32":{"name":"(anonymous_32)","line":441,"loc":{"start":{"line":441,"column":30},"end":{"line":442,"column":0}}},"33":{"name":"(anonymous_33)","line":447,"loc":{"start":{"line":447,"column":29},"end":{"line":448,"column":4}}},"34":{"name":"(anonymous_34)","line":454,"loc":{"start":{"line":454,"column":34},"end":{"line":455,"column":8}}},"35":{"name":"(anonymous_35)","line":461,"loc":{"start":{"line":461,"column":34},"end":{"line":462,"column":12}}},"36":{"name":"(anonymous_36)","line":468,"loc":{"start":{"line":468,"column":38},"end":{"line":469,"column":16}}},"37":{"name":"(anonymous_37)","line":482,"loc":{"start":{"line":482,"column":23},"end":{"line":483,"column":0}}},"38":{"name":"(anonymous_38)","line":496,"loc":{"start":{"line":496,"column":7},"end":{"line":497,"column":4}}},"39":{"name":"(anonymous_39)","line":510,"loc":{"start":{"line":510,"column":23},"end":{"line":511,"column":8}}},"40":{"name":"(anonymous_40)","line":517,"loc":{"start":{"line":517,"column":12},"end":{"line":518,"column":12}}},"41":{"name":"(anonymous_41)","line":558,"loc":{"start":{"line":558,"column":22},"end":{"line":559,"column":8}}},"42":{"name":"(anonymous_42)","line":567,"loc":{"start":{"line":567,"column":23},"end":{"line":568,"column":0}}},"43":{"name":"(anonymous_43)","line":581,"loc":{"start":{"line":581,"column":7},"end":{"line":582,"column":4}}},"44":{"name":"(anonymous_44)","line":598,"loc":{"start":{"line":598,"column":23},"end":{"line":599,"column":8}}},"45":{"name":"(anonymous_45)","line":654,"loc":{"start":{"line":654,"column":34},"end":{"line":655,"column":12}}},"46":{"name":"(anonymous_46)","line":700,"loc":{"start":{"line":700,"column":25},"end":{"line":701,"column":8}}},"47":{"name":"(anonymous_47)","line":709,"loc":{"start":{"line":709,"column":20},"end":{"line":710,"column":0}}},"48":{"name":"(anonymous_48)","line":723,"loc":{"start":{"line":723,"column":7},"end":{"line":724,"column":4}}},"49":{"name":"(anonymous_49)","line":737,"loc":{"start":{"line":737,"column":23},"end":{"line":738,"column":8}}},"50":{"name":"(anonymous_50)","line":744,"loc":{"start":{"line":744,"column":12},"end":{"line":745,"column":12}}},"51":{"name":"(anonymous_51)","line":777,"loc":{"start":{"line":777,"column":22},"end":{"line":778,"column":8}}},"52":{"name":"(anonymous_52)","line":786,"loc":{"start":{"line":786,"column":22},"end":{"line":787,"column":0}}},"53":{"name":"(anonymous_53)","line":800,"loc":{"start":{"line":800,"column":7},"end":{"line":801,"column":4}}},"54":{"name":"(anonymous_54)","line":817,"loc":{"start":{"line":817,"column":23},"end":{"line":818,"column":8}}},"55":{"name":"(anonymous_55)","line":860,"loc":{"start":{"line":860,"column":32},"end":{"line":861,"column":12}}},"56":{"name":"(anonymous_56)","line":906,"loc":{"start":{"line":906,"column":25},"end":{"line":907,"column":8}}},"57":{"name":"(anonymous_57)","line":915,"loc":{"start":{"line":915,"column":33},"end":{"line":916,"column":0}}},"58":{"name":"(anonymous_58)","line":927,"loc":{"start":{"line":927,"column":46},"end":{"line":928,"column":4}}},"59":{"name":"(anonymous_59)","line":934,"loc":{"start":{"line":934,"column":57},"end":{"line":935,"column":8}}},"60":{"name":"(anonymous_60)","line":941,"loc":{"start":{"line":941,"column":55},"end":{"line":942,"column":12}}},"61":{"name":"(anonymous_61)","line":948,"loc":{"start":{"line":948,"column":31},"end":{"line":949,"column":16}}},"62":{"name":"(anonymous_62)","line":953,"loc":{"start":{"line":953,"column":31},"end":{"line":954,"column":16}}},"63":{"name":"(anonymous_63)","line":964,"loc":{"start":{"line":964,"column":37},"end":{"line":965,"column":0}}},"64":{"name":"(anonymous_64)","line":976,"loc":{"start":{"line":976,"column":50},"end":{"line":977,"column":4}}},"65":{"name":"(anonymous_65)","line":983,"loc":{"start":{"line":983,"column":57},"end":{"line":984,"column":8}}},"66":{"name":"(anonymous_66)","line":990,"loc":{"start":{"line":990,"column":59},"end":{"line":991,"column":12}}},"67":{"name":"(anonymous_67)","line":997,"loc":{"start":{"line":997,"column":31},"end":{"line":998,"column":16}}},"68":{"name":"(anonymous_68)","line":1002,"loc":{"start":{"line":1002,"column":31},"end":{"line":1003,"column":16}}},"69":{"name":"(anonymous_69)","line":1023,"loc":{"start":{"line":1023,"column":22},"end":{"line":1024,"column":4}}},"70":{"name":"(anonymous_70)","line":1054,"loc":{"start":{"line":1054,"column":12},"end":{"line":1055,"column":12}}},"71":{"name":"(anonymous_71)","line":1079,"loc":{"start":{"line":1079,"column":32},"end":{"line":1080,"column":4}}},"72":{"name":"(anonymous_72)","line":1085,"loc":{"start":{"line":1085,"column":28},"end":{"line":1086,"column":4}}},"73":{"name":"(anonymous_73)","line":1091,"loc":{"start":{"line":1091,"column":30},"end":{"line":1092,"column":4}}},"74":{"name":"(anonymous_74)","line":1160,"loc":{"start":{"line":1160,"column":30},"end":{"line":1161,"column":4}}},"75":{"name":"(anonymous_75)","line":1220,"loc":{"start":{"line":1220,"column":27},"end":{"line":1221,"column":4}}},"76":{"name":"(anonymous_76)","line":1262,"loc":{"start":{"line":1262,"column":29},"end":{"line":1263,"column":4}}},"77":{"name":"(anonymous_77)","line":1316,"loc":{"start":{"line":1316,"column":16},"end":{"line":1317,"column":4}}},"78":{"name":"(anonymous_78)","line":1348,"loc":{"start":{"line":1348,"column":21},"end":{"line":1349,"column":0}}},"79":{"name":"(anonymous_79)","line":1367,"loc":{"start":{"line":1367,"column":22},"end":{"line":1368,"column":0}}},"80":{"name":"(anonymous_80)","line":1387,"loc":{"start":{"line":1387,"column":23},"end":{"line":1388,"column":0}}},"81":{"name":"(anonymous_81)","line":1404,"loc":{"start":{"line":1404,"column":22},"end":{"line":1405,"column":0}}},"82":{"name":"(anonymous_82)","line":1453,"loc":{"start":{"line":1453,"column":28},"end":{"line":1453,"column":40}}},"83":{"name":"(anonymous_83)","line":1454,"loc":{"start":{"line":1454,"column":12},"end":{"line":1455,"column":12}}},"84":{"name":"(anonymous_84)","line":1476,"loc":{"start":{"line":1476,"column":32},"end":{"line":1477,"column":0}}},"85":{"name":"(anonymous_85)","line":1484,"loc":{"start":{"line":1484,"column":28},"end":{"line":1485,"column":0}}},"86":{"name":"(anonymous_86)","line":1490,"loc":{"start":{"line":1490,"column":30},"end":{"line":1491,"column":0}}},"87":{"name":"(anonymous_87)","line":1546,"loc":{"start":{"line":1546,"column":33},"end":{"line":1547,"column":12}}},"88":{"name":"(anonymous_88)","line":1593,"loc":{"start":{"line":1593,"column":30},"end":{"line":1594,"column":0}}},"89":{"name":"(anonymous_89)","line":1624,"loc":{"start":{"line":1624,"column":36},"end":{"line":1625,"column":12}}},"90":{"name":"(anonymous_90)","line":1670,"loc":{"start":{"line":1670,"column":27},"end":{"line":1671,"column":0}}},"91":{"name":"(anonymous_91)","line":1714,"loc":{"start":{"line":1714,"column":29},"end":{"line":1715,"column":0}}}},"statementMap":{"1":{"start":{"line":22,"column":0},"end":{"line":42,"column":2}},"2":{"start":{"line":31,"column":4},"end":{"line":31,"column":26}},"3":{"start":{"line":33,"column":4},"end":{"line":33,"column":28}},"4":{"start":{"line":35,"column":4},"end":{"line":35,"column":22}},"5":{"start":{"line":36,"column":4},"end":{"line":36,"column":47}},"6":{"start":{"line":37,"column":4},"end":{"line":37,"column":49}},"7":{"start":{"line":38,"column":4},"end":{"line":38,"column":45}},"8":{"start":{"line":39,"column":4},"end":{"line":39,"column":41}},"9":{"start":{"line":41,"column":4},"end":{"line":41,"column":68}},"10":{"start":{"line":44,"column":0},"end":{"line":85,"column":2}},"11":{"start":{"line":48,"column":4},"end":{"line":52,"column":5}},"12":{"start":{"line":50,"column":8},"end":{"line":50,"column":21}},"13":{"start":{"line":51,"column":8},"end":{"line":51,"column":21}},"14":{"start":{"line":54,"column":4},"end":{"line":58,"column":5}},"15":{"start":{"line":56,"column":8},"end":{"line":56,"column":17}},"16":{"start":{"line":57,"column":8},"end":{"line":57,"column":24}},"17":{"start":{"line":60,"column":4},"end":{"line":64,"column":5}},"18":{"start":{"line":62,"column":8},"end":{"line":62,"column":21}},"19":{"start":{"line":63,"column":8},"end":{"line":63,"column":23}},"20":{"start":{"line":66,"column":4},"end":{"line":67,"column":45}},"21":{"start":{"line":69,"column":4},"end":{"line":82,"column":7}},"22":{"start":{"line":71,"column":8},"end":{"line":74,"column":9}},"23":{"start":{"line":73,"column":12},"end":{"line":73,"column":27}},"24":{"start":{"line":76,"column":8},"end":{"line":76,"column":31}},"25":{"start":{"line":78,"column":8},"end":{"line":81,"column":9}},"26":{"start":{"line":80,"column":12},"end":{"line":80,"column":28}},"27":{"start":{"line":84,"column":4},"end":{"line":84,"column":17}},"28":{"start":{"line":87,"column":0},"end":{"line":91,"column":2}},"29":{"start":{"line":90,"column":4},"end":{"line":90,"column":13}},"30":{"start":{"line":93,"column":0},"end":{"line":101,"column":2}},"31":{"start":{"line":97,"column":4},"end":{"line":100,"column":5}},"32":{"start":{"line":99,"column":8},"end":{"line":99,"column":47}},"33":{"start":{"line":103,"column":0},"end":{"line":107,"column":2}},"34":{"start":{"line":106,"column":4},"end":{"line":106,"column":28}},"35":{"start":{"line":109,"column":0},"end":{"line":113,"column":2}},"36":{"start":{"line":112,"column":4},"end":{"line":112,"column":26}},"37":{"start":{"line":115,"column":0},"end":{"line":119,"column":2}},"38":{"start":{"line":118,"column":4},"end":{"line":118,"column":20}},"39":{"start":{"line":121,"column":0},"end":{"line":209,"column":2}},"40":{"start":{"line":128,"column":4},"end":{"line":146,"column":6}},"41":{"start":{"line":133,"column":8},"end":{"line":140,"column":9}},"42":{"start":{"line":135,"column":12},"end":{"line":135,"column":30}},"43":{"start":{"line":139,"column":12},"end":{"line":139,"column":85}},"44":{"start":{"line":145,"column":8},"end":{"line":145,"column":61}},"45":{"start":{"line":148,"column":4},"end":{"line":163,"column":5}},"46":{"start":{"line":150,"column":8},"end":{"line":150,"column":64}},"47":{"start":{"line":151,"column":8},"end":{"line":151,"column":24}},"48":{"start":{"line":152,"column":8},"end":{"line":152,"column":21}},"49":{"start":{"line":153,"column":8},"end":{"line":153,"column":27}},"50":{"start":{"line":154,"column":8},"end":{"line":154,"column":54}},"51":{"start":{"line":158,"column":8},"end":{"line":158,"column":64}},"52":{"start":{"line":159,"column":8},"end":{"line":159,"column":30}},"53":{"start":{"line":160,"column":8},"end":{"line":160,"column":18}},"54":{"start":{"line":161,"column":8},"end":{"line":161,"column":24}},"55":{"start":{"line":162,"column":8},"end":{"line":162,"column":30}},"56":{"start":{"line":165,"column":4},"end":{"line":208,"column":5}},"57":{"start":{"line":167,"column":8},"end":{"line":203,"column":9}},"58":{"start":{"line":169,"column":12},"end":{"line":196,"column":15}},"59":{"start":{"line":171,"column":16},"end":{"line":195,"column":17}},"60":{"start":{"line":173,"column":20},"end":{"line":173,"column":37}},"61":{"start":{"line":175,"column":21},"end":{"line":195,"column":17}},"62":{"start":{"line":177,"column":20},"end":{"line":190,"column":23}},"63":{"start":{"line":179,"column":24},"end":{"line":189,"column":25}},"64":{"start":{"line":181,"column":28},"end":{"line":181,"column":45}},"65":{"start":{"line":185,"column":28},"end":{"line":188,"column":31}},"66":{"start":{"line":187,"column":32},"end":{"line":187,"column":74}},"67":{"start":{"line":194,"column":20},"end":{"line":194,"column":44}},"68":{"start":{"line":198,"column":12},"end":{"line":198,"column":46}},"69":{"start":{"line":202,"column":12},"end":{"line":202,"column":42}},"70":{"start":{"line":207,"column":8},"end":{"line":207,"column":33}},"71":{"start":{"line":211,"column":0},"end":{"line":257,"column":2}},"72":{"start":{"line":215,"column":4},"end":{"line":256,"column":5}},"73":{"start":{"line":217,"column":8},"end":{"line":251,"column":9}},"74":{"start":{"line":219,"column":12},"end":{"line":220,"column":72}},"75":{"start":{"line":222,"column":12},"end":{"line":242,"column":15}},"76":{"start":{"line":224,"column":16},"end":{"line":241,"column":17}},"77":{"start":{"line":226,"column":20},"end":{"line":226,"column":37}},"78":{"start":{"line":230,"column":20},"end":{"line":240,"column":23}},"79":{"start":{"line":232,"column":24},"end":{"line":239,"column":25}},"80":{"start":{"line":234,"column":28},"end":{"line":234,"column":45}},"81":{"start":{"line":238,"column":28},"end":{"line":238,"column":56}},"82":{"start":{"line":244,"column":12},"end":{"line":244,"column":45}},"83":{"start":{"line":246,"column":12},"end":{"line":246,"column":46}},"84":{"start":{"line":250,"column":12},"end":{"line":250,"column":39}},"85":{"start":{"line":255,"column":8},"end":{"line":255,"column":38}},"86":{"start":{"line":259,"column":0},"end":{"line":344,"column":2}},"87":{"start":{"line":263,"column":4},"end":{"line":281,"column":6}},"88":{"start":{"line":268,"column":8},"end":{"line":275,"column":9}},"89":{"start":{"line":270,"column":12},"end":{"line":270,"column":30}},"90":{"start":{"line":274,"column":12},"end":{"line":274,"column":82}},"91":{"start":{"line":280,"column":8},"end":{"line":280,"column":58}},"92":{"start":{"line":283,"column":4},"end":{"line":298,"column":5}},"93":{"start":{"line":285,"column":8},"end":{"line":285,"column":64}},"94":{"start":{"line":286,"column":8},"end":{"line":286,"column":24}},"95":{"start":{"line":287,"column":8},"end":{"line":287,"column":21}},"96":{"start":{"line":288,"column":8},"end":{"line":288,"column":24}},"97":{"start":{"line":289,"column":8},"end":{"line":289,"column":51}},"98":{"start":{"line":293,"column":8},"end":{"line":293,"column":64}},"99":{"start":{"line":294,"column":8},"end":{"line":294,"column":30}},"100":{"start":{"line":295,"column":8},"end":{"line":295,"column":18}},"101":{"start":{"line":296,"column":8},"end":{"line":296,"column":24}},"102":{"start":{"line":297,"column":8},"end":{"line":297,"column":24}},"103":{"start":{"line":300,"column":4},"end":{"line":343,"column":5}},"104":{"start":{"line":302,"column":8},"end":{"line":338,"column":9}},"105":{"start":{"line":304,"column":12},"end":{"line":331,"column":15}},"106":{"start":{"line":306,"column":16},"end":{"line":330,"column":17}},"107":{"start":{"line":308,"column":20},"end":{"line":308,"column":37}},"108":{"start":{"line":310,"column":21},"end":{"line":330,"column":17}},"109":{"start":{"line":312,"column":20},"end":{"line":325,"column":23}},"110":{"start":{"line":314,"column":24},"end":{"line":324,"column":25}},"111":{"start":{"line":316,"column":28},"end":{"line":316,"column":45}},"112":{"start":{"line":320,"column":28},"end":{"line":323,"column":31}},"113":{"start":{"line":322,"column":32},"end":{"line":322,"column":71}},"114":{"start":{"line":329,"column":20},"end":{"line":329,"column":41}},"115":{"start":{"line":333,"column":12},"end":{"line":333,"column":46}},"116":{"start":{"line":337,"column":12},"end":{"line":337,"column":36}},"117":{"start":{"line":342,"column":8},"end":{"line":342,"column":30}},"118":{"start":{"line":346,"column":0},"end":{"line":392,"column":2}},"119":{"start":{"line":350,"column":4},"end":{"line":391,"column":5}},"120":{"start":{"line":352,"column":8},"end":{"line":386,"column":9}},"121":{"start":{"line":354,"column":12},"end":{"line":355,"column":72}},"122":{"start":{"line":357,"column":12},"end":{"line":377,"column":15}},"123":{"start":{"line":359,"column":16},"end":{"line":376,"column":17}},"124":{"start":{"line":361,"column":20},"end":{"line":361,"column":37}},"125":{"start":{"line":365,"column":20},"end":{"line":375,"column":23}},"126":{"start":{"line":367,"column":24},"end":{"line":374,"column":25}},"127":{"start":{"line":369,"column":28},"end":{"line":369,"column":45}},"128":{"start":{"line":373,"column":28},"end":{"line":373,"column":55}},"129":{"start":{"line":379,"column":12},"end":{"line":379,"column":45}},"130":{"start":{"line":381,"column":12},"end":{"line":381,"column":46}},"131":{"start":{"line":385,"column":12},"end":{"line":385,"column":38}},"132":{"start":{"line":390,"column":8},"end":{"line":390,"column":38}},"133":{"start":{"line":394,"column":0},"end":{"line":439,"column":2}},"134":{"start":{"line":398,"column":4},"end":{"line":402,"column":5}},"135":{"start":{"line":400,"column":8},"end":{"line":400,"column":15}},"136":{"start":{"line":401,"column":8},"end":{"line":401,"column":18}},"137":{"start":{"line":404,"column":4},"end":{"line":404,"column":20}},"138":{"start":{"line":406,"column":4},"end":{"line":438,"column":7}},"139":{"start":{"line":408,"column":8},"end":{"line":411,"column":9}},"140":{"start":{"line":410,"column":12},"end":{"line":410,"column":26}},"141":{"start":{"line":413,"column":8},"end":{"line":437,"column":11}},"142":{"start":{"line":415,"column":12},"end":{"line":418,"column":13}},"143":{"start":{"line":417,"column":16},"end":{"line":417,"column":30}},"144":{"start":{"line":420,"column":12},"end":{"line":436,"column":15}},"145":{"start":{"line":422,"column":16},"end":{"line":425,"column":17}},"146":{"start":{"line":424,"column":20},"end":{"line":424,"column":34}},"147":{"start":{"line":427,"column":16},"end":{"line":435,"column":19}},"148":{"start":{"line":429,"column":20},"end":{"line":432,"column":21}},"149":{"start":{"line":431,"column":24},"end":{"line":431,"column":38}},"150":{"start":{"line":434,"column":20},"end":{"line":434,"column":39}},"151":{"start":{"line":441,"column":0},"end":{"line":480,"column":2}},"152":{"start":{"line":445,"column":4},"end":{"line":445,"column":20}},"153":{"start":{"line":447,"column":4},"end":{"line":479,"column":7}},"154":{"start":{"line":449,"column":8},"end":{"line":452,"column":9}},"155":{"start":{"line":451,"column":12},"end":{"line":451,"column":26}},"156":{"start":{"line":454,"column":8},"end":{"line":478,"column":11}},"157":{"start":{"line":456,"column":12},"end":{"line":459,"column":13}},"158":{"start":{"line":458,"column":16},"end":{"line":458,"column":30}},"159":{"start":{"line":461,"column":12},"end":{"line":477,"column":15}},"160":{"start":{"line":463,"column":16},"end":{"line":466,"column":17}},"161":{"start":{"line":465,"column":20},"end":{"line":465,"column":34}},"162":{"start":{"line":468,"column":16},"end":{"line":476,"column":19}},"163":{"start":{"line":470,"column":20},"end":{"line":473,"column":21}},"164":{"start":{"line":472,"column":24},"end":{"line":472,"column":38}},"165":{"start":{"line":475,"column":20},"end":{"line":475,"column":43}},"166":{"start":{"line":482,"column":0},"end":{"line":565,"column":2}},"167":{"start":{"line":486,"column":4},"end":{"line":490,"column":5}},"168":{"start":{"line":488,"column":8},"end":{"line":488,"column":21}},"169":{"start":{"line":489,"column":8},"end":{"line":489,"column":28}},"170":{"start":{"line":492,"column":4},"end":{"line":564,"column":7}},"171":{"start":{"line":498,"column":8},"end":{"line":501,"column":9}},"172":{"start":{"line":500,"column":12},"end":{"line":500,"column":27}},"173":{"start":{"line":503,"column":8},"end":{"line":508,"column":22}},"174":{"start":{"line":510,"column":8},"end":{"line":553,"column":10}},"175":{"start":{"line":512,"column":12},"end":{"line":512,"column":27}},"176":{"start":{"line":514,"column":12},"end":{"line":552,"column":15}},"177":{"start":{"line":519,"column":16},"end":{"line":522,"column":17}},"178":{"start":{"line":521,"column":20},"end":{"line":521,"column":41}},"179":{"start":{"line":524,"column":16},"end":{"line":524,"column":55}},"180":{"start":{"line":526,"column":16},"end":{"line":527,"column":60}},"181":{"start":{"line":528,"column":16},"end":{"line":528,"column":29}},"182":{"start":{"line":529,"column":16},"end":{"line":529,"column":32}},"183":{"start":{"line":531,"column":16},"end":{"line":532,"column":64}},"184":{"start":{"line":533,"column":16},"end":{"line":533,"column":31}},"185":{"start":{"line":534,"column":16},"end":{"line":534,"column":34}},"186":{"start":{"line":536,"column":16},"end":{"line":536,"column":40}},"187":{"start":{"line":537,"column":16},"end":{"line":537,"column":55}},"188":{"start":{"line":538,"column":16},"end":{"line":538,"column":30}},"189":{"start":{"line":539,"column":16},"end":{"line":539,"column":33}},"190":{"start":{"line":541,"column":16},"end":{"line":545,"column":49}},"191":{"start":{"line":546,"column":16},"end":{"line":546,"column":30}},"192":{"start":{"line":547,"column":16},"end":{"line":547,"column":33}},"193":{"start":{"line":549,"column":16},"end":{"line":549,"column":42}},"194":{"start":{"line":551,"column":16},"end":{"line":551,"column":27}},"195":{"start":{"line":555,"column":8},"end":{"line":555,"column":22}},"196":{"start":{"line":556,"column":8},"end":{"line":556,"column":18}},"197":{"start":{"line":558,"column":8},"end":{"line":561,"column":11}},"198":{"start":{"line":560,"column":12},"end":{"line":560,"column":37}},"199":{"start":{"line":563,"column":8},"end":{"line":563,"column":24}},"200":{"start":{"line":567,"column":0},"end":{"line":707,"column":2}},"201":{"start":{"line":571,"column":4},"end":{"line":575,"column":5}},"202":{"start":{"line":573,"column":8},"end":{"line":573,"column":21}},"203":{"start":{"line":574,"column":8},"end":{"line":574,"column":28}},"204":{"start":{"line":577,"column":4},"end":{"line":706,"column":7}},"205":{"start":{"line":583,"column":8},"end":{"line":586,"column":9}},"206":{"start":{"line":585,"column":12},"end":{"line":585,"column":27}},"207":{"start":{"line":588,"column":8},"end":{"line":596,"column":15}},"208":{"start":{"line":598,"column":8},"end":{"line":695,"column":10}},"209":{"start":{"line":600,"column":12},"end":{"line":600,"column":20}},"210":{"start":{"line":602,"column":12},"end":{"line":637,"column":13}},"211":{"start":{"line":605,"column":20},"end":{"line":605,"column":55}},"212":{"start":{"line":606,"column":20},"end":{"line":606,"column":39}},"213":{"start":{"line":607,"column":20},"end":{"line":607,"column":30}},"214":{"start":{"line":608,"column":20},"end":{"line":608,"column":26}},"215":{"start":{"line":611,"column":20},"end":{"line":611,"column":36}},"216":{"start":{"line":612,"column":20},"end":{"line":612,"column":30}},"217":{"start":{"line":613,"column":20},"end":{"line":613,"column":26}},"218":{"start":{"line":616,"column":20},"end":{"line":620,"column":21}},"219":{"start":{"line":618,"column":24},"end":{"line":618,"column":56}},"220":{"start":{"line":619,"column":24},"end":{"line":619,"column":30}},"221":{"start":{"line":621,"column":20},"end":{"line":621,"column":61}},"222":{"start":{"line":622,"column":20},"end":{"line":622,"column":30}},"223":{"start":{"line":623,"column":20},"end":{"line":623,"column":26}},"224":{"start":{"line":626,"column":20},"end":{"line":630,"column":21}},"225":{"start":{"line":628,"column":24},"end":{"line":628,"column":56}},"226":{"start":{"line":629,"column":24},"end":{"line":629,"column":30}},"227":{"start":{"line":631,"column":20},"end":{"line":634,"column":21}},"228":{"start":{"line":633,"column":24},"end":{"line":633,"column":49}},"229":{"start":{"line":635,"column":20},"end":{"line":635,"column":30}},"230":{"start":{"line":636,"column":20},"end":{"line":636,"column":26}},"231":{"start":{"line":639,"column":12},"end":{"line":643,"column":13}},"232":{"start":{"line":641,"column":16},"end":{"line":641,"column":26}},"233":{"start":{"line":642,"column":16},"end":{"line":642,"column":37}},"234":{"start":{"line":645,"column":12},"end":{"line":645,"column":31}},"235":{"start":{"line":647,"column":12},"end":{"line":650,"column":13}},"236":{"start":{"line":649,"column":16},"end":{"line":649,"column":34}},"237":{"start":{"line":652,"column":12},"end":{"line":652,"column":22}},"238":{"start":{"line":654,"column":12},"end":{"line":694,"column":15}},"239":{"start":{"line":656,"column":16},"end":{"line":659,"column":17}},"240":{"start":{"line":658,"column":20},"end":{"line":658,"column":41}},"241":{"start":{"line":661,"column":16},"end":{"line":664,"column":17}},"242":{"start":{"line":663,"column":20},"end":{"line":663,"column":54}},"243":{"start":{"line":666,"column":16},"end":{"line":689,"column":17}},"244":{"start":{"line":668,"column":20},"end":{"line":671,"column":21}},"245":{"start":{"line":670,"column":24},"end":{"line":670,"column":67}},"246":{"start":{"line":673,"column":20},"end":{"line":677,"column":21}},"247":{"start":{"line":676,"column":24},"end":{"line":676,"column":66}},"248":{"start":{"line":679,"column":20},"end":{"line":679,"column":55}},"249":{"start":{"line":683,"column":20},"end":{"line":686,"column":21}},"250":{"start":{"line":685,"column":24},"end":{"line":685,"column":67}},"251":{"start":{"line":688,"column":20},"end":{"line":688,"column":41}},"252":{"start":{"line":691,"column":16},"end":{"line":691,"column":42}},"253":{"start":{"line":693,"column":16},"end":{"line":693,"column":37}},"254":{"start":{"line":697,"column":8},"end":{"line":697,"column":21}},"255":{"start":{"line":698,"column":8},"end":{"line":698,"column":21}},"256":{"start":{"line":700,"column":8},"end":{"line":703,"column":11}},"257":{"start":{"line":702,"column":12},"end":{"line":702,"column":33}},"258":{"start":{"line":705,"column":8},"end":{"line":705,"column":20}},"259":{"start":{"line":709,"column":0},"end":{"line":784,"column":2}},"260":{"start":{"line":713,"column":4},"end":{"line":717,"column":5}},"261":{"start":{"line":715,"column":8},"end":{"line":715,"column":21}},"262":{"start":{"line":716,"column":8},"end":{"line":716,"column":28}},"263":{"start":{"line":719,"column":4},"end":{"line":783,"column":7}},"264":{"start":{"line":725,"column":8},"end":{"line":728,"column":9}},"265":{"start":{"line":727,"column":12},"end":{"line":727,"column":27}},"266":{"start":{"line":730,"column":8},"end":{"line":735,"column":22}},"267":{"start":{"line":737,"column":8},"end":{"line":772,"column":10}},"268":{"start":{"line":739,"column":12},"end":{"line":739,"column":27}},"269":{"start":{"line":741,"column":12},"end":{"line":771,"column":15}},"270":{"start":{"line":746,"column":16},"end":{"line":749,"column":17}},"271":{"start":{"line":748,"column":20},"end":{"line":748,"column":41}},"272":{"start":{"line":751,"column":16},"end":{"line":751,"column":55}},"273":{"start":{"line":753,"column":16},"end":{"line":754,"column":74}},"274":{"start":{"line":755,"column":16},"end":{"line":755,"column":36}},"275":{"start":{"line":756,"column":16},"end":{"line":756,"column":39}},"276":{"start":{"line":758,"column":16},"end":{"line":759,"column":64}},"277":{"start":{"line":760,"column":16},"end":{"line":760,"column":31}},"278":{"start":{"line":761,"column":16},"end":{"line":761,"column":34}},"279":{"start":{"line":763,"column":16},"end":{"line":763,"column":40}},"280":{"start":{"line":764,"column":16},"end":{"line":764,"column":55}},"281":{"start":{"line":765,"column":16},"end":{"line":765,"column":30}},"282":{"start":{"line":766,"column":16},"end":{"line":766,"column":33}},"283":{"start":{"line":768,"column":16},"end":{"line":768,"column":42}},"284":{"start":{"line":770,"column":16},"end":{"line":770,"column":27}},"285":{"start":{"line":774,"column":8},"end":{"line":774,"column":22}},"286":{"start":{"line":775,"column":8},"end":{"line":775,"column":18}},"287":{"start":{"line":777,"column":8},"end":{"line":780,"column":11}},"288":{"start":{"line":779,"column":12},"end":{"line":779,"column":37}},"289":{"start":{"line":782,"column":8},"end":{"line":782,"column":24}},"290":{"start":{"line":786,"column":0},"end":{"line":913,"column":2}},"291":{"start":{"line":790,"column":4},"end":{"line":794,"column":5}},"292":{"start":{"line":792,"column":8},"end":{"line":792,"column":21}},"293":{"start":{"line":793,"column":8},"end":{"line":793,"column":28}},"294":{"start":{"line":796,"column":4},"end":{"line":912,"column":7}},"295":{"start":{"line":802,"column":8},"end":{"line":805,"column":9}},"296":{"start":{"line":804,"column":12},"end":{"line":804,"column":27}},"297":{"start":{"line":807,"column":8},"end":{"line":815,"column":15}},"298":{"start":{"line":817,"column":8},"end":{"line":901,"column":10}},"299":{"start":{"line":819,"column":12},"end":{"line":819,"column":20}},"300":{"start":{"line":821,"column":12},"end":{"line":843,"column":13}},"301":{"start":{"line":824,"column":20},"end":{"line":824,"column":55}},"302":{"start":{"line":825,"column":20},"end":{"line":825,"column":46}},"303":{"start":{"line":826,"column":20},"end":{"line":826,"column":30}},"304":{"start":{"line":827,"column":20},"end":{"line":827,"column":26}},"305":{"start":{"line":830,"column":20},"end":{"line":830,"column":36}},"306":{"start":{"line":831,"column":20},"end":{"line":831,"column":30}},"307":{"start":{"line":832,"column":20},"end":{"line":832,"column":26}},"308":{"start":{"line":835,"column":20},"end":{"line":839,"column":21}},"309":{"start":{"line":837,"column":24},"end":{"line":837,"column":56}},"310":{"start":{"line":838,"column":24},"end":{"line":838,"column":30}},"311":{"start":{"line":840,"column":20},"end":{"line":840,"column":61}},"312":{"start":{"line":841,"column":20},"end":{"line":841,"column":30}},"313":{"start":{"line":842,"column":20},"end":{"line":842,"column":26}},"314":{"start":{"line":845,"column":12},"end":{"line":849,"column":13}},"315":{"start":{"line":847,"column":16},"end":{"line":847,"column":26}},"316":{"start":{"line":848,"column":16},"end":{"line":848,"column":37}},"317":{"start":{"line":851,"column":12},"end":{"line":851,"column":31}},"318":{"start":{"line":853,"column":12},"end":{"line":856,"column":13}},"319":{"start":{"line":855,"column":16},"end":{"line":855,"column":34}},"320":{"start":{"line":858,"column":12},"end":{"line":858,"column":22}},"321":{"start":{"line":860,"column":12},"end":{"line":900,"column":15}},"322":{"start":{"line":862,"column":16},"end":{"line":865,"column":17}},"323":{"start":{"line":864,"column":20},"end":{"line":864,"column":41}},"324":{"start":{"line":867,"column":16},"end":{"line":870,"column":17}},"325":{"start":{"line":869,"column":20},"end":{"line":869,"column":54}},"326":{"start":{"line":872,"column":16},"end":{"line":895,"column":5}},"327":{"start":{"line":874,"column":20},"end":{"line":877,"column":21}},"328":{"start":{"line":876,"column":24},"end":{"line":876,"column":67}},"329":{"start":{"line":879,"column":20},"end":{"line":883,"column":21}},"330":{"start":{"line":882,"column":24},"end":{"line":882,"column":66}},"331":{"start":{"line":885,"column":20},"end":{"line":885,"column":55}},"332":{"start":{"line":889,"column":20},"end":{"line":892,"column":21}},"333":{"start":{"line":891,"column":24},"end":{"line":891,"column":67}},"334":{"start":{"line":894,"column":20},"end":{"line":894,"column":41}},"335":{"start":{"line":897,"column":16},"end":{"line":897,"column":42}},"336":{"start":{"line":899,"column":16},"end":{"line":899,"column":37}},"337":{"start":{"line":903,"column":8},"end":{"line":903,"column":21}},"338":{"start":{"line":904,"column":8},"end":{"line":904,"column":21}},"339":{"start":{"line":906,"column":8},"end":{"line":909,"column":11}},"340":{"start":{"line":908,"column":12},"end":{"line":908,"column":33}},"341":{"start":{"line":911,"column":8},"end":{"line":911,"column":20}},"342":{"start":{"line":915,"column":0},"end":{"line":962,"column":2}},"343":{"start":{"line":919,"column":4},"end":{"line":923,"column":5}},"344":{"start":{"line":921,"column":8},"end":{"line":921,"column":21}},"345":{"start":{"line":922,"column":8},"end":{"line":922,"column":28}},"346":{"start":{"line":925,"column":4},"end":{"line":925,"column":20}},"347":{"start":{"line":927,"column":4},"end":{"line":961,"column":7}},"348":{"start":{"line":929,"column":8},"end":{"line":932,"column":9}},"349":{"start":{"line":931,"column":12},"end":{"line":931,"column":27}},"350":{"start":{"line":934,"column":8},"end":{"line":960,"column":11}},"351":{"start":{"line":936,"column":12},"end":{"line":939,"column":13}},"352":{"start":{"line":938,"column":16},"end":{"line":938,"column":31}},"353":{"start":{"line":941,"column":12},"end":{"line":959,"column":15}},"354":{"start":{"line":943,"column":16},"end":{"line":946,"column":17}},"355":{"start":{"line":945,"column":20},"end":{"line":945,"column":35}},"356":{"start":{"line":948,"column":16},"end":{"line":951,"column":19}},"357":{"start":{"line":950,"column":20},"end":{"line":950,"column":43}},"358":{"start":{"line":953,"column":16},"end":{"line":956,"column":19}},"359":{"start":{"line":955,"column":20},"end":{"line":955,"column":43}},"360":{"start":{"line":958,"column":16},"end":{"line":958,"column":30}},"361":{"start":{"line":964,"column":0},"end":{"line":1011,"column":2}},"362":{"start":{"line":968,"column":4},"end":{"line":972,"column":5}},"363":{"start":{"line":970,"column":8},"end":{"line":970,"column":21}},"364":{"start":{"line":971,"column":8},"end":{"line":971,"column":28}},"365":{"start":{"line":974,"column":4},"end":{"line":974,"column":20}},"366":{"start":{"line":976,"column":4},"end":{"line":1010,"column":7}},"367":{"start":{"line":978,"column":8},"end":{"line":981,"column":9}},"368":{"start":{"line":980,"column":12},"end":{"line":980,"column":27}},"369":{"start":{"line":983,"column":8},"end":{"line":1009,"column":11}},"370":{"start":{"line":985,"column":12},"end":{"line":988,"column":13}},"371":{"start":{"line":987,"column":16},"end":{"line":987,"column":31}},"372":{"start":{"line":990,"column":12},"end":{"line":1008,"column":15}},"373":{"start":{"line":992,"column":16},"end":{"line":995,"column":17}},"374":{"start":{"line":994,"column":20},"end":{"line":994,"column":35}},"375":{"start":{"line":997,"column":16},"end":{"line":1000,"column":19}},"376":{"start":{"line":999,"column":20},"end":{"line":999,"column":43}},"377":{"start":{"line":1002,"column":16},"end":{"line":1005,"column":19}},"378":{"start":{"line":1004,"column":20},"end":{"line":1004,"column":43}},"379":{"start":{"line":1007,"column":16},"end":{"line":1007,"column":30}},"380":{"start":{"line":1013,"column":0},"end":{"line":1013,"column":14}},"381":{"start":{"line":1015,"column":0},"end":{"line":1346,"column":1}},"382":{"start":{"line":1017,"column":4},"end":{"line":1021,"column":61}},"383":{"start":{"line":1023,"column":4},"end":{"line":1077,"column":6}},"384":{"start":{"line":1027,"column":8},"end":{"line":1076,"column":9}},"385":{"start":{"line":1030,"column":12},"end":{"line":1037,"column":13}},"386":{"start":{"line":1032,"column":16},"end":{"line":1032,"column":56}},"387":{"start":{"line":1034,"column":17},"end":{"line":1037,"column":13}},"388":{"start":{"line":1036,"column":16},"end":{"line":1036,"column":61}},"389":{"start":{"line":1039,"column":12},"end":{"line":1039,"column":26}},"390":{"start":{"line":1041,"column":13},"end":{"line":1076,"column":9}},"391":{"start":{"line":1043,"column":12},"end":{"line":1044,"column":21}},"392":{"start":{"line":1046,"column":12},"end":{"line":1051,"column":13}},"393":{"start":{"line":1048,"column":16},"end":{"line":1048,"column":49}},"394":{"start":{"line":1049,"column":16},"end":{"line":1049,"column":34}},"395":{"start":{"line":1050,"column":16},"end":{"line":1050,"column":37}},"396":{"start":{"line":1053,"column":12},"end":{"line":1071,"column":15}},"397":{"start":{"line":1056,"column":16},"end":{"line":1059,"column":17}},"398":{"start":{"line":1058,"column":20},"end":{"line":1058,"column":35}},"399":{"start":{"line":1061,"column":16},"end":{"line":1064,"column":17}},"400":{"start":{"line":1063,"column":20},"end":{"line":1063,"column":38}},"401":{"start":{"line":1066,"column":16},"end":{"line":1070,"column":19}},"402":{"start":{"line":1075,"column":12},"end":{"line":1075,"column":26}},"403":{"start":{"line":1079,"column":4},"end":{"line":1083,"column":6}},"404":{"start":{"line":1082,"column":8},"end":{"line":1082,"column":83}},"405":{"start":{"line":1085,"column":4},"end":{"line":1089,"column":6}},"406":{"start":{"line":1088,"column":8},"end":{"line":1088,"column":76}},"407":{"start":{"line":1091,"column":4},"end":{"line":1158,"column":6}},"408":{"start":{"line":1095,"column":8},"end":{"line":1095,"column":55}},"409":{"start":{"line":1097,"column":8},"end":{"line":1155,"column":9}},"410":{"start":{"line":1099,"column":12},"end":{"line":1103,"column":13}},"411":{"start":{"line":1101,"column":16},"end":{"line":1101,"column":23}},"412":{"start":{"line":1102,"column":16},"end":{"line":1102,"column":26}},"413":{"start":{"line":1105,"column":12},"end":{"line":1108,"column":13}},"414":{"start":{"line":1107,"column":16},"end":{"line":1107,"column":67}},"415":{"start":{"line":1110,"column":12},"end":{"line":1121,"column":13}},"416":{"start":{"line":1112,"column":16},"end":{"line":1112,"column":59}},"417":{"start":{"line":1113,"column":16},"end":{"line":1116,"column":69}},"418":{"start":{"line":1120,"column":16},"end":{"line":1120,"column":47}},"419":{"start":{"line":1123,"column":12},"end":{"line":1123,"column":58}},"420":{"start":{"line":1124,"column":12},"end":{"line":1124,"column":67}},"421":{"start":{"line":1126,"column":12},"end":{"line":1126,"column":67}},"422":{"start":{"line":1127,"column":12},"end":{"line":1127,"column":52}},"423":{"start":{"line":1129,"column":12},"end":{"line":1129,"column":41}},"424":{"start":{"line":1131,"column":12},"end":{"line":1138,"column":13}},"425":{"start":{"line":1133,"column":16},"end":{"line":1137,"column":57}},"426":{"start":{"line":1140,"column":12},"end":{"line":1140,"column":71}},"427":{"start":{"line":1141,"column":12},"end":{"line":1141,"column":52}},"428":{"start":{"line":1143,"column":12},"end":{"line":1150,"column":13}},"429":{"start":{"line":1145,"column":16},"end":{"line":1145,"column":39}},"430":{"start":{"line":1149,"column":16},"end":{"line":1149,"column":45}},"431":{"start":{"line":1154,"column":12},"end":{"line":1154,"column":74}},"432":{"start":{"line":1157,"column":8},"end":{"line":1157,"column":96}},"433":{"start":{"line":1160,"column":4},"end":{"line":1218,"column":6}},"434":{"start":{"line":1164,"column":8},"end":{"line":1164,"column":40}},"435":{"start":{"line":1166,"column":8},"end":{"line":1215,"column":9}},"436":{"start":{"line":1168,"column":12},"end":{"line":1168,"column":38}},"437":{"start":{"line":1170,"column":12},"end":{"line":1181,"column":13}},"438":{"start":{"line":1172,"column":16},"end":{"line":1172,"column":105}},"439":{"start":{"line":1174,"column":17},"end":{"line":1181,"column":13}},"440":{"start":{"line":1176,"column":16},"end":{"line":1176,"column":47}},"441":{"start":{"line":1180,"column":16},"end":{"line":1180,"column":66}},"442":{"start":{"line":1183,"column":12},"end":{"line":1187,"column":45}},"443":{"start":{"line":1188,"column":12},"end":{"line":1188,"column":54}},"444":{"start":{"line":1190,"column":12},"end":{"line":1190,"column":62}},"445":{"start":{"line":1191,"column":12},"end":{"line":1191,"column":61}},"446":{"start":{"line":1193,"column":12},"end":{"line":1208,"column":13}},"447":{"start":{"line":1195,"column":16},"end":{"line":1195,"column":49}},"448":{"start":{"line":1197,"column":16},"end":{"line":1203,"column":17}},"449":{"start":{"line":1202,"column":20},"end":{"line":1202,"column":55}},"450":{"start":{"line":1207,"column":16},"end":{"line":1207,"column":30}},"451":{"start":{"line":1210,"column":12},"end":{"line":1210,"column":38}},"452":{"start":{"line":1214,"column":12},"end":{"line":1214,"column":74}},"453":{"start":{"line":1217,"column":8},"end":{"line":1217,"column":34}},"454":{"start":{"line":1220,"column":4},"end":{"line":1260,"column":6}},"455":{"start":{"line":1224,"column":8},"end":{"line":1224,"column":29}},"456":{"start":{"line":1226,"column":8},"end":{"line":1257,"column":9}},"457":{"start":{"line":1228,"column":12},"end":{"line":1228,"column":41}},"458":{"start":{"line":1230,"column":12},"end":{"line":1247,"column":13}},"459":{"start":{"line":1232,"column":16},"end":{"line":1236,"column":55}},"460":{"start":{"line":1238,"column":17},"end":{"line":1247,"column":13}},"461":{"start":{"line":1240,"column":16},"end":{"line":1242,"column":47}},"462":{"start":{"line":1246,"column":16},"end":{"line":1246,"column":63}},"463":{"start":{"line":1249,"column":12},"end":{"line":1252,"column":13}},"464":{"start":{"line":1251,"column":16},"end":{"line":1251,"column":54}},"465":{"start":{"line":1256,"column":12},"end":{"line":1256,"column":74}},"466":{"start":{"line":1259,"column":8},"end":{"line":1259,"column":96}},"467":{"start":{"line":1262,"column":4},"end":{"line":1314,"column":6}},"468":{"start":{"line":1266,"column":8},"end":{"line":1266,"column":32}},"469":{"start":{"line":1268,"column":8},"end":{"line":1311,"column":9}},"470":{"start":{"line":1270,"column":12},"end":{"line":1270,"column":38}},"471":{"start":{"line":1272,"column":12},"end":{"line":1273,"column":46}},"472":{"start":{"line":1275,"column":12},"end":{"line":1278,"column":13}},"473":{"start":{"line":1277,"column":16},"end":{"line":1277,"column":66}},"474":{"start":{"line":1280,"column":12},"end":{"line":1297,"column":13}},"475":{"start":{"line":1282,"column":16},"end":{"line":1287,"column":34}},"476":{"start":{"line":1291,"column":16},"end":{"line":1296,"column":69}},"477":{"start":{"line":1299,"column":12},"end":{"line":1306,"column":13}},"478":{"start":{"line":1301,"column":16},"end":{"line":1301,"column":42}},"479":{"start":{"line":1305,"column":16},"end":{"line":1305,"column":51}},"480":{"start":{"line":1310,"column":12},"end":{"line":1310,"column":74}},"481":{"start":{"line":1313,"column":8},"end":{"line":1313,"column":34}},"482":{"start":{"line":1316,"column":4},"end":{"line":1320,"column":6}},"483":{"start":{"line":1319,"column":8},"end":{"line":1319,"column":37}},"484":{"start":{"line":1322,"column":4},"end":{"line":1322,"column":32}},"485":{"start":{"line":1323,"column":4},"end":{"line":1323,"column":46}},"486":{"start":{"line":1324,"column":4},"end":{"line":1324,"column":50}},"487":{"start":{"line":1325,"column":4},"end":{"line":1325,"column":48}},"488":{"start":{"line":1326,"column":4},"end":{"line":1326,"column":46}},"489":{"start":{"line":1327,"column":4},"end":{"line":1327,"column":58}},"490":{"start":{"line":1328,"column":4},"end":{"line":1328,"column":66}},"491":{"start":{"line":1329,"column":4},"end":{"line":1329,"column":52}},"492":{"start":{"line":1330,"column":4},"end":{"line":1330,"column":52}},"493":{"start":{"line":1331,"column":4},"end":{"line":1331,"column":46}},"494":{"start":{"line":1332,"column":4},"end":{"line":1332,"column":50}},"495":{"start":{"line":1333,"column":4},"end":{"line":1333,"column":72}},"496":{"start":{"line":1334,"column":4},"end":{"line":1334,"column":80}},"497":{"start":{"line":1336,"column":4},"end":{"line":1336,"column":58}},"498":{"start":{"line":1337,"column":4},"end":{"line":1337,"column":70}},"499":{"start":{"line":1338,"column":4},"end":{"line":1338,"column":70}},"500":{"start":{"line":1339,"column":4},"end":{"line":1339,"column":64}},"501":{"start":{"line":1340,"column":4},"end":{"line":1340,"column":68}},"502":{"start":{"line":1345,"column":4},"end":{"line":1345,"column":22}},"503":{"start":{"line":1348,"column":0},"end":{"line":1365,"column":2}},"504":{"start":{"line":1352,"column":4},"end":{"line":1355,"column":5}},"505":{"start":{"line":1354,"column":8},"end":{"line":1354,"column":17}},"506":{"start":{"line":1357,"column":4},"end":{"line":1357,"column":18}},"507":{"start":{"line":1359,"column":4},"end":{"line":1362,"column":5}},"508":{"start":{"line":1361,"column":8},"end":{"line":1361,"column":32}},"509":{"start":{"line":1364,"column":4},"end":{"line":1364,"column":13}},"510":{"start":{"line":1367,"column":0},"end":{"line":1384,"column":2}},"511":{"start":{"line":1371,"column":4},"end":{"line":1374,"column":5}},"512":{"start":{"line":1373,"column":8},"end":{"line":1373,"column":17}},"513":{"start":{"line":1376,"column":4},"end":{"line":1376,"column":18}},"514":{"start":{"line":1378,"column":4},"end":{"line":1381,"column":5}},"515":{"start":{"line":1380,"column":8},"end":{"line":1380,"column":39}},"516":{"start":{"line":1383,"column":4},"end":{"line":1383,"column":13}},"517":{"start":{"line":1387,"column":0},"end":{"line":1402,"column":2}},"518":{"start":{"line":1390,"column":4},"end":{"line":1393,"column":5}},"519":{"start":{"line":1392,"column":8},"end":{"line":1392,"column":21}},"520":{"start":{"line":1394,"column":4},"end":{"line":1394,"column":17}},"521":{"start":{"line":1395,"column":4},"end":{"line":1400,"column":5}},"522":{"start":{"line":1398,"column":8},"end":{"line":1398,"column":49}},"523":{"start":{"line":1401,"column":4},"end":{"line":1401,"column":19}},"524":{"start":{"line":1404,"column":0},"end":{"line":1474,"column":2}},"525":{"start":{"line":1408,"column":4},"end":{"line":1408,"column":30}},"526":{"start":{"line":1410,"column":4},"end":{"line":1473,"column":5}},"527":{"start":{"line":1412,"column":8},"end":{"line":1427,"column":9}},"528":{"start":{"line":1414,"column":12},"end":{"line":1419,"column":13}},"529":{"start":{"line":1416,"column":16},"end":{"line":1416,"column":39}},"530":{"start":{"line":1417,"column":16},"end":{"line":1417,"column":56}},"531":{"start":{"line":1418,"column":16},"end":{"line":1418,"column":41}},"532":{"start":{"line":1421,"column":12},"end":{"line":1426,"column":13}},"533":{"start":{"line":1423,"column":16},"end":{"line":1423,"column":39}},"534":{"start":{"line":1424,"column":16},"end":{"line":1424,"column":57}},"535":{"start":{"line":1425,"column":16},"end":{"line":1425,"column":41}},"536":{"start":{"line":1429,"column":8},"end":{"line":1429,"column":38}},"537":{"start":{"line":1431,"column":9},"end":{"line":1473,"column":5}},"538":{"start":{"line":1433,"column":8},"end":{"line":1433,"column":24}},"539":{"start":{"line":1435,"column":8},"end":{"line":1440,"column":9}},"540":{"start":{"line":1437,"column":12},"end":{"line":1437,"column":45}},"541":{"start":{"line":1438,"column":12},"end":{"line":1438,"column":48}},"542":{"start":{"line":1439,"column":12},"end":{"line":1439,"column":41}},"543":{"start":{"line":1442,"column":8},"end":{"line":1445,"column":9}},"544":{"start":{"line":1444,"column":12},"end":{"line":1444,"column":35}},"545":{"start":{"line":1447,"column":8},"end":{"line":1450,"column":46}},"546":{"start":{"line":1452,"column":8},"end":{"line":1468,"column":15}},"547":{"start":{"line":1453,"column":42},"end":{"line":1453,"column":59}},"548":{"start":{"line":1456,"column":16},"end":{"line":1456,"column":34}},"549":{"start":{"line":1458,"column":16},"end":{"line":1461,"column":17}},"550":{"start":{"line":1460,"column":20},"end":{"line":1460,"column":71}},"551":{"start":{"line":1463,"column":16},"end":{"line":1467,"column":19}},"552":{"start":{"line":1472,"column":8},"end":{"line":1472,"column":22}},"553":{"start":{"line":1476,"column":0},"end":{"line":1482,"column":2}},"554":{"start":{"line":1481,"column":4},"end":{"line":1481,"column":89}},"555":{"start":{"line":1484,"column":0},"end":{"line":1488,"column":2}},"556":{"start":{"line":1487,"column":4},"end":{"line":1487,"column":83}},"557":{"start":{"line":1490,"column":0},"end":{"line":1591,"column":2}},"558":{"start":{"line":1494,"column":4},"end":{"line":1494,"column":42}},"559":{"start":{"line":1496,"column":4},"end":{"line":1588,"column":5}},"560":{"start":{"line":1498,"column":8},"end":{"line":1502,"column":9}},"561":{"start":{"line":1500,"column":12},"end":{"line":1500,"column":19}},"562":{"start":{"line":1501,"column":12},"end":{"line":1501,"column":27}},"563":{"start":{"line":1504,"column":8},"end":{"line":1507,"column":9}},"564":{"start":{"line":1506,"column":12},"end":{"line":1506,"column":63}},"565":{"start":{"line":1509,"column":8},"end":{"line":1519,"column":9}},"566":{"start":{"line":1511,"column":12},"end":{"line":1511,"column":55}},"567":{"start":{"line":1512,"column":12},"end":{"line":1512,"column":51}},"568":{"start":{"line":1513,"column":12},"end":{"line":1514,"column":68}},"569":{"start":{"line":1518,"column":12},"end":{"line":1518,"column":47}},"570":{"start":{"line":1521,"column":8},"end":{"line":1525,"column":9}},"571":{"start":{"line":1523,"column":12},"end":{"line":1523,"column":48}},"572":{"start":{"line":1524,"column":12},"end":{"line":1524,"column":46}},"573":{"start":{"line":1527,"column":8},"end":{"line":1539,"column":9}},"574":{"start":{"line":1529,"column":12},"end":{"line":1529,"column":56}},"575":{"start":{"line":1530,"column":12},"end":{"line":1530,"column":36}},"576":{"start":{"line":1534,"column":12},"end":{"line":1534,"column":39}},"577":{"start":{"line":1535,"column":12},"end":{"line":1538,"column":13}},"578":{"start":{"line":1537,"column":16},"end":{"line":1537,"column":41}},"579":{"start":{"line":1541,"column":8},"end":{"line":1541,"column":37}},"580":{"start":{"line":1543,"column":8},"end":{"line":1550,"column":9}},"581":{"start":{"line":1545,"column":12},"end":{"line":1545,"column":58}},"582":{"start":{"line":1546,"column":12},"end":{"line":1549,"column":14}},"583":{"start":{"line":1548,"column":16},"end":{"line":1548,"column":28}},"584":{"start":{"line":1552,"column":8},"end":{"line":1560,"column":9}},"585":{"start":{"line":1554,"column":12},"end":{"line":1554,"column":43}},"586":{"start":{"line":1555,"column":12},"end":{"line":1555,"column":63}},"587":{"start":{"line":1559,"column":12},"end":{"line":1559,"column":42}},"588":{"start":{"line":1562,"column":8},"end":{"line":1576,"column":9}},"589":{"start":{"line":1564,"column":12},"end":{"line":1568,"column":20}},"590":{"start":{"line":1572,"column":12},"end":{"line":1575,"column":13}},"591":{"start":{"line":1574,"column":16},"end":{"line":1574,"column":62}},"592":{"start":{"line":1578,"column":8},"end":{"line":1578,"column":39}},"593":{"start":{"line":1580,"column":8},"end":{"line":1583,"column":9}},"594":{"start":{"line":1582,"column":12},"end":{"line":1582,"column":39}},"595":{"start":{"line":1587,"column":8},"end":{"line":1587,"column":70}},"596":{"start":{"line":1590,"column":4},"end":{"line":1590,"column":96}},"597":{"start":{"line":1593,"column":0},"end":{"line":1668,"column":2}},"598":{"start":{"line":1597,"column":4},"end":{"line":1597,"column":30}},"599":{"start":{"line":1599,"column":4},"end":{"line":1665,"column":5}},"600":{"start":{"line":1601,"column":8},"end":{"line":1601,"column":38}},"601":{"start":{"line":1603,"column":8},"end":{"line":1606,"column":9}},"602":{"start":{"line":1605,"column":12},"end":{"line":1605,"column":62}},"603":{"start":{"line":1608,"column":8},"end":{"line":1619,"column":9}},"604":{"start":{"line":1610,"column":12},"end":{"line":1614,"column":30}},"605":{"start":{"line":1618,"column":12},"end":{"line":1618,"column":47}},"606":{"start":{"line":1621,"column":8},"end":{"line":1628,"column":9}},"607":{"start":{"line":1623,"column":12},"end":{"line":1623,"column":64}},"608":{"start":{"line":1624,"column":12},"end":{"line":1627,"column":14}},"609":{"start":{"line":1626,"column":16},"end":{"line":1626,"column":28}},"610":{"start":{"line":1630,"column":8},"end":{"line":1644,"column":9}},"611":{"start":{"line":1632,"column":12},"end":{"line":1636,"column":85}},"612":{"start":{"line":1640,"column":12},"end":{"line":1643,"column":13}},"613":{"start":{"line":1642,"column":16},"end":{"line":1642,"column":68}},"614":{"start":{"line":1646,"column":8},"end":{"line":1658,"column":9}},"615":{"start":{"line":1648,"column":12},"end":{"line":1648,"column":46}},"616":{"start":{"line":1650,"column":12},"end":{"line":1653,"column":13}},"617":{"start":{"line":1652,"column":16},"end":{"line":1652,"column":51}},"618":{"start":{"line":1657,"column":12},"end":{"line":1657,"column":26}},"619":{"start":{"line":1660,"column":8},"end":{"line":1660,"column":34}},"620":{"start":{"line":1664,"column":8},"end":{"line":1664,"column":70}},"621":{"start":{"line":1667,"column":4},"end":{"line":1667,"column":30}},"622":{"start":{"line":1670,"column":0},"end":{"line":1712,"column":2}},"623":{"start":{"line":1674,"column":4},"end":{"line":1674,"column":25}},"624":{"start":{"line":1676,"column":4},"end":{"line":1709,"column":5}},"625":{"start":{"line":1678,"column":8},"end":{"line":1681,"column":9}},"626":{"start":{"line":1680,"column":12},"end":{"line":1680,"column":59}},"627":{"start":{"line":1683,"column":8},"end":{"line":1683,"column":54}},"628":{"start":{"line":1685,"column":8},"end":{"line":1699,"column":9}},"629":{"start":{"line":1687,"column":12},"end":{"line":1687,"column":97}},"630":{"start":{"line":1691,"column":12},"end":{"line":1693,"column":27}},"631":{"start":{"line":1695,"column":12},"end":{"line":1698,"column":13}},"632":{"start":{"line":1697,"column":16},"end":{"line":1697,"column":51}},"633":{"start":{"line":1701,"column":8},"end":{"line":1704,"column":9}},"634":{"start":{"line":1703,"column":12},"end":{"line":1703,"column":39}},"635":{"start":{"line":1708,"column":8},"end":{"line":1708,"column":70}},"636":{"start":{"line":1711,"column":4},"end":{"line":1711,"column":96}},"637":{"start":{"line":1714,"column":0},"end":{"line":1766,"column":2}},"638":{"start":{"line":1718,"column":4},"end":{"line":1718,"column":28}},"639":{"start":{"line":1720,"column":4},"end":{"line":1763,"column":5}},"640":{"start":{"line":1722,"column":8},"end":{"line":1722,"column":38}},"641":{"start":{"line":1724,"column":8},"end":{"line":1725,"column":59}},"642":{"start":{"line":1727,"column":8},"end":{"line":1730,"column":9}},"643":{"start":{"line":1729,"column":12},"end":{"line":1729,"column":62}},"644":{"start":{"line":1732,"column":8},"end":{"line":1749,"column":9}},"645":{"start":{"line":1734,"column":12},"end":{"line":1740,"column":26}},"646":{"start":{"line":1744,"column":12},"end":{"line":1748,"column":69}},"647":{"start":{"line":1751,"column":8},"end":{"line":1758,"column":9}},"648":{"start":{"line":1753,"column":12},"end":{"line":1753,"column":38}},"649":{"start":{"line":1757,"column":12},"end":{"line":1757,"column":47}},"650":{"start":{"line":1762,"column":8},"end":{"line":1762,"column":70}},"651":{"start":{"line":1765,"column":4},"end":{"line":1765,"column":30}},"652":{"start":{"line":1768,"column":0},"end":{"line":1772,"column":1}},"653":{"start":{"line":1770,"column":4},"end":{"line":1770,"column":26}},"654":{"start":{"line":1771,"column":4},"end":{"line":1771,"column":34}}},"branchMap":{"1":{"line":33,"type":"binary-expr","locations":[{"start":{"line":33,"column":14},"end":{"line":33,"column":21}},{"start":{"line":33,"column":25},"end":{"line":33,"column":27}}]},"2":{"line":41,"type":"cond-expr","locations":[{"start":{"line":41,"column":47},"end":{"line":41,"column":55}},{"start":{"line":41,"column":58},"end":{"line":41,"column":67}}]},"3":{"line":48,"type":"if","locations":[{"start":{"line":48,"column":4},"end":{"line":48,"column":4}},{"start":{"line":48,"column":4},"end":{"line":48,"column":4}}]},"4":{"line":54,"type":"if","locations":[{"start":{"line":54,"column":4},"end":{"line":54,"column":4}},{"start":{"line":54,"column":4},"end":{"line":54,"column":4}}]},"5":{"line":60,"type":"if","locations":[{"start":{"line":60,"column":4},"end":{"line":60,"column":4}},{"start":{"line":60,"column":4},"end":{"line":60,"column":4}}]},"6":{"line":71,"type":"if","locations":[{"start":{"line":71,"column":8},"end":{"line":71,"column":8}},{"start":{"line":71,"column":8},"end":{"line":71,"column":8}}]},"7":{"line":78,"type":"if","locations":[{"start":{"line":78,"column":8},"end":{"line":78,"column":8}},{"start":{"line":78,"column":8},"end":{"line":78,"column":8}}]},"8":{"line":97,"type":"if","locations":[{"start":{"line":97,"column":4},"end":{"line":97,"column":4}},{"start":{"line":97,"column":4},"end":{"line":97,"column":4}}]},"9":{"line":133,"type":"if","locations":[{"start":{"line":133,"column":8},"end":{"line":133,"column":8}},{"start":{"line":133,"column":8},"end":{"line":133,"column":8}}]},"10":{"line":148,"type":"if","locations":[{"start":{"line":148,"column":4},"end":{"line":148,"column":4}},{"start":{"line":148,"column":4},"end":{"line":148,"column":4}}]},"11":{"line":154,"type":"binary-expr","locations":[{"start":{"line":154,"column":19},"end":{"line":154,"column":40}},{"start":{"line":154,"column":45},"end":{"line":154,"column":53}}]},"12":{"line":165,"type":"if","locations":[{"start":{"line":165,"column":4},"end":{"line":165,"column":4}},{"start":{"line":165,"column":4},"end":{"line":165,"column":4}}]},"13":{"line":167,"type":"if","locations":[{"start":{"line":167,"column":8},"end":{"line":167,"column":8}},{"start":{"line":167,"column":8},"end":{"line":167,"column":8}}]},"14":{"line":171,"type":"if","locations":[{"start":{"line":171,"column":16},"end":{"line":171,"column":16}},{"start":{"line":171,"column":16},"end":{"line":171,"column":16}}]},"15":{"line":175,"type":"if","locations":[{"start":{"line":175,"column":21},"end":{"line":175,"column":21}},{"start":{"line":175,"column":21},"end":{"line":175,"column":21}}]},"16":{"line":179,"type":"if","locations":[{"start":{"line":179,"column":24},"end":{"line":179,"column":24}},{"start":{"line":179,"column":24},"end":{"line":179,"column":24}}]},"17":{"line":215,"type":"if","locations":[{"start":{"line":215,"column":4},"end":{"line":215,"column":4}},{"start":{"line":215,"column":4},"end":{"line":215,"column":4}}]},"18":{"line":217,"type":"if","locations":[{"start":{"line":217,"column":8},"end":{"line":217,"column":8}},{"start":{"line":217,"column":8},"end":{"line":217,"column":8}}]},"19":{"line":224,"type":"if","locations":[{"start":{"line":224,"column":16},"end":{"line":224,"column":16}},{"start":{"line":224,"column":16},"end":{"line":224,"column":16}}]},"20":{"line":232,"type":"if","locations":[{"start":{"line":232,"column":24},"end":{"line":232,"column":24}},{"start":{"line":232,"column":24},"end":{"line":232,"column":24}}]},"21":{"line":268,"type":"if","locations":[{"start":{"line":268,"column":8},"end":{"line":268,"column":8}},{"start":{"line":268,"column":8},"end":{"line":268,"column":8}}]},"22":{"line":283,"type":"if","locations":[{"start":{"line":283,"column":4},"end":{"line":283,"column":4}},{"start":{"line":283,"column":4},"end":{"line":283,"column":4}}]},"23":{"line":289,"type":"binary-expr","locations":[{"start":{"line":289,"column":16},"end":{"line":289,"column":37}},{"start":{"line":289,"column":42},"end":{"line":289,"column":50}}]},"24":{"line":300,"type":"if","locations":[{"start":{"line":300,"column":4},"end":{"line":300,"column":4}},{"start":{"line":300,"column":4},"end":{"line":300,"column":4}}]},"25":{"line":302,"type":"if","locations":[{"start":{"line":302,"column":8},"end":{"line":302,"column":8}},{"start":{"line":302,"column":8},"end":{"line":302,"column":8}}]},"26":{"line":306,"type":"if","locations":[{"start":{"line":306,"column":16},"end":{"line":306,"column":16}},{"start":{"line":306,"column":16},"end":{"line":306,"column":16}}]},"27":{"line":310,"type":"if","locations":[{"start":{"line":310,"column":21},"end":{"line":310,"column":21}},{"start":{"line":310,"column":21},"end":{"line":310,"column":21}}]},"28":{"line":314,"type":"if","locations":[{"start":{"line":314,"column":24},"end":{"line":314,"column":24}},{"start":{"line":314,"column":24},"end":{"line":314,"column":24}}]},"29":{"line":350,"type":"if","locations":[{"start":{"line":350,"column":4},"end":{"line":350,"column":4}},{"start":{"line":350,"column":4},"end":{"line":350,"column":4}}]},"30":{"line":352,"type":"if","locations":[{"start":{"line":352,"column":8},"end":{"line":352,"column":8}},{"start":{"line":352,"column":8},"end":{"line":352,"column":8}}]},"31":{"line":359,"type":"if","locations":[{"start":{"line":359,"column":16},"end":{"line":359,"column":16}},{"start":{"line":359,"column":16},"end":{"line":359,"column":16}}]},"32":{"line":367,"type":"if","locations":[{"start":{"line":367,"column":24},"end":{"line":367,"column":24}},{"start":{"line":367,"column":24},"end":{"line":367,"column":24}}]},"33":{"line":398,"type":"if","locations":[{"start":{"line":398,"column":4},"end":{"line":398,"column":4}},{"start":{"line":398,"column":4},"end":{"line":398,"column":4}}]},"34":{"line":408,"type":"if","locations":[{"start":{"line":408,"column":8},"end":{"line":408,"column":8}},{"start":{"line":408,"column":8},"end":{"line":408,"column":8}}]},"35":{"line":415,"type":"if","locations":[{"start":{"line":415,"column":12},"end":{"line":415,"column":12}},{"start":{"line":415,"column":12},"end":{"line":415,"column":12}}]},"36":{"line":422,"type":"if","locations":[{"start":{"line":422,"column":16},"end":{"line":422,"column":16}},{"start":{"line":422,"column":16},"end":{"line":422,"column":16}}]},"37":{"line":429,"type":"if","locations":[{"start":{"line":429,"column":20},"end":{"line":429,"column":20}},{"start":{"line":429,"column":20},"end":{"line":429,"column":20}}]},"38":{"line":449,"type":"if","locations":[{"start":{"line":449,"column":8},"end":{"line":449,"column":8}},{"start":{"line":449,"column":8},"end":{"line":449,"column":8}}]},"39":{"line":456,"type":"if","locations":[{"start":{"line":456,"column":12},"end":{"line":456,"column":12}},{"start":{"line":456,"column":12},"end":{"line":456,"column":12}}]},"40":{"line":463,"type":"if","locations":[{"start":{"line":463,"column":16},"end":{"line":463,"column":16}},{"start":{"line":463,"column":16},"end":{"line":463,"column":16}}]},"41":{"line":470,"type":"if","locations":[{"start":{"line":470,"column":20},"end":{"line":470,"column":20}},{"start":{"line":470,"column":20},"end":{"line":470,"column":20}}]},"42":{"line":486,"type":"if","locations":[{"start":{"line":486,"column":4},"end":{"line":486,"column":4}},{"start":{"line":486,"column":4},"end":{"line":486,"column":4}}]},"43":{"line":498,"type":"if","locations":[{"start":{"line":498,"column":8},"end":{"line":498,"column":8}},{"start":{"line":498,"column":8},"end":{"line":498,"column":8}}]},"44":{"line":515,"type":"cond-expr","locations":[{"start":{"line":515,"column":32},"end":{"line":515,"column":67}},{"start":{"line":516,"column":32},"end":{"line":516,"column":56}}]},"45":{"line":519,"type":"if","locations":[{"start":{"line":519,"column":16},"end":{"line":519,"column":16}},{"start":{"line":519,"column":16},"end":{"line":519,"column":16}}]},"46":{"line":526,"type":"cond-expr","locations":[{"start":{"line":527,"column":24},"end":{"line":527,"column":29}},{"start":{"line":527,"column":32},"end":{"line":527,"column":59}}]},"47":{"line":531,"type":"cond-expr","locations":[{"start":{"line":532,"column":24},"end":{"line":532,"column":31}},{"start":{"line":532,"column":34},"end":{"line":532,"column":63}}]},"48":{"line":542,"type":"cond-expr","locations":[{"start":{"line":542,"column":30},"end":{"line":544,"column":76}},{"start":{"line":545,"column":30},"end":{"line":545,"column":47}}]},"49":{"line":543,"type":"cond-expr","locations":[{"start":{"line":544,"column":36},"end":{"line":544,"column":43}},{"start":{"line":544,"column":46},"end":{"line":544,"column":75}}]},"50":{"line":571,"type":"if","locations":[{"start":{"line":571,"column":4},"end":{"line":571,"column":4}},{"start":{"line":571,"column":4},"end":{"line":571,"column":4}}]},"51":{"line":583,"type":"if","locations":[{"start":{"line":583,"column":8},"end":{"line":583,"column":8}},{"start":{"line":583,"column":8},"end":{"line":583,"column":8}}]},"52":{"line":602,"type":"switch","locations":[{"start":{"line":604,"column":16},"end":{"line":608,"column":26}},{"start":{"line":610,"column":16},"end":{"line":613,"column":26}},{"start":{"line":615,"column":16},"end":{"line":623,"column":26}},{"start":{"line":625,"column":16},"end":{"line":636,"column":26}}]},"53":{"line":616,"type":"if","locations":[{"start":{"line":616,"column":20},"end":{"line":616,"column":20}},{"start":{"line":616,"column":20},"end":{"line":616,"column":20}}]},"54":{"line":626,"type":"if","locations":[{"start":{"line":626,"column":20},"end":{"line":626,"column":20}},{"start":{"line":626,"column":20},"end":{"line":626,"column":20}}]},"55":{"line":631,"type":"if","locations":[{"start":{"line":631,"column":20},"end":{"line":631,"column":20}},{"start":{"line":631,"column":20},"end":{"line":631,"column":20}}]},"56":{"line":639,"type":"if","locations":[{"start":{"line":639,"column":12},"end":{"line":639,"column":12}},{"start":{"line":639,"column":12},"end":{"line":639,"column":12}}]},"57":{"line":647,"type":"if","locations":[{"start":{"line":647,"column":12},"end":{"line":647,"column":12}},{"start":{"line":647,"column":12},"end":{"line":647,"column":12}}]},"58":{"line":656,"type":"if","locations":[{"start":{"line":656,"column":16},"end":{"line":656,"column":16}},{"start":{"line":656,"column":16},"end":{"line":656,"column":16}}]},"59":{"line":661,"type":"if","locations":[{"start":{"line":661,"column":16},"end":{"line":661,"column":16}},{"start":{"line":661,"column":16},"end":{"line":661,"column":16}}]},"60":{"line":666,"type":"if","locations":[{"start":{"line":666,"column":16},"end":{"line":666,"column":16}},{"start":{"line":666,"column":16},"end":{"line":666,"column":16}}]},"61":{"line":668,"type":"if","locations":[{"start":{"line":668,"column":20},"end":{"line":668,"column":20}},{"start":{"line":668,"column":20},"end":{"line":668,"column":20}}]},"62":{"line":673,"type":"if","locations":[{"start":{"line":673,"column":20},"end":{"line":673,"column":20}},{"start":{"line":673,"column":20},"end":{"line":673,"column":20}}]},"63":{"line":683,"type":"if","locations":[{"start":{"line":683,"column":20},"end":{"line":683,"column":20}},{"start":{"line":683,"column":20},"end":{"line":683,"column":20}}]},"64":{"line":713,"type":"if","locations":[{"start":{"line":713,"column":4},"end":{"line":713,"column":4}},{"start":{"line":713,"column":4},"end":{"line":713,"column":4}}]},"65":{"line":725,"type":"if","locations":[{"start":{"line":725,"column":8},"end":{"line":725,"column":8}},{"start":{"line":725,"column":8},"end":{"line":725,"column":8}}]},"66":{"line":742,"type":"cond-expr","locations":[{"start":{"line":742,"column":28},"end":{"line":742,"column":63}},{"start":{"line":743,"column":28},"end":{"line":743,"column":52}}]},"67":{"line":746,"type":"if","locations":[{"start":{"line":746,"column":16},"end":{"line":746,"column":16}},{"start":{"line":746,"column":16},"end":{"line":746,"column":16}}]},"68":{"line":753,"type":"cond-expr","locations":[{"start":{"line":754,"column":24},"end":{"line":754,"column":36}},{"start":{"line":754,"column":39},"end":{"line":754,"column":73}}]},"69":{"line":758,"type":"cond-expr","locations":[{"start":{"line":759,"column":24},"end":{"line":759,"column":31}},{"start":{"line":759,"column":34},"end":{"line":759,"column":63}}]},"70":{"line":790,"type":"if","locations":[{"start":{"line":790,"column":4},"end":{"line":790,"column":4}},{"start":{"line":790,"column":4},"end":{"line":790,"column":4}}]},"71":{"line":802,"type":"if","locations":[{"start":{"line":802,"column":8},"end":{"line":802,"column":8}},{"start":{"line":802,"column":8},"end":{"line":802,"column":8}}]},"72":{"line":821,"type":"switch","locations":[{"start":{"line":823,"column":16},"end":{"line":827,"column":26}},{"start":{"line":829,"column":16},"end":{"line":832,"column":26}},{"start":{"line":834,"column":16},"end":{"line":842,"column":26}}]},"73":{"line":835,"type":"if","locations":[{"start":{"line":835,"column":20},"end":{"line":835,"column":20}},{"start":{"line":835,"column":20},"end":{"line":835,"column":20}}]},"74":{"line":845,"type":"if","locations":[{"start":{"line":845,"column":12},"end":{"line":845,"column":12}},{"start":{"line":845,"column":12},"end":{"line":845,"column":12}}]},"75":{
[...]
":872,"column":16},"end":{"line":872,"column":16}}]},"79":{"line":874,"type":"if","locations":[{"start":{"line":874,"column":20},"end":{"line":874,"column":20}},{"start":{"line":874,"column":20},"end":{"line":874,"column":20}}]},"80":{"line":879,"type":"if","locations":[{"start":{"line":879,"column":20},"end":{"line":879,"column":20}},{"start":{"line":879,"column":20},"end":{"line":879,"column":20}}]},"81":{"line":889,"type":"if","locations":[{"start":{"line":889,"column":20},"end":{"line":889,"column":20}},{"start":{"line":889,"column":20},"end":{"line":889,"column":20}}]},"82":{"line":919,"type":"if","locations":[{"start":{"line":919,"column":4},"end":{"line":919,"column":4}},{"start":{"line":919,"column":4},"end":{"line":919,"column":4}}]},"83":{"line":929,"type":"if","locations":[{"start":{"line":929,"column":8},"end":{"line":929,"column":8}},{"start":{"line":929,"column":8},"end":{"line":929,"column":8}}]},"84":{"line":936,"type":"if","locations":[{"start":{"line":936,"column":12},"end":{"line":936,"column":12}},{"start":{"line":936,"column":12},"end":{"line":936,"column":12}}]},"85":{"line":943,"type":"if","locations":[{"start":{"line":943,"column":16},"end":{"line":943,"column":16}},{"start":{"line":943,"column":16},"end":{"line":943,"column":16}}]},"86":{"line":968,"type":"if","locations":[{"start":{"line":968,"column":4},"end":{"line":968,"column":4}},{"start":{"line":968,"column":4},"end":{"line":968,"column":4}}]},"87":{"line":978,"type":"if","locations":[{"start":{"line":978,"column":8},"end":{"line":978,"column":8}},{"start":{"line":978,"column":8},"end":{"line":978,"column":8}}]},"88":{"line":985,"type":"if","locations":[{"start":{"line":985,"column":12},"end":{"line":985,"column":12}},{"start":{"line":985,"column":12},"end":{"line":985,"column":12}}]},"89":{"line":992,"type":"if","locations":[{"start":{"line":992,"column":16},"end":{"line":992,"column":16}},{"start":{"line":992,"column":16},"end":{"line":992,"column":16}}]},"90":{"line":1015,"type":"if","locations":[{"start":{"line":1015,"column":0},"end":{"line":1015,"column":0}},{"start":{"line":1015,"column":0},"end":{"line":1015,"column":0}}]},"91":{"line":1027,"type":"if","locations":[{"start":{"line":1027,"column":8},"end":{"line":1027,"column":8}},{"start":{"line":1027,"column":8},"end":{"line":1027,"column":8}}]},"92":{"line":1027,"type":"binary-expr","locations":[{"start":{"line":1027,"column":13},"end":{"line":1027,"column":36}},{"start":{"line":1028,"column":13},"end":{"line":1028,"column":51}}]},"93":{"line":1030,"type":"if","locations":[{"start":{"line":1030,"column":12},"end":{"line":1030,"column":12}},{"start":{"line":1030,"column":12},"end":{"line":1030,"column":12}}]},"94":{"line":1034,"type":"if","locations":[{"start":{"line":1034,"column":17},"end":{"line":1034,"column":17}},{"start":{"line":1034,"column":17},"end":{"line":1034,"column":17}}]},"95":{"line":1041,"type":"if","locations":[{"start":{"line":1041,"column":13},"end":{"line":1041,"column":13}},{"start":{"line":1041,"column":13},"end":{"line":1041,"column":13}}]},"96":{"line":1041,"type":"binary-expr","locations":[{"start":{"line":1041,"column":17},"end":{"line":1041,"column":20}},{"start":{"line":1041,"column":24},"end":{"line":1041,"column":36}}]},"97":{"line":1043,"type":"binary-expr","locations":[{"start":{"line":1043,"column":23},"end":{"line":1043,"column":31}},{"start":{"line":1043,"column":35},"end":{"line":1043,"column":64}}]},"98":{"line":1046,"type":"if","locations":[{"start":{"line":1046,"column":12},"end":{"line":1046,"column":12}},{"start":{"line":1046,"column":12},"end":{"line":1046,"column":12}}]},"99":{"line":1056,"type":"if","locations":[{"start":{"line":1056,"column":16},"end":{"line":1056,"column":16}},{"start":{"line":1056,"column":16},"end":{"line":1056,"column":16}}]},"100":{"line":1061,"type":"if","locations":[{"start":{"line":1061,"column":16},"end":{"line":1061,"column":16}},{"start":{"line":1061,"column":16},"end":{"line":1061,"column":16}}]},"101":{"line":1082,"type":"cond-expr","locations":[{"start":{"line":1082,"column":35},"end":{"line":1082,"column":75}},{"start":{"line":1082,"column":78},"end":{"line":1082,"column":82}}]},"102":{"line":1088,"type":"cond-expr","locations":[{"start":{"line":1088,"column":35},"end":{"line":1088,"column":68}},{"start":{"line":1088,"column":71},"end":{"line":1088,"column":75}}]},"103":{"line":1099,"type":"if","locations":[{"start":{"line":1099,"column":12},"end":{"line":1099,"column":12}},{"start":{"line":1099,"column":12},"end":{"line":1099,"column":12}}]},"104":{"line":1105,"type":"if","locations":[{"start":{"line":1105,"column":12},"end":{"line":1105,"column":12}},{"start":{"line":1105,"column":12},"end":{"line":1105,"column":12}}]},"105":{"line":1110,"type":"if","locations":[{"start":{"line":1110,"column":12},"end":{"line":1110,"column":12}},{"start":{"line":1110,"column":12},"end":{"line":1110,"column":12}}]},"106":{"line":1120,"type":"binary-expr","locations":[{"start":{"line":1120,"column":22},"end":{"line":1120,"column":34}},{"start":{"line":1120,"column":38},"end":{"line":1120,"column":46}}]},"107":{"line":1123,"type":"binary-expr","locations":[{"start":{"line":1123,"column":17},"end":{"line":1123,"column":19}},{"start":{"line":1123,"column":23},"end":{"line":1123,"column":57}}]},"108":{"line":1124,"type":"cond-expr","locations":[{"start":{"line":1124,"column":35},"end":{"line":1124,"column":61}},{"start":{"line":1124,"column":64},"end":{"line":1124,"column":66}}]},"109":{"line":1131,"type":"if","locations":[{"start":{"line":1131,"column":12},"end":{"line":1131,"column":12}},{"start":{"line":1131,"column":12},"end":{"line":1131,"column":12}}]},"110":{"line":1143,"type":"if","locations":[{"start":{"line":1143,"column":12},"end":{"line":1143,"column":12}},{"start":{"line":1143,"column":12},"end":{"line":1143,"column":12}}]},"111":{"line":1154,"type":"cond-expr","locations":[{"start":{"line":1154,"column":54},"end":{"line":1154,"column":56}},{"start":{"line":1154,"column":59},"end":{"line":1154,"column":72}}]},"112":{"line":1170,"type":"if","locations":[{"start":{"line":1170,"column":12},"end":{"line":1170,"column":12}},{"start":{"line":1170,"column":12},"end":{"line":1170,"column":12}}]},"113":{"line":1174,"type":"if","locations":[{"start":{"line":1174,"column":17},"end":{"line":1174,"column":17}},{"start":{"line":1174,"column":17},"end":{"line":1174,"column":17}}]},"114":{"line":1176,"type":"binary-expr","locations":[{"start":{"line":1176,"column":22},"end":{"line":1176,"column":34}},{"start":{"line":1176,"column":38},"end":{"line":1176,"column":46}}]},"115":{"line":1186,"type":"cond-expr","locations":[{"start":{"line":1186,"column":36},"end":{"line":1186,"column":70}},{"start":{"line":1187,"column":36},"end":{"line":1187,"column":43}}]},"116":{"line":1193,"type":"if","locations":[{"start":{"line":1193,"column":12},"end":{"line":1193,"column":12}},{"start":{"line":1193,"column":12},"end":{"line":1193,"column":12}}]},"117":{"line":1197,"type":"if","locations":[{"start":{"line":1197,"column":16},"end":{"line":1197,"column":16}},{"start":{"line":1197,"column":16},"end":{"line":1197,"column":16}}]},"118":{"line":1214,"type":"cond-expr","locations":[{"start":{"line":1214,"column":54},"end":{"line":1214,"column":56}},{"start":{"line":1214,"column":59},"end":{"line":1214,"column":72}}]},"119":{"line":1230,"type":"if","locations":[{"start":{"line":1230,"column":12},"end":{"line":1230,"column":12}},{"start":{"line":1230,"column":12},"end":{"line":1230,"column":12}}]},"120":{"line":1238,"type":"if","locations":[{"start":{"line":1238,"column":17},"end":{"line":1238,"column":17}},{"start":{"line":1238,"column":17},"end":{"line":1238,"column":17}}]},"121":{"line":1240,"type":"binary-expr","locations":[{"start":{"line":1240,"column":56},"end":{"line":1240,"column":68}},{"start":{"line":1240,"column":72},"end":{"line":1240,"column":80}}]},"122":{"line":1249,"type":"if","locations":[{"start":{"line":1249,"column":12},"end":{"line":1249,"column":12}},{"start":{"line":1249,"column":12},"end":{"line":1249,"column":12}}]},"123":{"line":1256,"type":"cond-expr","locations":[{"start":{"line":1256,"column":54},"end":{"line":1256,"column":56}},{"start":{"line":1256,"column":59},"end":{"line":1256,"column":72}}]},"124":{"line":1272,"type":"cond-expr","locations":[{"start":{"line":1272,"column":36},"end":{"line":1272,"column":72}},{"start":{"line":1273,"column":36},"end":{"line":1273,"column":45}}]},"125":{"line":1275,"type":"if","locations":[{"start":{"line":1275,"column":12},"end":{"line":1275,"column":12}},{"start":{"line":1275,"column":12},"end":{"line":1275,"column":12}}]},"126":{"line":1280,"type":"if","locations":[{"start":{"line":1280,"column":12},"end":{"line":1280,"column":12}},{"start":{"line":1280,"column":12},"end":{"line":1280,"column":12}}]},"127":{"line":1292,"type":"binary-expr","locations":[{"start":{"line":1292,"column":55},"end":{"line":1292,"column":67}},{"start":{"line":1292,"column":71},"end":{"line":1292,"column":79}}]},"128":{"line":1294,"type":"cond-expr","locations":[{"start":{"line":1294,"column":53},"end":{"line":1295,"column":78}},{"start":{"line":1296,"column":53},"end":{"line":1296,"column":67}}]},"129":{"line":1299,"type":"if","locations":[{"start":{"line":1299,"column":12},"end":{"line":1299,"column":12}},{"start":{"line":1299,"column":12},"end":{"line":1299,"column":12}}]},"130":{"line":1310,"type":"cond-expr","locations":[{"start":{"line":1310,"column":54},"end":{"line":1310,"column":56}},{"start":{"line":1310,"column":59},"end":{"line":1310,"column":72}}]},"131":{"line":1352,"type":"if","locations":[{"start":{"line":1352,"column":4},"end":{"line":1352,"column":4}},{"start":{"line":1352,"column":4},"end":{"line":1352,"column":4}}]},"132":{"line":1371,"type":"if","locations":[{"start":{"line":1371,"column":4},"end":{"line":1371,"column":4}},{"start":{"line":1371,"column":4},"end":{"line":1371,"column":4}}]},"133":{"line":1390,"type":"if","locations":[{"start":{"line":1390,"column":4},"end":{"line":1390,"column":4}},{"start":{"line":1390,"column":4},"end":{"line":1390,"column":4}}]},"134":{"line":1410,"type":"if","locations":[{"start":{"line":1410,"column":4},"end":{"line":1410,"column":4}},{"start":{"line":1410,"column":4},"end":{"line":1410,"column":4}}]},"135":{"line":1412,"type":"if","locations":[{"start":{"line":1412,"column":8},"end":{"line":1412,"column":8}},{"start":{"line":1412,"column":8},"end":{"line":1412,"column":8}}]},"136":{"line":1414,"type":"if","locations":[{"start":{"line":1414,"column":12},"end":{"line":1414,"column":12}},{"start":{"line":1414,"column":12},"end":{"line":1414,"column":12}}]},"137":{"line":1421,"type":"if","locations":[{"start":{"line":1421,"column":12},"end":{"line":1421,"column":12}},{"start":{"line":1421,"column":12},"end":{"line":1421,"column":12}}]},"138":{"line":1431,"type":"if","locations":[{"start":{"line":1431,"column":9},"end":{"line":1431,"column":9}},{"start":{"line":1431,"column":9},"end":{"line":1431,"column":9}}]},"139":{"line":1431,"type":"binary-expr","locations":[{"start":{"line":1431,"column":13},"end":{"line":1431,"column":16}},{"start":{"line":1431,"column":20},"end":{"line":1431,"column":32}}]},"140":{"line":1435,"type":"if","locations":[{"start":{"line":1435,"column":8},"end":{"line":1435,"column":8}},{"start":{"line":1435,"column":8},"end":{"line":1435,"column":8}}]},"141":{"line":1442,"type":"if","locations":[{"start":{"line":1442,"column":8},"end":{"line":1442,"column":8}},{"start":{"line":1442,"column":8},"end":{"line":1442,"column":8}}]},"142":{"line":1453,"type":"binary-expr","locations":[{"start":{"line":1453,"column":12},"end":{"line":1453,"column":24}},{"start":{"line":1453,"column":28},"end":{"line":1453,"column":61}}]},"143":{"line":1481,"type":"cond-expr","locations":[{"start":{"line":1481,"column":31},"end":{"line":1481,"column":81}},{"start":{"line":1481,"column":84},"end":{"line":1481,"column":88}}]},"144":{"line":1487,"type":"cond-expr","locations":[{"start":{"line":1487,"column":31},"end":{"line":1487,"column":75}},{"start":{"line":1487,"column":78},"end":{"line":1487,"column":82}}]},"145":{"line":1498,"type":"if","locations":[{"start":{"line":1498,"column":8},"end":{"line":1498,"column":8}},{"start":{"line":1498,"column":8},"end":{"line":1498,"column":8}}]},"146":{"line":1504,"type":"if","locations":[{"start":{"line":1504,"column":8},"end":{"line":1504,"column":8}},{"start":{"line":1504,"column":8},"end":{"line":1504,"column":8}}]},"147":{"line":1509,"type":"if","locations":[{"start":{"line":1509,"column":8},"end":{"line":1509,"column":8}},{"start":{"line":1509,"column":8},"end":{"line":1509,"column":8}}]},"148":{"line":1513,"type":"cond-expr","locations":[{"start":{"line":1513,"column":36},"end":{"line":1513,"column":43}},{"start":{"line":1513,"column":46},"end":{"line":1513,"column":55}}]},"149":{"line":1518,"type":"binary-expr","locations":[{"start":{"line":1518,"column":22},"end":{"line":1518,"column":34}},{"start":{"line":1518,"column":38},"end":{"line":1518,"column":46}}]},"150":{"line":1521,"type":"if","locations":[{"start":{"line":1521,"column":8},"end":{"line":1521,"column":8}},{"start":{"line":1521,"column":8},"end":{"line":1521,"column":8}}]},"151":{"line":1527,"type":"if","locations":[{"start":{"line":1527,"column":8},"end":{"line":1527,"column":8}},{"start":{"line":1527,"column":8},"end":{"line":1527,"column":8}}]},"152":{"line":1529,"type":"cond-expr","locations":[{"start":{"line":1529,"column":35},"end":{"line":1529,"column":50}},{"start":{"line":1529,"column":53},"end":{"line":1529,"column":55}}]},"153":{"line":1535,"type":"if","locations":[{"start":{"line":1535,"column":12},"end":{"line":1535,"column":12}},{"start":{"line":1535,"column":12},"end":{"line":1535,"column":12}}]},"154":{"line":1543,"type":"if","locations":[{"start":{"line":1543,"column":8},"end":{"line":1543,"column":8}},{"start":{"line":1543,"column":8},"end":{"line":1543,"column":8}}]},"155":{"line":1552,"type":"if","locations":[{"start":{"line":1552,"column":8},"end":{"line":1552,"column":8}},{"start":{"line":1552,"column":8},"end":{"line":1552,"column":8}}]},"156":{"line":1572,"type":"if","locations":[{"start":{"line":1572,"column":12},"end":{"line":1572,"column":12}},{"start":{"line":1572,"column":12},"end":{"line":1572,"column":12}}]},"157":{"line":1580,"type":"if","locations":[{"start":{"line":1580,"column":8},"end":{"line":1580,"column":8}},{"start":{"line":1580,"column":8},"end":{"line":1580,"column":8}}]},"158":{"line":1587,"type":"cond-expr","locations":[{"start":{"line":1587,"column":50},"end":{"line":1587,"column":52}},{"start":{"line":1587,"column":55},"end":{"line":1587,"column":68}}]},"159":{"line":1603,"type":"if","locations":[{"start":{"line":1603,"column":8},"end":{"line":1603,"column":8}},{"start":{"line":1603,"column":8},"end":{"line":1603,"column":8}}]},"160":{"line":1608,"type":"if","locations":[{"start":{"line":1608,"column":8},"end":{"line":1608,"column":8}},{"start":{"line":1608,"column":8},"end":{"line":1608,"column":8}}]},"161":{"line":1611,"type":"cond-expr","locations":[{"start":{"line":1611,"column":33},"end":{"line":1611,"column":41}},{"start":{"line":1612,"column":33},"end":{"line":1613,"column":72}}]},"162":{"line":1612,"type":"cond-expr","locations":[{"start":{"line":1612,"column":65},"end":{"line":1612,"column":74}},{"start":{"line":1613,"column":65},"end":{"line":1613,"column":72}}]},"163":{"line":1618,"type":"binary-expr","locations":[{"start":{"line":1618,"column":22},"end":{"line":1618,"column":34}},{"start":{"line":1618,"column":38},"end":{"line":1618,"column":46}}]},"164":{"line":1621,"type":"if","locations":[{"start":{"line":1621,"column":8},"end":{"line":1621,"column":8}},{"start":{"line":1621,"column":8},"end":{"line":1621,"column":8}}]},"165":{"line":1633,"type":"cond-expr","locations":[{"start":{"line":1633,"column":51},"end":{"line":1633,"column":73}},{"start":{"line":1633,"column":76},"end":{"line":1633,"column":85}}]},"166":{"line":1636,"type":"cond-expr","locations":[{"start":{"line":1636,"column":51},"end":{"line":1636,"column":71}},{"start":{"line":1636,"column":74},"end":{"line":1636,"column":81}}]},"167":{"line":1640,"type":"if","locations":[{"start":{"line":1640,"column":12},"end":{"line":1640,"column":12}},{"start":{"line":1640,"column":12},"end":{"line":1640,"column":12}}]},"168":{"line":1646,"type":"if","locations":[{"start":{"line":1646,"column":8},"end":{"line":1646,"column":8}},{"start":{"line":1646,"column":8},"end":{"line":1646,"column":8}}]},"169":{"line":1650,"type":"if","locations":[{"start":{"line":1650,"column":12},"end":{"line":1650,"column":12}},{"start":{"line":1650,"column":12},"end":{"line":1650,"column":12}}]},"170":{"line":1664,"type":"cond-expr","locations":[{"start":{"line":1664,"column":50},"end":{"line":1664,"column":52}},{"start":{"line":1664,"column":55},"end":{"line":1664,"column":68}}]},"171":{"line":1678,"type":"if","locations":[{"start":{"line":1678,"column":8},"end":{"line":1678,"column":8}},{"start":{"line":1678,"column":8},"end":{"line":1678,"column":8}}]},"172":{"line":1685,"type":"if","locations":[{"start":{"line":1685,"column":8},"end":{"line":1685,"column":8}},{"start":{"line":1685,"column":8},"end":{"line":1685,"column":8}}]},"173":{"line":1687,"type":"cond-expr","locations":[{"start":{"line":1687,"column":41},"end":{"line":1687,"column":48}},{"start":{"line":1687,"column":51},"end":{"line":1687,"column":60}}]},"174":{"line":1692,"type":"binary-expr","locations":[{"start":{"line":1692,"column":36},"end":{"line":1692,"column":48}},{"start":{"line":1692,"column":52},"end":{"line":1692,"column":60}}]},"175":{"line":1695,"type":"if","locations":[{"start":{"line":1695,"column":12},"end":{"line":1695,"column":12}},{"start":{"line":1695,"column":12},"end":{"line":1695,"column":12}}]},"176":{"line":1701,"type":"if","locations":[{"start":{"line":1701,"column":8},"end":{"line":1701,"column":8}},{"start":{"line":1701,"column":8},"end":{"line":1701,"column":8}}]},"177":{"line":1708,"type":"cond-expr","locations":[{"start":{"line":1708,"column":50},"end":{"line":1708,"column":52}},{"start":{"line":1708,"column":55},"end":{"line":1708,"column":68}}]},"178":{"line":1724,"type":"cond-expr","locations":[{"start":{"line":1724,"column":32},"end":{"line":1724,"column":54}},{"start":{"line":1725,"column":32},"end":{"line":1725,"column":58}}]},"179":{"line":1727,"type":"if","locations":[{"start":{"line":1727,"column":8},"end":{"line":1727,"column":8}},{"start":{"line":1727,"column":8},"end":{"line":1727,"column":8}}]},"180":{"line":1732,"type":"if","locations":[{"start":{"line":1732,"column":8},"end":{"line":1732,"column":8}},{"start":{"line":1732,"column":8},"end":{"line":1732,"column":8}}]},"181":{"line":1735,"type":"cond-expr","locations":[{"start":{"line":1736,"column":20},"end":{"line":1736,"column":28}},{"start":{"line":1737,"column":20},"end":{"line":1738,"column":64}}]},"182":{"line":1737,"type":"cond-expr","locations":[{"start":{"line":1737,"column":57},"end":{"line":1737,"column":66}},{"start":{"line":1738,"column":57},"end":{"line":1738,"column":64}}]},"183":{"line":1745,"type":"binary-expr","locations":[{"start":{"line":1745,"column":53},"end":{"line":1745,"column":65}},{"start":{"line":1745,"column":69},"end":{"line":1745,"column":77}}]},"184":{"line":1747,"type":"cond-expr","locations":[{"start":{"line":1747,"column":36},"end":{"line":1747,"column":63}},{"start":{"line":1748,"column":36},"end":{"line":1748,"column":67}}]},"185":{"line":1751,"type":"if","locations":[{"start":{"line":1751,"column":8},"end":{"line":1751,"column":8}},{"start":{"line":1751,"column":8},"end":{"line":1751,"column":8}}]},"186":{"line":1762,"type":"cond-expr","locations":[{"start":{"line":1762,"column":50},"end":{"line":1762,"column":52}},{"start":{"line":1762,"column":55},"end":{"line":1762,"column":68}}]},"187":{"line":1768,"type":"if","locations":[{"start":{"line":1768,"column":0},"end":{"line":1768,"column":0}},{"start":{"line":1768,"column":0},"end":{"line":1768,"column":0}}]}}}}