{"/home/david/simple-crypt/lib/simple-crypt.js":{"path":"/home/david/simple-crypt/lib/simple-crypt.js","s":{"1":1,"2":101093,"3":101093,"4":101093,"5":101093,"6":101093,"7":101093,"8":101093,"9":101093,"10":1,"11":101093,"12":80312,"13":80312,"14":101093,"15":40069,"16":40069,"17":101093,"18":10010,"19":10010,"20":101093,"21":101093,"22":101093,"23":0,"24":0,"25":101093,"26":101093,"27":91083,"28":101093,"29":1,"30":71676,"31":1,"32":7,"33":1,"34":40030,"35":1,"36":40666,"37":0,"38":0,"39":40666,"40":1,"41":27,"42":18,"43":2,"44":16,"45":9,"46":27,"47":18,"48":18,"49":18,"50":18,"51":18,"52":9,"53":9,"54":9,"55":9,"56":9,"57":27,"58":18,"59":9,"60":9,"61":0,"62":9,"63":9,"64":9,"65":0,"66":9,"67":9,"68":0,"69":9,"70":9,"71":9,"72":1,"73":25,"74":16,"75":8,"76":8,"77":8,"78":0,"79":8,"80":8,"81":0,"82":8,"83":8,"84":8,"85":8,"86":9,"87":1,"88":30024,"89":20016,"90":2,"91":20014,"92":10008,"93":30024,"94":20016,"95":20016,"96":20016,"97":20016,"98":20016,"99":10008,"100":10008,"101":10008,"102":10008,"103":10008,"104":30024,"105":20016,"106":10008,"107":10008,"108":0,"109":10008,"110":10008,"111":10008,"112":0,"113":10008,"114":10008,"115":0,"116":10008,"117":10008,"118":10008,"119":1,"120":30022,"121":20014,"122":10007,"123":10007,"124":10007,"125":0,"126":10007,"127":10007,"128":0,"129":10007,"130":10007,"131":10007,"132":10007,"133":10008,"134":1,"135":3,"136":3,"137":3,"138":3,"139":3,"140":3,"141":0,"142":0,"143":3,"144":3,"145":0,"146":0,"147":3,"148":3,"149":0,"150":0,"151":3,"152":3,"153":0,"154":0,"155":3,"156":1,"157":3,"158":3,"159":3,"160":0,"161":0,"162":3,"163":3,"164":0,"165":0,"166":3,"167":3,"168":0,"169":0,"170":3,"171":3,"172":0,"173":0,"174":3,"175":1,"176":6,"177":3,"178":3,"179":6,"180":6,"181":0,"182":6,"183":6,"184":36,"185":36,"186":36,"187":0,"188":36,"189":36,"190":36,"191":36,"192":36,"193":36,"194":36,"195":36,"196":36,"197":36,"198":36,"199":36,"200":36,"201":36,"202":36,"203":36,"204":6,"205":6,"206":6,"207":0,"208":6,"209":1,"210":6,"211":3,"212":3,"213":6,"214":6,"215":0,"216":6,"217":6,"218":144,"219":144,"220":36,"221":36,"222":36,"223":36,"224":36,"225":36,"226":36,"227":36,"228":0,"229":0,"230":36,"231":36,"232":36,"233":36,"234":0,"235":0,"236":36,"237":24,"238":36,"239":36,"240":0,"241":0,"242":144,"243":0,"244":0,"245":144,"246":0,"247":0,"248":144,"249":144,"250":108,"251":36,"252":36,"253":36,"254":0,"255":36,"256":36,"257":36,"258":30,"259":0,"260":30,"261":0,"262":30,"263":6,"264":0,"265":6,"266":36,"267":36,"268":6,"269":6,"270":6,"271":1,"272":9,"273":3,"274":3,"275":9,"276":9,"277":0,"278":9,"279":9,"280":126,"281":126,"282":126,"283":0,"284":126,"285":126,"286":126,"287":126,"288":126,"289":126,"290":126,"291":126,"292":126,"293":126,"294":126,"295":126,"296":126,"297":9,"298":9,"299":9,"300":0,"301":9,"302":1,"303":9,"304":3,"305":3,"306":9,"307":9,"308":0,"309":9,"310":9,"311":378,"312":378,"313":126,"314":126,"315":126,"316":126,"317":126,"318":126,"319":126,"320":126,"321":0,"322":0,"323":126,"324":126,"325":126,"326":0,"327":0,"328":378,"329":0,"330":0,"331":378,"332":0,"333":0,"334":378,"335":378,"336":252,"337":126,"338":126,"339":126,"340":0,"341":126,"342":126,"343":126,"344":117,"345":0,"346":117,"347":0,"348":117,"349":9,"350":0,"351":9,"352":126,"353":126,"354":9,"355":9,"356":9,"357":1,"358":3,"359":3,"360":3,"361":3,"362":3,"363":3,"364":0,"365":3,"366":3,"367":0,"368":3,"369":3,"370":0,"371":3,"372":0,"373":3,"374":0,"375":3,"376":1,"377":3,"378":3,"379":3,"380":3,"381":3,"382":3,"383":0,"384":3,"385":3,"386":0,"387":3,"388":3,"389":0,"390":3,"391":0,"392":3,"393":0,"394":3,"395":1,"396":1,"397":1,"398":1,"399":20032,"400":0,"401":0,"402":0,"403":0,"404":0,"405":20032,"406":22,"407":22,"408":6,"409":6,"410":6,"411":22,"412":22,"413":0,"414":0,"415":22,"416":0,"417":22,"418":20010,"419":1,"420":10016,"421":1,"422":10009,"423":1,"424":9,"425":9,"426":9,"427":0,"428":0,"429":9,"430":1,"431":1,"432":8,"433":1,"434":1,"435":7,"436":8,"437":8,"438":8,"439":8,"440":8,"441":8,"442":8,"443":8,"444":8,"445":8,"446":8,"447":0,"448":0,"449":0,"450":8,"451":1,"452":8,"453":8,"454":8,"455":0,"456":8,"457":1,"458":7,"459":7,"460":0,"461":0,"462":8,"463":8,"464":8,"465":8,"466":5,"467":5,"468":5,"469":0,"470":0,"471":0,"472":5,"473":3,"474":3,"475":5,"476":1,"477":10008,"478":10008,"479":10008,"480":10008,"481":1,"482":10007,"483":10006,"484":1,"485":1,"486":10007,"487":10007,"488":0,"489":0,"490":10007,"491":1,"492":10007,"493":10007,"494":10007,"495":0,"496":10007,"497":10007,"498":0,"499":0,"500":10007,"501":1,"502":10006,"503":10007,"504":10004,"505":3,"506":3,"507":0,"508":0,"509":10004,"510":1,"511":81061,"512":1,"513":1,"514":1,"515":1,"516":1,"517":1,"518":1,"519":1,"520":1,"521":1,"522":1,"523":1,"524":0,"525":1,"526":1086,"527":356,"528":730,"529":730,"530":1019486,"531":730,"532":1,"533":72181,"534":20265,"535":51916,"536":51916,"537":254177712,"538":51916,"539":1,"540":30275,"541":0,"542":30275,"543":30275,"544":968800,"545":30275,"546":1,"547":81061,"548":81061,"549":22,"550":20,"551":10,"552":10,"553":10,"554":10,"555":10,"556":10,"557":10,"558":10,"559":10,"560":2,"561":81039,"562":74,"563":74,"564":32,"565":32,"566":32,"567":74,"568":28,"569":74,"570":74,"571":13608,"572":74,"573":74,"574":1184,"575":74,"576":80965,"577":1,"578":20636,"579":1,"580":30627,"581":1,"582":349,"583":349,"584":349,"585":62,"586":62,"587":349,"588":3,"589":3,"590":346,"591":29,"592":29,"593":29,"594":317,"595":346,"596":62,"597":62,"598":346,"599":0,"600":0,"601":346,"602":346,"603":26,"604":346,"605":346,"606":284,"607":284,"608":284,"609":346,"610":62,"611":62,"612":284,"613":346,"614":346,"615":346,"616":284,"617":346,"618":346,"619":26,"620":0,"621":0,"622":346,"623":1,"624":354,"625":354,"626":354,"627":0,"628":354,"629":0,"630":0,"631":354,"632":30,"633":324,"634":354,"635":284,"636":284,"637":284,"638":354,"639":354,"640":354,"641":284,"642":354,"643":70,"644":70,"645":12,"646":12,"647":284,"648":342,"649":0,"650":0,"651":342,"652":1,"653":20293,"654":20293,"655":20293,"656":3,"657":3,"658":20290,"659":20290,"660":91,"661":20199,"662":20199,"663":20082,"664":20290,"665":20089,"666":0,"667":0,"668":20290,"669":1,"670":30297,"671":30297,"672":30297,"673":0,"674":30297,"675":30297,"676":0,"677":0,"678":30297,"679":92,"680":30205,"681":30297,"682":30285,"683":12,"684":12,"685":0,"686":0,"687":30285,"688":1,"689":1,"690":1},"b":{"1":[101093,10009],"2":[100345,748],"3":[80312,20781],"4":[40069,61024],"5":[10010,91083],"6":[0,101093],"7":[91083,10010],"8":[0,40666],"9":[2,16],"10":[18,9],"11":[18,9],"12":[18,9],"13":[9,9],"14":[0,9],"15":[9,0],"16":[0,9],"17":[16,9],"18":[8,8],"19":[0,8],"20":[0,8],"21":[2,20014],"22":[20016,10008],"23":[20016,10008],"24":[20016,10008],"25":[10008,10008],"26":[0,10008],"27":[10008,0],"28":[0,10008],"29":[20014,10008],"30":[10007,10007],"31":[0,10007],"32":[0,10007],"33":[3,0],"34":[0,3],"35":[0,3],"36":[0,3],"37":[0,3],"38":[0,3],"39":[0,3],"40":[0,3],"41":[0,3],"42":[3,3],"43":[0,6],"44":[30,6],"45":[0,36],"46":[0,36],"47":[0,36],"48":[24,12],"49":[0,24],"50":[3,3],"51":[0,6],"52":[36,36,36,36,0],"53":[0,36],"54":[0,36],"55":[24,12],"56":[0,144],"57":[0,144],"58":[108,36],"59":[0,36],"60":[36,0],"61":[30,6],"62":[0,30],"63":[0,30],"64":[0,6],"65":[3,6],"66":[0,9],"67":[117,9],"68":[0,126],"69":[0,126],"70":[0,126],"71":[3,6],"72":[0,9],"73":[126,126,126,0],"74":[0,126],"75":[0,378],"76":[0,378],"77":[252,126],"78":[0,126],"79":[126,0],"80":[117,9],"81":[0,117],"82":[0,117],"83":[0,9],"84":[3,0],"85":[0,3],"86":[0,3],"87":[0,3],"88":[3,0],"89":[0,3],"90":[0,3],"91":[0,3],"92":[1,0],"93":[0,20032],"94":[20032,0],"95":[0,0],"96":[0,0],"97":[22,20010],"98":[20032,20032],"99":[22,12],"100":[6,16],"101":[0,22],"102":[0,22],"103":[10016,0],"104":[10009,0],"105":[0,9],"106":[1,8],"107":[1,7],"108":[7,1],"109":[8,8],"110":[8,0],"111":[8,0],"112":[8,0],"113":[0,8],"114":[1,7],"115":[7,0],"116":[7,1],"117":[8,0],"118":[5,0],"119":[0,5],"120":[1,10007],"121":[10006,1],"122":[10006,10000],"123":[10007,0],"124":[0,10007],"125":[10007,0],"126":[0,10007],"127":[1,10006],"128":[10006,10000],"129":[10006,0],"130":[10004,3],"131":[356,730],"132":[20265,51916],"133":[0,30275],"134":[22,81039],"135":[20,2],"136":[10,10],"137":[10,0],"138":[74,80965],"139":[81039,40970],"140":[32,42],"141":[28,46],"142":[74,74],"143":[20115,521],"144":[30106,521],"145":[62,287],"146":[3,346],"147":[29,317],"148":[5,24],"149":[317,300],"150":[62,284],"151":[0,346],"152":[0,0],"153":[26,320],"154":[284,62],"155":[62,284],"156":[284,62],"157":[26,320],"158":[0,354],"159":[0,354],"160":[30,324],"161":[6,24],"162":[0,24],"163":[324,301],"164":[284,70],"165":[34,320],"166":[34,320],"167":[284,70],"168":[70,284],"169":[12,58],"170":[3,20290],"171":[91,20199],"172":[7,84],"173":[20199,20182],"174":[20082,117],"175":[20089,201],"176":[0,30297],"177":[30096,201],"178":[0,30297],"179":[92,30205],"180":[8,84],"181":[0,84],"182":[30205,30182],"183":[30088,117],"184":[30285,12],"185":[1,0]},"f":{"1":101093,"2":101093,"3":101093,"4":71676,"5":7,"6":40030,"7":40666,"8":27,"9":18,"10":9,"11":9,"12":9,"13":9,"14":25,"15":8,"16":8,"17":30024,"18":20016,"19":10008,"20":10008,"21":10008,"22":10008,"23":30022,"24":10007,"25":10007,"26":3,"27":3,"28":3,"29":3,"30":3,"31":3,"32":3,"33":3,"34":3,"35":3,"36":6,"37":6,"38":36,"39":36,"40":0,"41":6,"42":6,"43":144,"44":36,"45":9,"46":9,"47":126,"48":126,"49":0,"50":9,"51":9,"52":378,"53":126,"54":3,"55":3,"56":3,"57":3,"58":0,"59":0,"60":3,"61":3,"62":3,"63":3,"64":0,"65":0,"66":20032,"67":22,"68":10016,"69":10009,"70":9,"71":8,"72":10008,"73":10007,"74":81061,"75":1086,"76":72181,"77":30275,"78":81061,"79":13608,"80":74,"81":20636,"82":30627,"83":349,"84":284,"85":354,"86":284,"87":20293,"88":30297},"fnMap":{"1":{"name":"(anonymous_1)","line":27,"loc":{"start":{"line":27,"column":8},"end":{"line":28,"column":0}}},"2":{"name":"(anonymous_2)","line":44,"loc":{"start":{"line":44,"column":13},"end":{"line":45,"column":0}}},"3":{"name":"(anonymous_3)","line":69,"loc":{"start":{"line":69,"column":24},"end":{"line":70,"column":4}}},"4":{"name":"(anonymous_4)","line":88,"loc":{"start":{"line":88,"column":20},"end":{"line":89,"column":0}}},"5":{"name":"(anonymous_5)","line":94,"loc":{"start":{"line":94,"column":21},"end":{"line":95,"column":0}}},"6":{"name":"(anonymous_6)","line":100,"loc":{"start":{"line":100,"column":26},"end":{"line":101,"column":0}}},"7":{"name":"(anonymous_7)","line":106,"loc":{"start":{"line":106,"column":32},"end":{"line":107,"column":0}}},"8":{"name":"(anonymous_8)","line":119,"loc":{"start":{"line":119,"column":32},"end":{"line":123,"column":0}}},"9":{"name":"(anonymous_9)","line":128,"loc":{"start":{"line":128,"column":16},"end":{"line":129,"column":4}}},"10":{"name":"(anonymous_10)","line":140,"loc":{"start":{"line":140,"column":20},"end":{"line":141,"column":4}}},"11":{"name":"(anonymous_11)","line":166,"loc":{"start":{"line":166,"column":30},"end":{"line":167,"column":12}}},"12":{"name":"(anonymous_12)","line":174,"loc":{"start":{"line":174,"column":49},"end":{"line":175,"column":20}}},"13":{"name":"(anonymous_13)","line":182,"loc":{"start":{"line":182,"column":52},"end":{"line":183,"column":28}}},"14":{"name":"(anonymous_14)","line":208,"loc":{"start":{"line":208,"column":32},"end":{"line":209,"column":0}}},"15":{"name":"(anonymous_15)","line":219,"loc":{"start":{"line":219,"column":30},"end":{"line":220,"column":12}}},"16":{"name":"(anonymous_16)","line":227,"loc":{"start":{"line":227,"column":49},"end":{"line":228,"column":20}}},"17":{"name":"(anonymous_17)","line":256,"loc":{"start":{"line":256,"column":29},"end":{"line":257,"column":0}}},"18":{"name":"(anonymous_18)","line":262,"loc":{"start":{"line":262,"column":13},"end":{"line":263,"column":4}}},"19":{"name":"(anonymous_19)","line":274,"loc":{"start":{"line":274,"column":17},"end":{"line":275,"column":4}}},"20":{"name":"(anonymous_20)","line":300,"loc":{"start":{"line":300,"column":30},"end":{"line":301,"column":12}}},"21":{"name":"(anonymous_21)","line":308,"loc":{"start":{"line":308,"column":49},"end":{"line":309,"column":20}}},"22":{"name":"(anonymous_22)","line":316,"loc":{"start":{"line":316,"column":45},"end":{"line":317,"column":28}}},"23":{"name":"(anonymous_23)","line":342,"loc":{"start":{"line":342,"column":31},"end":{"line":343,"column":0}}},"24":{"name":"(anonymous_24)","line":353,"loc":{"start":{"line":353,"column":30},"end":{"line":354,"column":12}}},"25":{"name":"(anonymous_25)","line":361,"loc":{"start":{"line":361,"column":49},"end":{"line":362,"column":20}}},"26":{"name":"(anonymous_26)","line":390,"loc":{"start":{"line":390,"column":26},"end":{"line":391,"column":0}}},"27":{"name":"(anonymous_27)","line":402,"loc":{"start":{"line":402,"column":27},"end":{"line":403,"column":4}}},"28":{"name":"(anonymous_28)","line":410,"loc":{"start":{"line":410,"column":34},"end":{"line":411,"column":8}}},"29":{"name":"(anonymous_29)","line":418,"loc":{"start":{"line":418,"column":30},"end":{"line":419,"column":12}}},"30":{"name":"(anonymous_30)","line":426,"loc":{"start":{"line":426,"column":42},"end":{"line":427,"column":16}}},"31":{"name":"(anonymous_31)","line":441,"loc":{"start":{"line":441,"column":30},"end":{"line":442,"column":0}}},"32":{"name":"(anonymous_32)","line":447,"loc":{"start":{"line":447,"column":29},"end":{"line":448,"column":4}}},"33":{"name":"(anonymous_33)","line":455,"loc":{"start":{"line":455,"column":34},"end":{"line":456,"column":8}}},"34":{"name":"(anonymous_34)","line":463,"loc":{"start":{"line":463,"column":34},"end":{"line":464,"column":12}}},"35":{"name":"(anonymous_35)","line":471,"loc":{"start":{"line":471,"column":38},"end":{"line":472,"column":16}}},"36":{"name":"(anonymous_36)","line":486,"loc":{"start":{"line":486,"column":23},"end":{"line":487,"column":0}}},"37":{"name":"(anonymous_37)","line":500,"loc":{"start":{"line":500,"column":7},"end":{"line":501,"column":4}}},"38":{"name":"(anonymous_38)","line":514,"loc":{"start":{"line":514,"column":23},"end":{"line":515,"column":8}}},"39":{"name":"(anonymous_39)","line":521,"loc":{"start":{"line":521,"column":12},"end":{"line":522,"column":12}}},"40":{"name":"(anonymous_40)","line":562,"loc":{"start":{"line":562,"column":22},"end":{"line":563,"column":8}}},"41":{"name":"(anonymous_41)","line":571,"loc":{"start":{"line":571,"column":23},"end":{"line":572,"column":0}}},"42":{"name":"(anonymous_42)","line":585,"loc":{"start":{"line":585,"column":7},"end":{"line":586,"column":4}}},"43":{"name":"(anonymous_43)","line":602,"loc":{"start":{"line":602,"column":23},"end":{"line":603,"column":8}}},"44":{"name":"(anonymous_44)","line":668,"loc":{"start":{"line":668,"column":34},"end":{"line":669,"column":12}}},"45":{"name":"(anonymous_45)","line":718,"loc":{"start":{"line":718,"column":20},"end":{"line":719,"column":0}}},"46":{"name":"(anonymous_46)","line":732,"loc":{"start":{"line":732,"column":7},"end":{"line":733,"column":4}}},"47":{"name":"(anonymous_47)","line":746,"loc":{"start":{"line":746,"column":23},"end":{"line":747,"column":8}}},"48":{"name":"(anonymous_48)","line":753,"loc":{"start":{"line":753,"column":12},"end":{"line":754,"column":12}}},"49":{"name":"(anonymous_49)","line":786,"loc":{"start":{"line":786,"column":22},"end":{"line":787,"column":8}}},"50":{"name":"(anonymous_50)","line":795,"loc":{"start":{"line":795,"column":22},"end":{"line":796,"column":0}}},"51":{"name":"(anonymous_51)","line":809,"loc":{"start":{"line":809,"column":7},"end":{"line":810,"column":4}}},"52":{"name":"(anonymous_52)","line":826,"loc":{"start":{"line":826,"column":23},"end":{"line":827,"column":8}}},"53":{"name":"(anonymous_53)","line":879,"loc":{"start":{"line":879,"column":32},"end":{"line":880,"column":12}}},"54":{"name":"(anonymous_54)","line":929,"loc":{"start":{"line":929,"column":33},"end":{"line":930,"column":0}}},"55":{"name":"(anonymous_55)","line":941,"loc":{"start":{"line":941,"column":46},"end":{"line":942,"column":4}}},"56":{"name":"(anonymous_56)","line":948,"loc":{"start":{"line":948,"column":57},"end":{"line":949,"column":8}}},"57":{"name":"(anonymous_57)","line":955,"loc":{"start":{"line":955,"column":55},"end":{"line":956,"column":12}}},"58":{"name":"(anonymous_58)","line":962,"loc":{"start":{"line":962,"column":31},"end":{"line":963,"column":16}}},"59":{"name":"(anonymous_59)","line":967,"loc":{"start":{"line":967,"column":31},"end":{"line":968,"column":16}}},"60":{"name":"(anonymous_60)","line":978,"loc":{"start":{"line":978,"column":37},"end":{"line":979,"column":0}}},"61":{"name":"(anonymous_61)","line":990,"loc":{"start":{"line":990,"column":50},"end":{"line":991,"column":4}}},"62":{"name":"(anonymous_62)","line":997,"loc":{"start":{"line":997,"column":57},"end":{"line":998,"column":8}}},"63":{"name":"(anonymous_63)","line":1004,"loc":{"start":{"line":1004,"column":59},"end":{"line":1005,"column":12}}},"64":{"name":"(anonymous_64)","line":1011,"loc":{"start":{"line":1011,"column":31},"end":{"line":1012,"column":16}}},"65":{"name":"(anonymous_65)","line":1016,"loc":{"start":{"line":1016,"column":31},"end":{"line":1017,"column":16}}},"66":{"name":"(anonymous_66)","line":1037,"loc":{"start":{"line":1037,"column":22},"end":{"line":1038,"column":4}}},"67":{"name":"(anonymous_67)","line":1068,"loc":{"start":{"line":1068,"column":12},"end":{"line":1069,"column":12}}},"68":{"name":"(anonymous_68)","line":1094,"loc":{"start":{"line":1094,"column":32},"end":{"line":1095,"column":4}}},"69":{"name":"(anonymous_69)","line":1100,"loc":{"start":{"line":1100,"column":28},"end":{"line":1101,"column":4}}},"70":{"name":"(anonymous_70)","line":1106,"loc":{"start":{"line":1106,"column":30},"end":{"line":1107,"column":4}}},"71":{"name":"(anonymous_71)","line":1177,"loc":{"start":{"line":1177,"column":30},"end":{"line":1178,"column":4}}},"72":{"name":"(anonymous_72)","line":1243,"loc":{"start":{"line":1243,"column":27},"end":{"line":1244,"column":4}}},"73":{"name":"(anonymous_73)","line":1287,"loc":{"start":{"line":1287,"column":29},"end":{"line":1288,"column":4}}},"74":{"name":"(anonymous_74)","line":1347,"loc":{"start":{"line":1347,"column":16},"end":{"line":1348,"column":4}}},"75":{"name":"(anonymous_75)","line":1372,"loc":{"start":{"line":1372,"column":21},"end":{"line":1373,"column":0}}},"76":{"name":"(anonymous_76)","line":1391,"loc":{"start":{"line":1391,"column":22},"end":{"line":1392,"column":0}}},"77":{"name":"(anonymous_77)","line":1411,"loc":{"start":{"line":1411,"column":23},"end":{"line":1412,"column":0}}},"78":{"name":"(anonymous_78)","line":1428,"loc":{"start":{"line":1428,"column":22},"end":{"line":1429,"column":0}}},"79":{"name":"(anonymous_79)","line":1479,"loc":{"start":{"line":1479,"column":28},"end":{"line":1479,"column":40}}},"80":{"name":"(anonymous_80)","line":1480,"loc":{"start":{"line":1480,"column":12},"end":{"line":1481,"column":12}}},"81":{"name":"(anonymous_81)","line":1502,"loc":{"start":{"line":1502,"column":32},"end":{"line":1503,"column":0}}},"82":{"name":"(anonymous_82)","line":1510,"loc":{"start":{"line":1510,"column":28},"end":{"line":1511,"column":0}}},"83":{"name":"(anonymous_83)","line":1516,"loc":{"start":{"line":1516,"column":30},"end":{"line":1517,"column":0}}},"84":{"name":"(anonymous_84)","line":1573,"loc":{"start":{"line":1573,"column":33},"end":{"line":1574,"column":12}}},"85":{"name":"(anonymous_85)","line":1621,"loc":{"start":{"line":1621,"column":30},"end":{"line":1622,"column":0}}},"86":{"name":"(anonymous_86)","line":1656,"loc":{"start":{"line":1656,"column":36},"end":{"line":1657,"column":12}}},"87":{"name":"(anonymous_87)","line":1704,"loc":{"start":{"line":1704,"column":27},"end":{"line":1705,"column":0}}},"88":{"name":"(anonymous_88)","line":1750,"loc":{"start":{"line":1750,"column":29},"end":{"line":1751,"column":0}}}},"statementMap":{"1":{"start":{"line":22,"column":0},"end":{"line":42,"column":2}},"2":{"start":{"line":31,"column":4},"end":{"line":31,"column":26}},"3":{"start":{"line":33,"column":4},"end":{"line":33,"column":28}},"4":{"start":{"line":35,"column":4},"end":{"line":35,"column":22}},"5":{"start":{"line":36,"column":4},"end":{"line":36,"column":47}},"6":{"start":{"line":37,"column":4},"end":{"line":37,"column":49}},"7":{"start":{"line":38,"column":4},"end":{"line":38,"column":45}},"8":{"start":{"line":39,"column":4},"end":{"line":39,"column":41}},"9":{"start":{"line":41,"column":4},"end":{"line":41,"column":68}},"10":{"start":{"line":44,"column":0},"end":{"line":86,"column":2}},"11":{"start":{"line":48,"column":4},"end":{"line":52,"column":5}},"12":{"start":{"line":50,"column":8},"end":{"line":50,"column":21}},"13":{"start":{"line":51,"column":8},"end":{"line":51,"column":21}},"14":{"start":{"line":54,"column":4},"end":{"line":58,"column":5}},"15":{"start":{"line":56,"column":8},"end":{"line":56,"column":17}},"16":{"start":{"line":57,"column":8},"end":{"line":57,"column":24}},"17":{"start":{"line":60,"column":4},"end":{"line":64,"column":5}},"18":{"start":{"line":62,"column":8},"end":{"line":62,"column":21}},"19":{"start":{"line":63,"column":8},"end":{"line":63,"column":23}},"20":{"start":{"line":66,"column":4},"end":{"line":67,"column":45}},"21":{"start":{"line":69,"column":4},"end":{"line":83,"column":7}},"22":{"start":{"line":71,"column":8},"end":{"line":75,"column":9}},"23":{"start":{"line":73,"column":12},"end":{"line":73,"column":20}},"24":{"start":{"line":74,"column":12},"end":{"line":74,"column":19}},"25":{"start":{"line":77,"column":8},"end":{"line":77,"column":31}},"26":{"start":{"line":79,"column":8},"end":{"line":82,"column":9}},"27":{"start":{"line":81,"column":12},"end":{"line":81,"column":28}},"28":{"start":{"line":85,"column":4},"end":{"line":85,"column":17}},"29":{"start":{"line":88,"column":0},"end":{"line":92,"column":2}},"30":{"start":{"line":91,"column":4},"end":{"line":91,"column":13}},"31":{"start":{"line":94,"column":0},"end":{"line":98,"column":2}},"32":{"start":{"line":97,"column":4},"end":{"line":97,"column":28}},"33":{"start":{"line":100,"column":0},"end":{"line":104,"column":2}},"34":{"start":{"line":103,"column":4},"end":{"line":103,"column":20}},"35":{"start":{"line":106,"column":0},"end":{"line":117,"column":2}},"36":{"start":{"line":110,"column":4},"end":{"line":114,"column":5}},"37":{"start":{"line":112,"column":8},"end":{"line":112,"column":44}},"38":{"start":{"line":113,"column":8},"end":{"line":113,"column":21}},"39":{"start":{"line":116,"column":4},"end":{"line":116,"column":16}},"40":{"start":{"line":119,"column":0},"end":{"line":206,"column":2}},"41":{"start":{"line":126,"column":4},"end":{"line":143,"column":6}},"42":{"start":{"line":130,"column":8},"end":{"line":137,"column":9}},"43":{"start":{"line":132,"column":12},"end":{"line":132,"column":30}},"44":{"start":{"line":136,"column":12},"end":{"line":136,"column":85}},"45":{"start":{"line":142,"column":8},"end":{"line":142,"column":61}},"46":{"start":{"line":145,"column":4},"end":{"line":160,"column":5}},"47":{"start":{"line":147,"column":8},"end":{"line":147,"column":64}},"48":{"start":{"line":148,"column":8},"end":{"line":148,"column":24}},"49":{"start":{"line":149,"column":8},"end":{"line":149,"column":21}},"50":{"start":{"line":150,"column":8},"end":{"line":150,"column":27}},"51":{"start":{"line":151,"column":8},"end":{"line":151,"column":54}},"52":{"start":{"line":155,"column":8},"end":{"line":155,"column":64}},"53":{"start":{"line":156,"column":8},"end":{"line":156,"column":30}},"54":{"start":{"line":157,"column":8},"end":{"line":157,"column":18}},"55":{"start":{"line":158,"column":8},"end":{"line":158,"column":24}},"56":{"start":{"line":159,"column":8},"end":{"line":159,"column":30}},"57":{"start":{"line":162,"column":4},"end":{"line":205,"column":5}},"58":{"start":{"line":164,"column":8},"end":{"line":200,"column":9}},"59":{"start":{"line":166,"column":12},"end":{"line":193,"column":15}},"60":{"start":{"line":168,"column":16},"end":{"line":192,"column":17}},"61":{"start":{"line":170,"column":20},"end":{"line":170,"column":37}},"62":{"start":{"line":172,"column":21},"end":{"line":192,"column":17}},"63":{"start":{"line":174,"column":20},"end":{"line":187,"column":23}},"64":{"start":{"line":176,"column":24},"end":{"line":186,"column":25}},"65":{"start":{"line":178,"column":28},"end":{"line":178,"column":45}},"66":{"start":{"line":182,"column":28},"end":{"line":185,"column":31}},"67":{"start":{"line":184,"column":32},"end":{"line":184,"column":74}},"68":{"start":{"line":191,"column":20},"end":{"line":191,"column":44}},"69":{"start":{"line":195,"column":12},"end":{"line":195,"column":46}},"70":{"start":{"line":199,"column":12},"end":{"line":199,"column":42}},"71":{"start":{"line":204,"column":8},"end":{"line":204,"column":33}},"72":{"start":{"line":208,"column":0},"end":{"line":254,"column":2}},"73":{"start":{"line":212,"column":4},"end":{"line":253,"column":5}},"74":{"start":{"line":214,"column":8},"end":{"line":248,"column":9}},"75":{"start":{"line":216,"column":12},"end":{"line":217,"column":72}},"76":{"start":{"line":219,"column":12},"end":{"line":239,"column":15}},"77":{"start":{"line":221,"column":16},"end":{"line":238,"column":17}},"78":{"start":{"line":223,"column":20},"end":{"line":223,"column":37}},"79":{"start":{"line":227,"column":20},"end":{"line":237,"column":23}},"80":{"start":{"line":229,"column":24},"end":{"line":236,"column":25}},"81":{"start":{"line":231,"column":28},"end":{"line":231,"column":45}},"82":{"start":{"line":235,"column":28},"end":{"line":235,"column":56}},"83":{"start":{"line":241,"column":12},"end":{"line":241,"column":45}},"84":{"start":{"line":243,"column":12},"end":{"line":243,"column":46}},"85":{"start":{"line":247,"column":12},"end":{"line":247,"column":39}},"86":{"start":{"line":252,"column":8},"end":{"line":252,"column":38}},"87":{"start":{"line":256,"column":0},"end":{"line":340,"column":2}},"88":{"start":{"line":260,"column":4},"end":{"line":277,"column":6}},"89":{"start":{"line":264,"column":8},"end":{"line":271,"column":9}},"90":{"start":{"line":266,"column":12},"end":{"line":266,"column":30}},"91":{"start":{"line":270,"column":12},"end":{"line":270,"column":82}},"92":{"start":{"line":276,"column":8},"end":{"line":276,"column":58}},"93":{"start":{"line":279,"column":4},"end":{"line":294,"column":5}},"94":{"start":{"line":281,"column":8},"end":{"line":281,"column":64}},"95":{"start":{"line":282,"column":8},"end":{"line":282,"column":24}},"96":{"start":{"line":283,"column":8},"end":{"line":283,"column":21}},"97":{"start":{"line":284,"column":8},"end":{"line":284,"column":24}},"98":{"start":{"line":285,"column":8},"end":{"line":285,"column":51}},"99":{"start":{"line":289,"column":8},"end":{"line":289,"column":64}},"100":{"start":{"line":290,"column":8},"end":{"line":290,"column":30}},"101":{"start":{"line":291,"column":8},"end":{"line":291,"column":18}},"102":{"start":{"line":292,"column":8},"end":{"line":292,"column":24}},"103":{"start":{"line":293,"column":8},"end":{"line":293,"column":24}},"104":{"start":{"line":296,"column":4},"end":{"line":339,"column":5}},"105":{"start":{"line":298,"column":8},"end":{"line":334,"column":9}},"106":{"start":{"line":300,"column":12},"end":{"line":327,"column":15}},"107":{"start":{"line":302,"column":16},"end":{"line":326,"column":17}},"108":{"start":{"line":304,"column":20},"end":{"line":304,"column":37}},"109":{"start":{"line":306,"column":21},"end":{"line":326,"column":17}},"110":{"start":{"line":308,"column":20},"end":{"line":321,"column":23}},"111":{"start":{"line":310,"column":24},"end":{"line":320,"column":25}},"112":{"start":{"line":312,"column":28},"end":{"line":312,"column":45}},"113":{"start":{"line":316,"column":28},"end":{"line":319,"column":31}},"114":{"start":{"line":318,"column":32},"end":{"line":318,"column":71}},"115":{"start":{"line":325,"column":20},"end":{"line":325,"column":41}},"116":{"start":{"line":329,"column":12},"end":{"line":329,"column":46}},"117":{"start":{"line":333,"column":12},"end":{"line":333,"column":36}},"118":{"start":{"line":338,"column":8},"end":{"line":338,"column":30}},"119":{"start":{"line":342,"column":0},"end":{"line":388,"column":2}},"120":{"start":{"line":346,"column":4},"end":{"line":387,"column":5}},"121":{"start":{"line":348,"column":8},"end":{"line":382,"column":9}},"122":{"start":{"line":350,"column":12},"end":{"line":351,"column":72}},"123":{"start":{"line":353,"column":12},"end":{"line":373,"column":15}},"124":{"start":{"line":355,"column":16},"end":{"line":372,"column":17}},"125":{"start":{"line":357,"column":20},"end":{"line":357,"column":37}},"126":{"start":{"line":361,"column":20},"end":{"line":371,"column":23}},"127":{"start":{"line":363,"column":24},"end":{"line":370,"column":25}},"128":{"start":{"line":365,"column":28},"end":{"line":365,"column":45}},"129":{"start":{"line":369,"column":28},"end":{"line":369,"column":55}},"130":{"start":{"line":375,"column":12},"end":{"line":375,"column":45}},"131":{"start":{"line":377,"column":12},"end":{"line":377,"column":46}},"132":{"start":{"line":381,"column":12},"end":{"line":381,"column":38}},"133":{"start":{"line":386,"column":8},"end":{"line":386,"column":38}},"134":{"start":{"line":390,"column":0},"end":{"line":439,"column":2}},"135":{"start":{"line":394,"column":4},"end":{"line":398,"column":5}},"136":{"start":{"line":396,"column":8},"end":{"line":396,"column":15}},"137":{"start":{"line":397,"column":8},"end":{"line":397,"column":18}},"138":{"start":{"line":400,"column":4},"end":{"line":400,"column":20}},"139":{"start":{"line":402,"column":4},"end":{"line":438,"column":7}},"140":{"start":{"line":404,"column":8},"end":{"line":408,"column":9}},"141":{"start":{"line":406,"column":12},"end":{"line":406,"column":19}},"142":{"start":{"line":407,"column":12},"end":{"line":407,"column":19}},"143":{"start":{"line":410,"column":8},"end":{"line":437,"column":11}},"144":{"start":{"line":412,"column":12},"end":{"line":416,"column":13}},"145":{"start":{"line":414,"column":16},"end":{"line":414,"column":23}},"146":{"start":{"line":415,"column":16},"end":{"line":415,"column":23}},"147":{"start":{"line":418,"column":12},"end":{"line":436,"column":15}},"148":{"start":{"line":420,"column":16},"end":{"line":424,"column":17}},"149":{"start":{"line":422,"column":20},"end":{"line":422,"column":27}},"150":{"start":{"line":423,"column":20},"end":{"line":423,"column":27}},"151":{"start":{"line":426,"column":16},"end":{"line":435,"column":19}},"152":{"start":{"line":428,"column":20},"end":{"line":432,"column":21}},"153":{"start":{"line":430,"column":24},"end":{"line":430,"column":31}},"154":{"start":{"line":431,"column":24},"end":{"line":431,"column":31}},"155":{"start":{"line":434,"column":20},"end":{"line":434,"column":39}},"156":{"start":{"line":441,"column":0},"end":{"line":484,"column":2}},"157":{"start":{"line":445,"column":4},"end":{"line":445,"column":20}},"158":{"start":{"line":447,"column":4},"end":{"line":483,"column":7}},"159":{"start":{"line":449,"column":8},"end":{"line":453,"column":9}},"160":{"start":{"line":451,"column":12},"end":{"line":451,"column":19}},"161":{"start":{"line":452,"column":12},"end":{"line":452,"column":19}},"162":{"start":{"line":455,"column":8},"end":{"line":482,"column":11}},"163":{"start":{"line":457,"column":12},"end":{"line":461,"column":13}},"164":{"start":{"line":459,"column":16},"end":{"line":459,"column":23}},"165":{"start":{"line":460,"column":16},"end":{"line":460,"column":23}},"166":{"start":{"line":463,"column":12},"end":{"line":481,"column":15}},"167":{"start":{"line":465,"column":16},"end":{"line":469,"column":17}},"168":{"start":{"line":467,"column":20},"end":{"line":467,"column":27}},"169":{"start":{"line":468,"column":20},"end":{"line":468,"column":27}},"170":{"start":{"line":471,"column":16},"end":{"line":480,"column":19}},"171":{"start":{"line":473,"column":20},"end":{"line":477,"column":21}},"172":{"start":{"line":475,"column":24},"end":{"line":475,"column":31}},"173":{"start":{"line":476,"column":24},"end":{"line":476,"column":31}},"174":{"start":{"line":479,"column":20},"end":{"line":479,"column":43}},"175":{"start":{"line":486,"column":0},"end":{"line":569,"column":2}},"176":{"start":{"line":490,"column":4},"end":{"line":494,"column":5}},"177":{"start":{"line":492,"column":8},"end":{"line":492,"column":21}},"178":{"start":{"line":493,"column":8},"end":{"line":493,"column":28}},"179":{"start":{"line":496,"column":4},"end":{"line":568,"column":7}},"180":{"start":{"line":502,"column":8},"end":{"line":505,"column":9}},"181":{"start":{"line":504,"column":12},"end":{"line":504,"column":27}},"182":{"start":{"line":507,"column":8},"end":{"line":512,"column":22}},"183":{"start":{"line":514,"column":8},"end":{"line":557,"column":10}},"184":{"start":{"line":516,"column":12},"end":{"line":516,"column":27}},"185":{"start":{"line":518,"column":12},"end":{"line":556,"column":15}},"186":{"start":{"line":523,"column":16},"end":{"line":526,"column":17}},"187":{"start":{"line":525,"column":20},"end":{"line":525,"column":41}},"188":{"start":{"line":528,"column":16},"end":{"line":528,"column":55}},"189":{"start":{"line":530,"column":16},"end":{"line":531,"column":60}},"190":{"start":{"line":532,"column":16},"end":{"line":532,"column":29}},"191":{"start":{"line":533,"column":16},"end":{"line":533,"column":32}},"192":{"start":{"line":535,"column":16},"end":{"line":536,"column":64}},"193":{"start":{"line":537,"column":16},"end":{"line":537,"column":31}},"194":{"start":{"line":538,"column":16},"end":{"line":538,"column":34}},"195":{"start":{"line":540,"column":16},"end":{"line":540,"column":40}},"196":{"start":{"line":541,"column":16},"end":{"line":541,"column":55}},"197":{"start":{"line":542,"column":16},"end":{"line":542,"column":30}},"198":{"start":{"line":543,"column":16},"end":{"line":543,"column":33}},"199":{"start":{"line":545,"column":16},"end":{"line":549,"column":49}},"200":{"start":{"line":550,"column":16},"end":{"line":550,"column":30}},"201":{"start":{"line":551,"column":16},"end":{"line":551,"column":33}},"202":{"start":{"line":553,"column":16},"end":{"line":553,"column":42}},"203":{"start":{"line":555,"column":16},"end":{"line":555,"column":27}},"204":{"start":{"line":559,"column":8},"end":{"line":559,"column":22}},"205":{"start":{"line":560,"column":8},"end":{"line":560,"column":18}},"206":{"start":{"line":562,"column":8},"end":{"line":565,"column":11}},"207":{"start":{"line":564,"column":12},"end":{"line":564,"column":37}},"208":{"start":{"line":567,"column":8},"end":{"line":567,"column":24}},"209":{"start":{"line":571,"column":0},"end":{"line":716,"column":2}},"210":{"start":{"line":575,"column":4},"end":{"line":579,"column":5}},"211":{"start":{"line":577,"column":8},"end":{"line":577,"column":21}},"212":{"start":{"line":578,"column":8},"end":{"line":578,"column":28}},"213":{"start":{"line":581,"column":4},"end":{"line":715,"column":7}},"214":{"start":{"line":587,"column":8},"end":{"line":590,"column":9}},"215":{"start":{"line":589,"column":12},"end":{"line":589,"column":27}},"216":{"start":{"line":592,"column":8},"end":{"line":600,"column":15}},"217":{"start":{"line":602,"column":8},"end":{"line":709,"column":10}},"218":{"start":{"line":604,"column":12},"end":{"line":604,"column":20}},"219":{"start":{"line":606,"column":12},"end":{"line":645,"column":13}},"220":{"start":{"line":609,"column":20},"end":{"line":609,"column":55}},"221":{"start":{"line":610,"column":20},"end":{"line":610,"column":39}},"222":{"start":{"line":611,"column":20},"end":{"line":611,"column":30}},"223":{"start":{"line":612,"column":20},"end":{"line":612,"column":26}},"224":{"start":{"line":615,"column":20},"end":{"line":615,"column":36}},"225":{"start":{"line":616,"column":20},"end":{"line":616,"column":30}},"226":{"start":{"line":617,"column":20},"end":{"line":617,"column":26}},"227":{"start":{"line":620,"column":20},"end":{"line":624,"column":21}},"228":{"start":{"line":622,"column":24},"end":{"line":622,"column":66}},"229":{"start":{"line":623,"column":24},"end":{"line":623,"column":30}},"230":{"start":{"line":625,"column":20},"end":{"line":625,"column":61}},"231":{"start":{"line":626,"column":20},"end":{"line":626,"column":30}},"232":{"start":{"line":627,"column":20},"end":{"line":627,"column":26}},"233":{"start":{"line":630,"column":20},"end":{"line":634,"column":21}},"234":{"start":{"line":632,"column":24},"end":{"line":632,"column":66}},"235":{"start":{"line":633,"column":24},"end":{"line":633,"column":30}},"236":{"start":{"line":635,"column":20},"end":{"line":638,"column":21}},"237":{"start":{"line":637,"column":24},"end":{"line":637,"column":49}},"238":{"start":{"line":639,"column":20},"end":{"line":639,"column":30}},"239":{"start":{"line":640,"column":20},"end":{"line":640,"column":26}},"240":{"start":{"line":643,"column":20},"end":{"line":643,"column":56}},"241":{"start":{"line":644,"column":20},"end":{"line":644,"column":26}},"242":{"start":{"line":647,"column":12},"end":{"line":651,"column":13}},"243":{"start":{"line":649,"column":16},"end":{"line":649,"column":26}},"244":{"start":{"line":650,"column":16},"end":{"line":650,"column":37}},"245":{"start":{"line":653,"column":12},"end":{"line":657,"column":13}},"246":{"start":{"line":655,"column":16},"end":{"line":655,"column":26}},"247":{"start":{"line":656,"column":16},"end":{"line":656,"column":63}},"248":{"start":{"line":659,"column":12},"end":{"line":659,"column":31}},"249":{"start":{"line":661,"column":12},"end":{"line":664,"column":13}},"250":{"start":{"line":663,"column":16},"end":{"line":663,"column":34}},"251":{"start":{"line":666,"column":12},"end":{"line":666,"column":22}},"252":{"start":{"line":668,"column":12},"end":{"line":708,"column":15}},"253":{"start":{"line":670,"column":16},"end":{"line":673,"column":17}},"254":{"start":{"line":672,"column":20},"end":{"line":672,"column":41}},"255":{"start":{"line":675,"column":16},"end":{"line":678,"column":17}},"256":{"start":{"line":677,"column":20},"end":{"line":677,"column":54}},"257":{"start":{"line":680,"column":16},"end":{"line":703,"column":17}},"258":{"start":{"line":682,"column":20},"end":{"line":685,"column":21}},"259":{"start":{"line":684,"column":24},"end":{"line":684,"column":67}},"260":{"start":{"line":687,"column":20},"end":{"line":691,"column":21}},"261":{"start":{"line":690,"column":24},"end":{"line":690,"column":66}},"262":{"start":{"line":693,"column":20},"end":{"line":693,"column":55}},"263":{"start":{"line":697,"column":20},"end":{"line":700,"column":21}},"264":{"start":{"line":699,"column":24},"end":{"line":699,"column":67}},"265":{"start":{"line":702,"column":20},"end":{"line":702,"column":41}},"266":{"start":{"line":705,"column":16},"end":{"line":705,"column":42}},"267":{"start":{"line":707,"column":16},"end":{"line":707,"column":37}},"268":{"start":{"line":711,"column":8},"end":{"line":711,"column":21}},"269":{"start":{"line":712,"column":8},"end":{"line":712,"column":21}},"270":{"start":{"line":714,"column":8},"end":{"line":714,"column":20}},"271":{"start":{"line":718,"column":0},"end":{"line":793,"column":2}},"272":{"start":{"line":722,"column":4},"end":{"line":726,"column":5}},"273":{"start":{"line":724,"column":8},"end":{"line":724,"column":21}},"274":{"start":{"line":725,"column":8},"end":{"line":725,"column":28}},"275":{"start":{"line":728,"column":4},"end":{"line":792,"column":7}},"276":{"start":{"line":734,"column":8},"end":{"line":737,"column":9}},"277":{"start":{"line":736,"column":12},"end":{"line":736,"column":27}},"278":{"start":{"line":739,"column":8},"end":{"line":744,"column":22}},"279":{"start":{"line":746,"column":8},"end":{"line":781,"column":10}},"280":{"start":{"line":748,"column":12},"end":{"line":748,"column":27}},"281":{"start":{"line":750,"column":12},"end":{"line":780,"column":15}},"282":{"start":{"line":755,"column":16},"end":{"line":758,"column":17}},"283":{"start":{"line":757,"column":20},"end":{"line":757,"column":41}},"284":{"start":{"line":760,"column":16},"end":{"line":760,"column":55}},"285":{"start":{"line":762,"column":16},"end":{"line":763,"column":74}},"286":{"start":{"line":764,"column":16},"end":{"line":764,"column":36}},"287":{"start":{"line":765,"column":16},"end":{"line":765,"column":39}},"288":{"start":{"line":767,"column":16},"end":{"line":768,"column":64}},"289":{"start":{"line":769,"column":16},"end":{"line":769,"column":31}},"290":{"start":{"line":770,"column":16},"end":{"line":770,"column":34}},"291":{"start":{"line":772,"column":16},"end":{"line":772,"column":40}},"292":{"start":{"line":773,"column":16},"end":{"line":773,"column":55}},"293":{"start":{"line":774,"column":16},"end":{"line":774,"column":30}},"294":{"start":{"line":775,"column":16},"end":{"line":775,"column":33}},"295":{"start":{"line":777,"column":16},"end":{"line":777,"column":42}},"296":{"start":{"line":779,"column":16},"end":{"line":779,"column":27}},"297":{"start":{"line":783,"column":8},"end":{"line":783,"column":22}},"298":{"start":{"line":784,"column":8},"end":{"line":784,"column":18}},"299":{"start":{"line":786,"column":8},"end":{"line":789,"column":11}},"300":{"start":{"line":788,"column":12},"end":{"line":788,"column":37}},"301":{"start":{"line":791,"column":8},"end":{"line":791,"column":24}},"302":{"start":{"line":795,"column":0},"end":{"line":927,"column":2}},"303":{"start":{"line":799,"column":4},"end":{"line":803,"column":5}},"304":{"start":{"line":801,"column":8},"end":{"line":801,"column":21}},"305":{"start":{"line":802,"column":8},"end":{"line":802,"column":28}},"306":{"start":{"line":805,"column":4},"end":{"line":926,"column":7}},"307":{"start":{"line":811,"column":8},"end":{"line":814,"column":9}},"308":{"start":{"line":813,"column":12},"end":{"line":813,"column":27}},"309":{"start":{"line":816,"column":8},"end":{"line":824,"column":15}},"310":{"start":{"line":826,"column":8},"end":{"line":920,"column":10}},"311":{"start":{"line":828,"column":12},"end":{"line":828,"column":20}},"312":{"start":{"line":830,"column":12},"end":{"line":856,"column":13}},"313":{"start":{"line":833,"column":20},"end":{"line":833,"column":55}},"314":{"start":{"line":834,"column":20},"end":{"line":834,"column":46}},"315":{"start":{"line":835,"column":20},"end":{"line":835,"column":30}},"316":{"start":{"line":836,"column":20},"end":{"line":836,"column":26}},"317":{"start":{"line":839,"column":20},"end":{"line":839,"column":36}},"318":{"start":{"line":840,"column":20},"end":{"line":840,"column":30}},"319":{"start":{"line":841,"column":20},"end":{"line":841,"column":26}},"320":{"start":{"line":844,"column":20},"end":{"line":848,"column":21}},"321":{"start":{"line":846,"column":24},"end":{"line":846,"column":66}},"322":{"start":{"line":847,"column":24},"end":{"line":847,"column":30}},"323":{"start":{"line":849,"column":20},"end":{"line":849,"column":61}},"324":{"start":{"line":850,"column":20},"end":{"line":850,"column":30}},"325":{"start":{"line":851,"column":20},"end":{"line":851,"column":26}},"326":{"start":{"line":854,"column":20},"end":{"line":854,"column":56}},"327":{"start":{"line":855,"column":20},"end":{"line":855,"column":26}},"328":{"start":{"line":858,"column":12},"end":{"line":862,"column":13}},"329":{"start":{"line":860,"column":16},"end":{"line":860,"column":26}},"330":{"start":{"line":861,"column":16},"end":{"line":861,"column":37}},"331":{"start":{"line":864,"column":12},"end":{"line":868,"column":13}},"332":{"start":{"line":866,"column":16},"end":{"line":866,"column":26}},"333":{"start":{"line":867,"column":16},"end":{"line":867,"column":63}},"334":{"start":{"line":870,"column":12},"end":{"line":870,"column":31}},"335":{"start":{"line":872,"column":12},"end":{"line":875,"column":13}},"336":{"start":{"line":874,"column":16},"end":{"line":874,"column":34}},"337":{"start":{"line":877,"column":12},"end":{"line":877,"column":22}},"338":{"start":{"line":879,"column":12},"end":{"line":919,"column":15}},"339":{"start":{"line":881,"column":16},"end":{"line":884,"column":17}},"340":{"start":{"line":883,"column":20},"end":{"line":883,"column":41}},"341":{"start":{"line":886,"column":16},"end":{"line":889,"column":17}},"342":{"start":{"line":888,"column":20},"end":{"line":888,"column":54}},"343":{"start":{"line":891,"column":16},"end":{"line":914,"column":5}},"344":{"start":{"line":893,"column":20},"end":{"line":896,"column":21}},"345":{"start":{"line":895,"column":24},"end":{"line":895,"column":67}},"346":{"start":{"line":898,"column":20},"end":{"line":902,"column":21}},"347":{"start":{"line":901,"column":24},"end":{"line":901,"column":66}},"348":{"start":{"line":904,"column":20},"end":{"line":904,"column":55}},"349":{"start":{"line":908,"column":20},"end":{"line":911,"column":21}},"350":{"start":{"line":910,"column":24},"end":{"line":910,"column":67}},"351":{"start":{"line":913,"column":20},"end":{"line":913,"column":41}},"352":{"start":{"line":916,"column":16},"end":{"line":916,"column":42}},"353":{"start":{"line":918,"column":16},"end":{"line":918,"column":37}},"354":{"start":{"line":922,"column":8},"end":{"line":922,"column":21}},"355":{"start":{"line":923,"column":8},"end":{"line":923,"column":21}},"356":{"start":{"line":925,"column":8},"end":{"line":925,"column":20}},"357":{"start":{"line":929,"column":0},"end":{"line":976,"column":2}},"358":{"start":{"line":933,"column":4},"end":{"line":937,"column":5}},"359":{"start":{"line":935,"column":8},"end":{"line":935,"column":21}},"360":{"start":{"line":936,"column":8},"end":{"line":936,"column":28}},"361":{"start":{"line":939,"column":4},"end":{"line":939,"column":20}},"362":{"start":{"line":941,"column":4},"end":{"line":975,"column":7}},"363":{"start":{"line":943,"column":8},"end":{"line":946,"column":9}},"364":{"start":{"line":945,"column":12},"end":{"line":945,"column":27}},"365":{"start":{"line":948,"column":8},"end":{"line":974,"column":11}},"366":{"start":{"line":950,"column":12},"end":{"line":953,"column":13}},"367":{"start":{"line":952,"column":16},"end":{"line":952,"column":31}},"368":{"start":{"line":955,"column":12},"end":{"line":973,"column":15}},"369":{"start":{"line":957,"column":16},"end":{"line":960,"column":17}},"370":{"start":{"line":959,"column":20},"end":{"line":959,"column":35}},"371":{"start":{"line":962,"column":16},"end":{"line":965,"column":19}},"372":{"start":{"line":964,"column":20},"end":{"line":964,"column":43}},"373":{"start":{"line":967,"column":16},"end":{"line":970,"column":19}},"374":{"start":{"line":969,"column":20},"end":{"line":969,"column":43}},"375":{"start":{"line":972,"column":16},"end":{"line":972,"column":30}},"376":{"start":{"line":978,"column":0},"end":{"line":1025,"column":2}},"377":{"start":{"line":982,"column":4},"end":{"line":986,"column":5}},"378":{"start":{"line":984,"column":8},"end":{"line":984,"column":21}},"379":{"start":{"line":985,"column":8},"end":{"line":985,"column":28}},"380":{"start":{"line":988,"column":4},"end":{"line":988,"column":20}},"381":{"start":{"line":990,"column":4},"end":{"line":1024,"column":7}},"382":{"start":{"line":992,"column":8},"end":{"line":995,"column":9}},"383":{"start":{"line":994,"column":12},"end":{"line":994,"column":27}},"384":{"start":{"line":997,"column":8},"end":{"line":1023,"column":11}},"385":{"start":{"line":999,"column":12},"end":{"line":1002,"column":13}},"386":{"start":{"line":1001,"column":16},"end":{"line":1001,"column":31}},"387":{"start":{"line":1004,"column":12},"end":{"line":1022,"column":15}},"388":{"start":{"line":1006,"column":16},"end":{"line":1009,"column":17}},"389":{"start":{"line":1008,"column":20},"end":{"line":1008,"column":35}},"390":{"start":{"line":1011,"column":16},"end":{"line":1014,"column":19}},"391":{"start":{"line":1013,"column":20},"end":{"line":1013,"column":43}},"392":{"start":{"line":1016,"column":16},"end":{"line":1019,"column":19}},"393":{"start":{"line":1018,"column":20},"end":{"line":1018,"column":43}},"394":{"start":{"line":1021,"column":16},"end":{"line":1021,"column":30}},"395":{"start":{"line":1027,"column":0},"end":{"line":1027,"column":14}},"396":{"start":{"line":1029,"column":0},"end":{"line":1370,"column":1}},"397":{"start":{"line":1031,"column":4},"end":{"line":1035,"column":61}},"398":{"start":{"line":1037,"column":4},"end":{"line":1092,"column":6}},"399":{"start":{"line":1041,"column":8},"end":{"line":1091,"column":9}},"400":{"start":{"line":1044,"column":12},"end":{"line":1051,"column":13}},"401":{"start":{"line":1046,"column":16},"end":{"line":1046,"column":56}},"402":{"start":{"line":1048,"column":17},"end":{"line":1051,"column":13}},"403":{"start":{"line":1050,"column":16},"end":{"line":1050,"column":61}},"404":{"start":{"line":1053,"column":12},"end":{"line":1053,"column":26}},"405":{"start":{"line":1055,"column":13},"end":{"line":1091,"column":9}},"406":{"start":{"line":1057,"column":12},"end":{"line":1058,"column":21}},"407":{"start":{"line":1060,"column":12},"end":{"line":1065,"column":13}},"408":{"start":{"line":1062,"column":16},"end":{"line":1062,"column":49}},"409":{"start":{"line":1063,"column":16},"end":{"line":1063,"column":34}},"410":{"start":{"line":1064,"column":16},"end":{"line":1064,"column":37}},"411":{"start":{"line":1067,"column":12},"end":{"line":1086,"column":15}},"412":{"start":{"line":1070,"column":16},"end":{"line":1074,"column":17}},"413":{"start":{"line":1072,"column":20},"end":{"line":1072,"column":28}},"414":{"start":{"line":1073,"column":20},"end":{"line":1073,"column":27}},"415":{"start":{"line":1076,"column":16},"end":{"line":1079,"column":17}},"416":{"start":{"line":1078,"column":20},"end":{"line":1078,"column":38}},"417":{"start":{"line":1081,"column":16},"end":{"line":1085,"column":19}},"418":{"start":{"line":1090,"column":12},"end":{"line":1090,"column":26}},"419":{"start":{"line":1094,"column":4},"end":{"line":1098,"column":6}},"420":{"start":{"line":1097,"column":8},"end":{"line":1097,"column":83}},"421":{"start":{"line":1100,"column":4},"end":{"line":1104,"column":6}},"422":{"start":{"line":1103,"column":8},"end":{"line":1103,"column":76}},"423":{"start":{"line":1106,"column":4},"end":{"line":1175,"column":6}},"424":{"start":{"line":1110,"column":8},"end":{"line":1110,"column":55}},"425":{"start":{"line":1112,"column":8},"end":{"line":1172,"column":9}},"426":{"start":{"line":1114,"column":12},"end":{"line":1118,"column":13}},"427":{"start":{"line":1116,"column":16},"end":{"line":1116,"column":23}},"428":{"start":{"line":1117,"column":16},"end":{"line":1117,"column":26}},"429":{"start":{"line":1120,"column":12},"end":{"line":1124,"column":13}},"430":{"start":{"line":1122,"column":16},"end":{"line":1122,"column":64}},"431":{"start":{"line":1123,"column":16},"end":{"line":1123,"column":23}},"432":{"start":{"line":1126,"column":12},"end":{"line":1137,"column":13}},"433":{"start":{"line":1128,"column":16},"end":{"line":1128,"column":59}},"434":{"start":{"line":1129,"column":16},"end":{"line":1132,"column":69}},"435":{"start":{"line":1136,"column":16},"end":{"line":1136,"column":47}},"436":{"start":{"line":1139,"column":12},"end":{"line":1139,"column":58}},"437":{"start":{"line":1140,"column":12},"end":{"line":1140,"column":67}},"438":{"start":{"line":1142,"column":12},"end":{"line":1142,"column":67}},"439":{"start":{"line":1143,"column":12},"end":{"line":1143,"column":52}},"440":{"start":{"line":1145,"column":12},"end":{"line":1145,"column":41}},"441":{"start":{"line":1147,"column":12},"end":{"line":1154,"column":13}},"442":{"start":{"line":1149,"column":16},"end":{"line":1153,"column":57}},"443":{"start":{"line":1156,"column":12},"end":{"line":1156,"column":71}},"444":{"start":{"line":1157,"column":12},"end":{"line":1157,"column":52}},"445":{"start":{"line":1159,"column":12},"end":{"line":1166,"column":13}},"446":{"start":{"line":1161,"column":16},"end":{"line":1161,"column":39}},"447":{"start":{"line":1165,"column":16},"end":{"line":1165,"column":45}},"448":{"start":{"line":1170,"column":12},"end":{"line":1170,"column":29}},"449":{"start":{"line":1171,"column":12},"end":{"line":1171,"column":19}},"450":{"start":{"line":1174,"column":8},"end":{"line":1174,"column":96}},"451":{"start":{"line":1177,"column":4},"end":{"line":1241,"column":6}},"452":{"start":{"line":1181,"column":8},"end":{"line":1181,"column":40}},"453":{"start":{"line":1183,"column":8},"end":{"line":1238,"column":9}},"454":{"start":{"line":1185,"column":12},"end":{"line":1188,"column":13}},"455":{"start":{"line":1187,"column":16},"end":{"line":1187,"column":23}},"456":{"start":{"line":1190,"column":12},"end":{"line":1202,"column":13}},"457":{"start":{"line":1192,"column":16},"end":{"line":1192,"column":105}},"458":{"start":{"line":1194,"column":17},"end":{"line":1202,"column":13}},"459":{"start":{"line":1196,"column":16},"end":{"line":1196,"column":47}},"460":{"start":{"line":1200,"column":16},"end":{"line":1200,"column":63}},"461":{"start":{"line":1201,"column":16},"end":{"line":1201,"column":23}},"462":{"start":{"line":1204,"column":12},"end":{"line":1208,"column":45}},"463":{"start":{"line":1209,"column":12},"end":{"line":1209,"column":54}},"464":{"start":{"line":1211,"column":12},"end":{"line":1211,"column":62}},"465":{"start":{"line":1212,"column":12},"end":{"line":1212,"column":61}},"466":{"start":{"line":1214,"column":12},"end":{"line":1230,"column":13}},"467":{"start":{"line":1216,"column":16},"end":{"line":1216,"column":49}},"468":{"start":{"line":1218,"column":16},"end":{"line":1225,"column":17}},"469":{"start":{"line":1223,"column":20},"end":{"line":1223,"column":52}},"470":{"start":{"line":1224,"column":20},"end":{"line":1224,"column":27}},"471":{"start":{"line":1229,"column":16},"end":{"line":1229,"column":30}},"472":{"start":{"line":1232,"column":12},"end":{"line":1232,"column":38}},"473":{"start":{"line":1236,"column":12},"end":{"line":1236,"column":29}},"474":{"start":{"line":1237,"column":12},"end":{"line":1237,"column":19}},"475":{"start":{"line":1240,"column":8},"end":{"line":1240,"column":34}},"476":{"start":{"line":1243,"column":4},"end":{"line":1285,"column":6}},"477":{"start":{"line":1247,"column":8},"end":{"line":1247,"column":29}},"478":{"start":{"line":1249,"column":8},"end":{"line":1282,"column":9}},"479":{"start":{"line":1251,"column":12},"end":{"line":1251,"column":41}},"480":{"start":{"line":1253,"column":12},"end":{"line":1271,"column":13}},"481":{"start":{"line":1255,"column":16},"end":{"line":1259,"column":55}},"482":{"start":{"line":1261,"column":17},"end":{"line":1271,"column":13}},"483":{"start":{"line":1263,"column":16},"end":{"line":1265,"column":47}},"484":{"start":{"line":1269,"column":16},"end":{"line":1269,"column":60}},"485":{"start":{"line":1270,"column":16},"end":{"line":1270,"column":23}},"486":{"start":{"line":1273,"column":12},"end":{"line":1276,"column":13}},"487":{"start":{"line":1275,"column":16},"end":{"line":1275,"column":54}},"488":{"start":{"line":1280,"column":12},"end":{"line":1280,"column":29}},"489":{"start":{"line":1281,"column":12},"end":{"line":1281,"column":19}},"490":{"start":{"line":1284,"column":8},"end":{"line":1284,"column":96}},"491":{"start":{"line":1287,"column":4},"end":{"line":1345,"column":6}},"492":{"start":{"line":1291,"column":8},"end":{"line":1291,"column":32}},"493":{"start":{"line":1293,"column":8},"end":{"line":1342,"column":9}},"494":{"start":{"line":1295,"column":12},"end":{"line":1298,"column":13}},"495":{"start":{"line":1297,"column":16},"end":{"line":1297,"column":23}},"496":{"start":{"line":1300,"column":12},"end":{"line":1301,"column":46}},"497":{"start":{"line":1303,"column":12},"end":{"line":1307,"column":13}},"498":{"start":{"line":1305,"column":16},"end":{"line":1305,"column":63}},"499":{"start":{"line":1306,"column":16},"end":{"line":1306,"column":23}},"500":{"start":{"line":1309,"column":12},"end":{"line":1326,"column":13}},"501":{"start":{"line":1311,"column":16},"end":{"line":1316,"column":34}},"502":{"start":{"line":1320,"column":16},"end":{"line":1325,"column":69}},"503":{"start":{"line":1328,"column":12},"end":{"line":1336,"column":13}},"504":{"start":{"line":1330,"column":16},"end":{"line":1330,"column":42}},"505":{"start":{"line":1334,"column":16},"end":{"line":1334,"column":48}},"506":{"start":{"line":1335,"column":16},"end":{"line":1335,"column":23}},"507":{"start":{"line":1340,"column":12},"end":{"line":1340,"column":29}},"508":{"start":{"line":1341,"column":12},"end":{"line":1341,"column":19}},"509":{"start":{"line":1344,"column":8},"end":{"line":1344,"column":34}},"510":{"start":{"line":1347,"column":4},"end":{"line":1351,"column":6}},"511":{"start":{"line":1350,"column":8},"end":{"line":1350,"column":37}},"512":{"start":{"line":1353,"column":4},"end":{"line":1353,"column":32}},"513":{"start":{"line":1354,"column":4},"end":{"line":1354,"column":46}},"514":{"start":{"line":1355,"column":4},"end":{"line":1355,"column":48}},"515":{"start":{"line":1356,"column":4},"end":{"line":1356,"column":58}},"516":{"start":{"line":1357,"column":4},"end":{"line":1357,"column":66}},"517":{"start":{"line":1358,"column":4},"end":{"line":1358,"column":52}},"518":{"start":{"line":1359,"column":4},"end":{"line":1359,"column":52}},"519":{"start":{"line":1360,"column":4},"end":{"line":1360,"column":46}},"520":{"start":{"line":1361,"column":4},"end":{"line":1361,"column":50}},"521":{"start":{"line":1362,"column":4},"end":{"line":1362,"column":72}},"522":{"start":{"line":1363,"column":4},"end":{"line":1363,"column":80}},"523":{"start":{"line":1365,"column":4},"end":{"line":1365,"column":57}},"524":{"start":{"line":1369,"column":4},"end":{"line":1369,"column":22}},"525":{"start":{"line":1372,"column":0},"end":{"line":1389,"column":2}},"526":{"start":{"line":1376,"column":4},"end":{"line":1379,"column":5}},"527":{"start":{"line":1378,"column":8},"end":{"line":1378,"column":17}},"528":{"start":{"line":1381,"column":4},"end":{"line":1381,"column":18}},"529":{"start":{"line":1383,"column":4},"end":{"line":1386,"column":5}},"530":{"start":{"line":1385,"column":8},"end":{"line":1385,"column":32}},"531":{"start":{"line":1388,"column":4},"end":{"line":1388,"column":13}},"532":{"start":{"line":1391,"column":0},"end":{"line":1408,"column":2}},"533":{"start":{"line":1395,"column":4},"end":{"line":1398,"column":5}},"534":{"start":{"line":1397,"column":8},"end":{"line":1397,"column":17}},"535":{"start":{"line":1400,"column":4},"end":{"line":1400,"column":18}},"536":{"start":{"line":1402,"column":4},"end":{"line":1405,"column":5}},"537":{"start":{"line":1404,"column":8},"end":{"line":1404,"column":39}},"538":{"start":{"line":1407,"column":4},"end":{"line":1407,"column":13}},"539":{"start":{"line":1411,"column":0},"end":{"line":1426,"column":2}},"540":{"start":{"line":1414,"column":4},"end":{"line":1417,"column":5}},"541":{"start":{"line":1416,"column":8},"end":{"line":1416,"column":21}},"542":{"start":{"line":1418,"column":4},"end":{"line":1418,"column":17}},"543":{"start":{"line":1419,"column":4},"end":{"line":1424,"column":5}},"544":{"start":{"line":1422,"column":8},"end":{"line":1422,"column":49}},"545":{"start":{"line":1425,"column":4},"end":{"line":1425,"column":19}},"546":{"start":{"line":1428,"column":0},"end":{"line":1500,"column":2}},"547":{"start":{"line":1432,"column":4},"end":{"line":1432,"column":30}},"548":{"start":{"line":1434,"column":4},"end":{"line":1499,"column":5}},"549":{"start":{"line":1436,"column":8},"end":{"line":1453,"column":9}},"550":{"start":{"line":1438,"column":12},"end":{"line":1444,"column":13}},"551":{"start":{"line":1440,"column":16},"end":{"line":1440,"column":39}},"552":{"start":{"line":1441,"column":16},"end":{"line":1441,"column":56}},"553":{"start":{"line":1442,"column":16},"end":{"line":1442,"column":34}},"554":{"start":{"line":1443,"column":16},"end":{"line":1443,"column":23}},"555":{"start":{"line":1446,"column":12},"end":{"line":1452,"column":13}},"556":{"start":{"line":1448,"column":16},"end":{"line":1448,"column":39}},"557":{"start":{"line":1449,"column":16},"end":{"line":1449,"column":57}},"558":{"start":{"line":1450,"column":16},"end":{"line":1450,"column":34}},"559":{"start":{"line":1451,"column":16},"end":{"line":1451,"column":23}},"560":{"start":{"line":1455,"column":8},"end":{"line":1455,"column":38}},"561":{"start":{"line":1457,"column":9},"end":{"line":1499,"column":5}},"562":{"start":{"line":1459,"column":8},"end":{"line":1459,"column":24}},"563":{"start":{"line":1461,"column":8},"end":{"line":1466,"column":9}},"564":{"start":{"line":1463,"column":12},"end":{"line":1463,"column":45}},"565":{"start":{"line":1464,"column":12},"end":{"line":1464,"column":48}},"566":{"start":{"line":1465,"column":12},"end":{"line":1465,"column":41}},"567":{"start":{"line":1468,"column":8},"end":{"line":1471,"column":9}},"568":{"start":{"line":1470,"column":12},"end":{"line":1470,"column":35}},"569":{"start":{"line":1473,"column":8},"end":{"line":1476,"column":46}},"570":{"start":{"line":1478,"column":8},"end":{"line":1494,"column":15}},"571":{"start":{"line":1479,"column":42},"end":{"line":1479,"column":59}},"572":{"start":{"line":1482,"column":16},"end":{"line":1482,"column":34}},"573":{"start":{"line":1484,"column":16},"end":{"line":1487,"column":17}},"574":{"start":{"line":1486,"column":20},"end":{"line":1486,"column":71}},"575":{"start":{"line":1489,"column":16},"end":{"line":1493,"column":19}},"576":{"start":{"line":1498,"column":8},"end":{"line":1498,"column":22}},"577":{"start":{"line":1502,"column":0},"end":{"line":1508,"column":2}},"578":{"start":{"line":1507,"column":4},"end":{"line":1507,"column":89}},"579":{"start":{"line":1510,"column":0},"end":{"line":1514,"column":2}},"580":{"start":{"line":1513,"column":4},"end":{"line":1513,"column":83}},"581":{"start":{"line":1516,"column":0},"end":{"line":1619,"column":2}},"582":{"start":{"line":1520,"column":4},"end":{"line":1520,"column":42}},"583":{"start":{"line":1522,"column":4},"end":{"line":1616,"column":5}},"584":{"start":{"line":1524,"column":8},"end":{"line":1528,"column":9}},"585":{"start":{"line":1526,"column":12},"end":{"line":1526,"column":19}},"586":{"start":{"line":1527,"column":12},"end":{"line":1527,"column":27}},"587":{"start":{"line":1530,"column":8},"end":{"line":1534,"column":9}},"588":{"start":{"line":1532,"column":12},"end":{"line":1532,"column":60}},"589":{"start":{"line":1533,"column":12},"end":{"line":1533,"column":19}},"590":{"start":{"line":1536,"column":8},"end":{"line":1546,"column":9}},"591":{"start":{"line":1538,"column":12},"end":{"line":1538,"column":55}},"592":{"start":{"line":1539,"column":12},"end":{"line":1539,"column":51}},"593":{"start":{"line":1540,"column":12},"end":{"line":1541,"column":68}},"594":{"start":{"line":1545,"column":12},"end":{"line":1545,"column":47}},"595":{"start":{"line":1548,"column":8},"end":{"line":1552,"column":9}},"596":{"start":{"line":1550,"column":12},"end":{"line":1550,"column":48}},"597":{"start":{"line":1551,"column":12},"end":{"line":1551,"column":46}},"598":{"start":{"line":1554,"column":8},"end":{"line":1566,"column":9}},"599":{"start":{"line":1556,"column":12},"end":{"line":1556,"column":56}},"600":{"start":{"line":1557,"column":12},"end":{"line":1557,"column":36}},"601":{"start":{"line":1561,"column":12},"end":{"line":1561,"column":39}},"602":{"start":{"line":1562,"column":12},"end":{"line":1565,"column":13}},"603":{"start":{"line":1564,"column":16},"end":{"line":1564,"column":41}},"604":{"start":{"line":1568,"column":8},"end":{"line":1568,"column":37}},"605":{"start":{"line":1570,"column":8},"end":{"line":1577,"column":9}},"606":{"start":{"line":1572,"column":12},"end":{"line":1572,"column":58}},"607":{"start":{"line":1573,"column":12},"end":{"line":1576,"column":14}},"608":{"start":{"line":1575,"column":16},"end":{"line":1575,"column":28}},"609":{"start":{"line":1579,"column":8},"end":{"line":1587,"column":9}},"610":{"start":{"line":1581,"column":12},"end":{"line":1581,"column":43}},"611":{"start":{"line":1582,"column":12},"end":{"line":1582,"column":63}},"612":{"start":{"line":1586,"column":12},"end":{"line":1586,"column":42}},"613":{"start":{"line":1589,"column":8},"end":{"line":1603,"column":9}},"614":{"start":{"line":1591,"column":12},"end":{"line":1595,"column":20}},"615":{"start":{"line":1599,"column":12},"end":{"line":1602,"column":13}},"616":{"start":{"line":1601,"column":16},"end":{"line":1601,"column":62}},"617":{"start":{"line":1605,"column":8},"end":{"line":1605,"column":39}},"618":{"start":{"line":1607,"column":8},"end":{"line":1610,"column":9}},"619":{"start":{"line":1609,"column":12},"end":{"line":1609,"column":39}},"620":{"start":{"line":1614,"column":8},"end":{"line":1614,"column":25}},"621":{"start":{"line":1615,"column":8},"end":{"line":1615,"column":15}},"622":{"start":{"line":1618,"column":4},"end":{"line":1618,"column":96}},"623":{"start":{"line":1621,"column":0},"end":{"line":1702,"column":2}},"624":{"start":{"line":1625,"column":4},"end":{"line":1625,"column":30}},"625":{"start":{"line":1627,"column":4},"end":{"line":1699,"column":5}},"626":{"start":{"line":1629,"column":8},"end":{"line":1632,"column":9}},"627":{"start":{"line":1631,"column":12},"end":{"line":1631,"column":19}},"628":{"start":{"line":1634,"column":8},"end":{"line":1638,"column":9}},"629":{"start":{"line":1636,"column":12},"end":{"line":1636,"column":59}},"630":{"start":{"line":1637,"column":12},"end":{"line":1637,"column":19}},"631":{"start":{"line":1640,"column":8},"end":{"line":1651,"column":9}},"632":{"start":{"line":1642,"column":12},"end":{"line":1646,"column":30}},"633":{"start":{"line":1650,"column":12},"end":{"line":1650,"column":47}},"634":{"start":{"line":1653,"column":8},"end":{"line":1660,"column":9}},"635":{"start":{"line":1655,"column":12},"end":{"line":1655,"column":64}},"636":{"start":{"line":1656,"column":12},"end":{"line":1659,"column":14}},"637":{"start":{"line":1658,"column":16},"end":{"line":1658,"column":28}},"638":{"start":{"line":1662,"column":8},"end":{"line":1676,"column":9}},"639":{"start":{"line":1664,"column":12},"end":{"line":1668,"column":85}},"640":{"start":{"line":1672,"column":12},"end":{"line":1675,"column":13}},"641":{"start":{"line":1674,"column":16},"end":{"line":1674,"column":68}},"642":{"start":{"line":1678,"column":8},"end":{"line":1691,"column":9}},"643":{"start":{"line":1680,"column":12},"end":{"line":1680,"column":46}},"644":{"start":{"line":1682,"column":12},"end":{"line":1686,"column":13}},"645":{"start":{"line":1684,"column":16},"end":{"line":1684,"column":48}},"646":{"start":{"line":1685,"column":16},"end":{"line":1685,"column":23}},"647":{"start":{"line":1690,"column":12},"end":{"line":1690,"column":26}},"648":{"start":{"line":1693,"column":8},"end":{"line":1693,"column":34}},"649":{"start":{"line":1697,"column":8},"end":{"line":1697,"column":25}},"650":{"start":{"line":1698,"column":8},"end":{"line":1698,"column":15}},"651":{"start":{"line":1701,"column":4},"end":{"line":1701,"column":30}},"652":{"start":{"line":1704,"column":0},"end":{"line":1748,"column":2}},"653":{"start":{"line":1708,"column":4},"end":{"line":1708,"column":25}},"654":{"start":{"line":1710,"column":4},"end":{"line":1745,"column":5}},"655":{"start":{"line":1712,"column":8},"end":{"line":1716,"column":9}},"656":{"start":{"line":1714,"column":12},"end":{"line":1714,"column":56}},"657":{"start":{"line":1715,"column":12},"end":{"line":1715,"column":19}},"658":{"start":{"line":1718,"column":8},"end":{"line":1718,"column":54}},"659":{"start":{"line":1720,"column":8},"end":{"line":1734,"column":9}},"660":{"start":{"line":1722,"column":12},"end":{"line":1722,"column":97}},"661":{"start":{"line":1726,"column":12},"end":{"line":1728,"column":27}},"662":{"start":{"line":1730,"column":12},"end":{"line":1733,"column":13}},"663":{"start":{"line":1732,"column":16},"end":{"line":1732,"column":51}},"664":{"start":{"line":1736,"column":8},"end":{"line":1739,"column":9}},"665":{"start":{"line":1738,"column":12},"end":{"line":1738,"column":39}},"666":{"start":{"line":1743,"column":8},"end":{"line":1743,"column":25}},"667":{"start":{"line":1744,"column":8},"end":{"line":1744,"column":15}},"668":{"start":{"line":1747,"column":4},"end":{"line":1747,"column":96}},"669":{"start":{"line":1750,"column":0},"end":{"line":1808,"column":2}},"670":{"start":{"line":1754,"column":4},"end":{"line":1754,"column":28}},"671":{"start":{"line":1756,"column":4},"end":{"line":1805,"column":5}},"672":{"start":{"line":1758,"column":8},"end":{"line":1761,"column":9}},"673":{"start":{"line":1760,"column":12},"end":{"line":1760,"column":19}},"674":{"start":{"line":1763,"column":8},"end":{"line":1764,"column":59}},"675":{"start":{"line":1766,"column":8},"end":{"line":1770,"column":9}},"676":{"start":{"line":1768,"column":12},"end":{"line":1768,"column":59}},"677":{"start":{"line":1769,"column":12},"end":{"line":1769,"column":19}},"678":{"start":{"line":1772,"column":8},"end":{"line":1789,"column":9}},"679":{"start":{"line":1774,"column":12},"end":{"line":1780,"column":26}},"680":{"start":{"line":1784,"column":12},"end":{"line":1788,"column":69}},"681":{"start":{"line":1791,"column":8},"end":{"line":1799,"column":9}},"682":{"start":{"line":1793,"column":12},"end":{"line":1793,"column":38}},"683":{"start":{"line":1797,"column":12},"end":{"line":1797,"column":44}},"684":{"start":{"line":1798,"column":12},"end":{"line":1798,"column":19}},"685":{"start":{"line":1803,"column":8},"end":{"line":1803,"column":25}},"686":{"start":{"line":1804,"column":8},"end":{"line":1804,"column":15}},"687":{"start":{"line":1807,"column":4},"end":{"line":1807,"column":30}},"688":{"start":{"line":1810,"column":0},"end":{"line":1814,"column":1}},"689":{"start":{"line":1812,"column":4},"end":{"line":1812,"column":26}},"690":{"start":{"line":1813,"column":4},"end":{"line":1813,"column":34}}},"branchMap":{"1":{"line":33,"type":"binary-expr","locations":[{"start":{"line":33,"column":14},"end":{"line":33,"column":21}},{"start":{"line":33,"column":25},"end":{"line":33,"column":27}}]},"2":{"line":41,"type":"cond-expr","locations":[{"start":{"line":41,"column":47},"end":{"line":41,"column":55}},{"start":{"line":41,"column":58},"end":{"line":41,"column":67}}]},"3":{"line":48,"type":"if","locations":[{"start":{"line":48,"column":4},"end":{"line":48,"column":4}},{"start":{"line":48,"column":4},"end":{"line":48,"column":4}}]},"4":{"line":54,"type":"if","locations":[{"start":{"line":54,"column":4},"end":{"line":54,"column":4}},{"start":{"line":54,"column":4},"end":{"line":54,"column":4}}]},"5":{"line":60,"type":"if","locations":[{"start":{"line":60,"column":4},"end":{"line":60,"column":4}},{"start":{"line":60,"column":4},"end":{"line":60,"column":4}}]},"6":{"line":71,"type":"if","locations":[{"start":{"line":71,"column":8},"end":{"line":71,"column":8}},{"start":{"line":71,"column":8},"end":{"line":71,"column":8}}]},"7":{"line":79,"type":"if","locations":[{"start":{"line":79,"column":8},"end":{"line":79,"column":8}},{"start":{"line":79,"column":8},"end":{"line":79,"column":8}}]},"8":{"line":110,"type":"if","locations":[{"start":{"line":110,"column":4},"end":{"line":110,"column":4}},{"start":{"line":110,"column":4},"end":{"line":110,"column":4}}]},"9":{"line":130,"type":"if","locations":[{"start":{"line":130,"column":8},"end":{"line":130,"column":8}},{"start":{"line":130,"column":8},"end":{"line":130,"column":8}}]},"10":{"line":145,"type":"if","locations":[{"start":{"line":145,"column":4},"end":{"line":145,"column":4}},{"start":{"line":145,"column":4},"end":{"line":145,"column":4}}]},"11":{"line":151,"type":"binary-expr","locations":[{"start":{"line":151,"column":19},"end":{"line":151,"column":40}},{"start":{"line":151,"column":45},"end":{"line":151,"column":53}}]},"12":{"line":162,"type":"if","locations":[{"start":{"line":162,"column":4},"end":{"line":162,"column":4}},{"start":{"line":162,"column":4},"end":{"line":162,"column":4}}]},"13":{"line":164,"type":"if","locations":[{"start":{"line":164,"column":8},"end":{"line":164,"column":8}},{"start":{"line":164,"column":8},"end":{"line":164,"column":8}}]},"14":{"line":168,"type":"if","locations":[{"start":{"line":168,"column":16},"end":{"line":168,"column":16}},{"start":{"line":168,"column":16},"end":{"line":168,"column":16}}]},"15":{"line":172,"type":"if","locations":[{"start":{"line":172,"column":21},"end":{"line":172,"column":21}},{"start":{"line":172,"column":21},"end":{"line":172,"column":21}}]},"16":{"line":176,"type":"if","locations":[{"start":{"line":176,"column":24},"end":{"line":176,"column":24}},{"start":{"line":176,"column":24},"end":{"line":176,"column":24}}]},"17":{"line":212,"type":"if","locations":[{"start":{"line":212,"column":4},"end":{"line":212,"column":4}},{"start":{"line":212,"column":4},"end":{"line":212,"column":4}}]},"18":{"line":214,"type":"if","locations":[{"start":{"line":214,"column":8},"end":{"line":214,"column":8}},{"start":{"line":214,"column":8},"end":{"line":214,"column":8}}]},"19":{"line":221,"type":"if","locations":[{"start":{"line":221,"column":16},"end":{"line":221,"column":16}},{"start":{"line":221,"column":16},"end":{"line":221,"column":16}}]},"20":{"line":229,"type":"if","locations":[{"start":{"line":229,"column":24},"end":{"line":229,"column":24}},{"start":{"line":229,"column":24},"end":{"line":229,"column":24}}]},"21":{"line":264,"type":"if","locations":[{"start":{"line":264,"column":8},"end":{"line":264,"column":8}},{"start":{"line":264,"column":8},"end":{"line":264,"column":8}}]},"22":{"line":279,"type":"if","locations":[{"start":{"line":279,"column":4},"end":{"line":279,"column":4}},{"start":{"line":279,"column":4},"end":{"line":279,"column":4}}]},"23":{"line":285,"type":"binary-expr","locations":[{"start":{"line":285,"column":16},"end":{"line":285,"column":37}},{"start":{"line":285,"column":42},"end":{"line":285,"column":50}}]},"24":{"line":296,"type":"if","locations":[{"start":{"line":296,"column":4},"end":{"line":296,"column":4}},{"start":{"line":296,"column":4},"end":{"line":296,"column":4}}]},"25":{"line":298,"type":"if","locations":[{"start":{"line":298,"column":8},"end":{"line":298,"column":8}},{"start":{"line":298,"column":8},"end":{"line":298,"column":8}}]},"26":{"line":302,"type":"if","locations":[{"start":{"line":302,"column":16},"end":{"line":302,"column":16}},{"start":{"line":302,"column":16},"end":{"line":302,"column":16}}]},"27":{"line":306,"type":"if","locations":[{"start":{"line":306,"column":21},"end":{"line":306,"column":21}},{"start":{"line":306,"column":21},"end":{"line":306,"column":21}}]},"28":{"line":310,"type":"if","locations":[{"start":{"line":310,"column":24},"end":{"line":310,"column":24}},{"start":{"line":310,"column":24},"end":{"line":310,"column":24}}]},"29":{"line":346,"type":"if","locations":[{"start":{"line":346,"column":4},"end":{"line":346,"column":4}},{"start":{"line":346,"column":4},"end":{"line":346,"column":4}}]},"30":{"line":348,"type":"if","locations":[{"start":{"line":348,"column":8},"end":{"line":348,"column":8}},{"start":{"line":348,"column":8},"end":{"line":348,"column":8}}]},"31":{"line":355,"type":"if","locations":[{"start":{"line":355,"column":16},"end":{"line":355,"column":16}},{"start":{"line":355,"column":16},"end":{"line":355,"column":16}}]},"32":{"line":363,"type":"if","locations":[{"start":{"line":363,"column":24},"end":{"line":363,"column":24}},{"start":{"line":363,"column":24},"end":{"line":363,"column":24}}]},"33":{"line":394,"type":"if","locations":[{"start":{"line":394,"column":4},"end":{"line":394,"column":4}},{"start":{"line":394,"column":4},"end":{"line":394,"column":4}}]},"34":{"line":404,"type":"if","locations":[{"start":{"line":404,"column":8},"end":{"line":404,"column":8}},{"start":{"line":404,"column":8},"end":{"line":404,"column":8}}]},"35":{"line":412,"type":"if","locations":[{"start":{"line":412,"column":12},"end":{"line":412,"column":12}},{"start":{"line":412,"column":12},"end":{"line":412,"column":12}}]},"36":{"line":420,"type":"if","locations":[{"start":{"line":420,"column":16},"end":{"line":420,"column":16}},{"start":{"line":420,"column":16},"end":{"line":420,"column":16}}]},"37":{"line":428,"type":"if","locations":[{"start":{"line":428,"column":20},"end":{"line":428,"column":20}},{"start":{"line":428,"column":20},"end":{"line":428,"column":20}}]},"38":{"line":449,"type":"if","locations":[{"start":{"line":449,"column":8},"end":{"line":449,"column":8}},{"start":{"line":449,"column":8},"end":{"line":449,"column":8}}]},"39":{"line":457,"type":"if","locations":[{"start":{"line":457,"column":12},"end":{"line":457,"column":12}},{"start":{"line":457,"column":12},"end":{"line":457,"column":12}}]},"40":{"line":465,"type":"if","locations":[{"start":{"line":465,"column":16},"end":{"line":465,"column":16}},{"start":{"line":465,"column":16},"end":{"line":465,"column":16}}]},"41":{"line":473,"type":"if","locations":[{"start":{"line":473,"column":20},"end":{"line":473,"column":20}},{"start":{"line":473,"column":20},"end":{"line":473,"column":20}}]},"42":{"line":490,"type":"if","locations":[{"start":{"line":490,"column":4},"end":{"line":490,"column":4}},{"start":{"line":490,"column":4},"end":{"line":490,"column":4}}]},"43":{"line":502,"type":"if","locations":[{"start":{"line":502,"column":8},"end":{"line":502,"column":8}},{"start":{"line":502,"column":8},"end":{"line":502,"column":8}}]},"44":{"line":519,"type":"cond-expr","locations":[{"start":{"line":519,"column":32},"end":{"line":519,"column":67}},{"start":{"line":520,"column":32},"end":{"line":520,"column":56}}]},"45":{"line":523,"type":"if","locations":[{"start":{"line":523,"column":16},"end":{"line":523,"column":16}},{"start":{"line":523,"column":16},"end":{"line":523,"column":16}}]},"46":{"line":530,"type":"cond-expr","locations":[{"start":{"line":531,"column":24},"end":{"line":531,"column":29}},{"start":{"line":531,"column":32},"end":{"line":531,"column":59}}]},"47":{"line":535,"type":"cond-expr","locations":[{"start":{"line":536,"column":24},"end":{"line":536,"column":31}},{"start":{"line":536,"column":34},"end":{"line":536,"column":63}}]},"48":{"line":546,"type":"cond-expr","locations":[{"start":{"line":546,"column":30},"end":{"line":548,"column":76}},{"start":{"line":549,"column":30},"end":{"line":549,"column":47}}]},"49":{"line":547,"type":"cond-expr","locations":[{"start":{"line":548,"column":36},"end":{"line":548,"column":43}},{"start":{"line":548,"column":46},"end":{"line":548,"column":75}}]},"50":{"line":575,"type":"if","locations":[{"start":{"line":575,"column":4},"end":{"line":575,"column":4}},{"start":{"line":575,"column":4},"end":{"line":575,"column":4}}]},"51":{"line":587,"type":"if","locations":[{"start":{"line":587,"column":8},"end":{"line":587,"column":8}},{"start":{"line":587,"column":8},"end":{"line":587,"column":8}}]},"52":{"line":606,"type":"switch","locations":[{"start":{"line":608,"column":16},"end":{"line":612,"column":26}},{"start":{"line":614,"column":16},"end":{"line":617,"column":26}},{"start":{"line":619,"column":16},"end":{"line":627,"column":26}},{"start":{"line":629,"column":16},"end":{"line":640,"column":26}},{"start":{"line":642,"column":16},"end":{"line":644,"column":26}}]},"53":{"line":620,"type":"if","locations":[{"start":{"line":620,"column":20},"end":{"line":620,"column":20}},{"start":{"line":620,"column":20},"end":{"line":620,"column":20}}]},"54":{"line":630,"type":"if","locations":[{"start":{"line":630,"column":20},"end":{"line":630,"column":20}},{"start":{"line":630,"column":20},"end":{"line":630,"column":20}}]},"55":{"line":635,"type":"if","locations":[{"start":{"line":635,"column":20},"end":{"line":635,"column":20}},{"start":{"line":635,"column":20},"end":{"line":635,"column":20}}]},"56":{"line":647,"type":"if","locations":[{"start":{"line":647,"column":12},"end":{"line":647,"column":12}},{"start":{"line":647,"column":12},"end":{"line":647,"column":12}}]},"57":{"line":653,"type":"if","locations":[{"start":{"line":653,"column":12},"end":{"line":653,"column":12}},{"start":{"line":653,"column":12},"end":{"line":653,"column":12}}]},"58":{"line":661,"type":"if","locations":[{"start":{"line":661,"column":12},"end":{"line":661,"column":12}},{"start":{"line":661,"column":12},"end":{"line":661,"column":12}}]},"59":{"line":670,"type":"if","locations":[{"start":{"line":670,"column":16},"end":{"line":670,"column":16}},{"start":{"line":670,"column":16},"end":{"line":670
[...]
{"start":{"line":864,"column":12},"end":{"line":864,"column":12}},{"start":{"line":864,"column":12},"end":{"line":864,"column":12}}]},"77":{"line":872,"type":"if","locations":[{"start":{"line":872,"column":12},"end":{"line":872,"column":12}},{"start":{"line":872,"column":12},"end":{"line":872,"column":12}}]},"78":{"line":881,"type":"if","locations":[{"start":{"line":881,"column":16},"end":{"line":881,"column":16}},{"start":{"line":881,"column":16},"end":{"line":881,"column":16}}]},"79":{"line":886,"type":"if","locations":[{"start":{"line":886,"column":16},"end":{"line":886,"column":16}},{"start":{"line":886,"column":16},"end":{"line":886,"column":16}}]},"80":{"line":891,"type":"if","locations":[{"start":{"line":891,"column":16},"end":{"line":891,"column":16}},{"start":{"line":891,"column":16},"end":{"line":891,"column":16}}]},"81":{"line":893,"type":"if","locations":[{"start":{"line":893,"column":20},"end":{"line":893,"column":20}},{"start":{"line":893,"column":20},"end":{"line":893,"column":20}}]},"82":{"line":898,"type":"if","locations":[{"start":{"line":898,"column":20},"end":{"line":898,"column":20}},{"start":{"line":898,"column":20},"end":{"line":898,"column":20}}]},"83":{"line":908,"type":"if","locations":[{"start":{"line":908,"column":20},"end":{"line":908,"column":20}},{"start":{"line":908,"column":20},"end":{"line":908,"column":20}}]},"84":{"line":933,"type":"if","locations":[{"start":{"line":933,"column":4},"end":{"line":933,"column":4}},{"start":{"line":933,"column":4},"end":{"line":933,"column":4}}]},"85":{"line":943,"type":"if","locations":[{"start":{"line":943,"column":8},"end":{"line":943,"column":8}},{"start":{"line":943,"column":8},"end":{"line":943,"column":8}}]},"86":{"line":950,"type":"if","locations":[{"start":{"line":950,"column":12},"end":{"line":950,"column":12}},{"start":{"line":950,"column":12},"end":{"line":950,"column":12}}]},"87":{"line":957,"type":"if","locations":[{"start":{"line":957,"column":16},"end":{"line":957,"column":16}},{"start":{"line":957,"column":16},"end":{"line":957,"column":16}}]},"88":{"line":982,"type":"if","locations":[{"start":{"line":982,"column":4},"end":{"line":982,"column":4}},{"start":{"line":982,"column":4},"end":{"line":982,"column":4}}]},"89":{"line":992,"type":"if","locations":[{"start":{"line":992,"column":8},"end":{"line":992,"column":8}},{"start":{"line":992,"column":8},"end":{"line":992,"column":8}}]},"90":{"line":999,"type":"if","locations":[{"start":{"line":999,"column":12},"end":{"line":999,"column":12}},{"start":{"line":999,"column":12},"end":{"line":999,"column":12}}]},"91":{"line":1006,"type":"if","locations":[{"start":{"line":1006,"column":16},"end":{"line":1006,"column":16}},{"start":{"line":1006,"column":16},"end":{"line":1006,"column":16}}]},"92":{"line":1029,"type":"if","locations":[{"start":{"line":1029,"column":0},"end":{"line":1029,"column":0}},{"start":{"line":1029,"column":0},"end":{"line":1029,"column":0}}]},"93":{"line":1041,"type":"if","locations":[{"start":{"line":1041,"column":8},"end":{"line":1041,"column":8}},{"start":{"line":1041,"column":8},"end":{"line":1041,"column":8}}]},"94":{"line":1041,"type":"binary-expr","locations":[{"start":{"line":1041,"column":13},"end":{"line":1041,"column":36}},{"start":{"line":1042,"column":13},"end":{"line":1042,"column":51}}]},"95":{"line":1044,"type":"if","locations":[{"start":{"line":1044,"column":12},"end":{"line":1044,"column":12}},{"start":{"line":1044,"column":12},"end":{"line":1044,"column":12}}]},"96":{"line":1048,"type":"if","locations":[{"start":{"line":1048,"column":17},"end":{"line":1048,"column":17}},{"start":{"line":1048,"column":17},"end":{"line":1048,"column":17}}]},"97":{"line":1055,"type":"if","locations":[{"start":{"line":1055,"column":13},"end":{"line":1055,"column":13}},{"start":{"line":1055,"column":13},"end":{"line":1055,"column":13}}]},"98":{"line":1055,"type":"binary-expr","locations":[{"start":{"line":1055,"column":17},"end":{"line":1055,"column":20}},{"start":{"line":1055,"column":24},"end":{"line":1055,"column":36}}]},"99":{"line":1057,"type":"binary-expr","locations":[{"start":{"line":1057,"column":23},"end":{"line":1057,"column":31}},{"start":{"line":1057,"column":35},"end":{"line":1057,"column":64}}]},"100":{"line":1060,"type":"if","locations":[{"start":{"line":1060,"column":12},"end":{"line":1060,"column":12}},{"start":{"line":1060,"column":12},"end":{"line":1060,"column":12}}]},"101":{"line":1070,"type":"if","locations":[{"start":{"line":1070,"column":16},"end":{"line":1070,"column":16}},{"start":{"line":1070,"column":16},"end":{"line":1070,"column":16}}]},"102":{"line":1076,"type":"if","locations":[{"start":{"line":1076,"column":16},"end":{"line":1076,"column":16}},{"start":{"line":1076,"column":16},"end":{"line":1076,"column":16}}]},"103":{"line":1097,"type":"cond-expr","locations":[{"start":{"line":1097,"column":35},"end":{"line":1097,"column":75}},{"start":{"line":1097,"column":78},"end":{"line":1097,"column":82}}]},"104":{"line":1103,"type":"cond-expr","locations":[{"start":{"line":1103,"column":35},"end":{"line":1103,"column":68}},{"start":{"line":1103,"column":71},"end":{"line":1103,"column":75}}]},"105":{"line":1114,"type":"if","locations":[{"start":{"line":1114,"column":12},"end":{"line":1114,"column":12}},{"start":{"line":1114,"column":12},"end":{"line":1114,"column":12}}]},"106":{"line":1120,"type":"if","locations":[{"start":{"line":1120,"column":12},"end":{"line":1120,"column":12}},{"start":{"line":1120,"column":12},"end":{"line":1120,"column":12}}]},"107":{"line":1126,"type":"if","locations":[{"start":{"line":1126,"column":12},"end":{"line":1126,"column":12}},{"start":{"line":1126,"column":12},"end":{"line":1126,"column":12}}]},"108":{"line":1136,"type":"binary-expr","locations":[{"start":{"line":1136,"column":22},"end":{"line":1136,"column":34}},{"start":{"line":1136,"column":38},"end":{"line":1136,"column":46}}]},"109":{"line":1139,"type":"binary-expr","locations":[{"start":{"line":1139,"column":17},"end":{"line":1139,"column":19}},{"start":{"line":1139,"column":23},"end":{"line":1139,"column":57}}]},"110":{"line":1140,"type":"cond-expr","locations":[{"start":{"line":1140,"column":35},"end":{"line":1140,"column":61}},{"start":{"line":1140,"column":64},"end":{"line":1140,"column":66}}]},"111":{"line":1147,"type":"if","locations":[{"start":{"line":1147,"column":12},"end":{"line":1147,"column":12}},{"start":{"line":1147,"column":12},"end":{"line":1147,"column":12}}]},"112":{"line":1159,"type":"if","locations":[{"start":{"line":1159,"column":12},"end":{"line":1159,"column":12}},{"start":{"line":1159,"column":12},"end":{"line":1159,"column":12}}]},"113":{"line":1185,"type":"if","locations":[{"start":{"line":1185,"column":12},"end":{"line":1185,"column":12}},{"start":{"line":1185,"column":12},"end":{"line":1185,"column":12}}]},"114":{"line":1190,"type":"if","locations":[{"start":{"line":1190,"column":12},"end":{"line":1190,"column":12}},{"start":{"line":1190,"column":12},"end":{"line":1190,"column":12}}]},"115":{"line":1194,"type":"if","locations":[{"start":{"line":1194,"column":17},"end":{"line":1194,"column":17}},{"start":{"line":1194,"column":17},"end":{"line":1194,"column":17}}]},"116":{"line":1196,"type":"binary-expr","locations":[{"start":{"line":1196,"column":22},"end":{"line":1196,"column":34}},{"start":{"line":1196,"column":38},"end":{"line":1196,"column":46}}]},"117":{"line":1207,"type":"cond-expr","locations":[{"start":{"line":1207,"column":36},"end":{"line":1207,"column":70}},{"start":{"line":1208,"column":36},"end":{"line":1208,"column":43}}]},"118":{"line":1214,"type":"if","locations":[{"start":{"line":1214,"column":12},"end":{"line":1214,"column":12}},{"start":{"line":1214,"column":12},"end":{"line":1214,"column":12}}]},"119":{"line":1218,"type":"if","locations":[{"start":{"line":1218,"column":16},"end":{"line":1218,"column":16}},{"start":{"line":1218,"column":16},"end":{"line":1218,"column":16}}]},"120":{"line":1253,"type":"if","locations":[{"start":{"line":1253,"column":12},"end":{"line":1253,"column":12}},{"start":{"line":1253,"column":12},"end":{"line":1253,"column":12}}]},"121":{"line":1261,"type":"if","locations":[{"start":{"line":1261,"column":17},"end":{"line":1261,"column":17}},{"start":{"line":1261,"column":17},"end":{"line":1261,"column":17}}]},"122":{"line":1263,"type":"binary-expr","locations":[{"start":{"line":1263,"column":56},"end":{"line":1263,"column":68}},{"start":{"line":1263,"column":72},"end":{"line":1263,"column":80}}]},"123":{"line":1273,"type":"if","locations":[{"start":{"line":1273,"column":12},"end":{"line":1273,"column":12}},{"start":{"line":1273,"column":12},"end":{"line":1273,"column":12}}]},"124":{"line":1295,"type":"if","locations":[{"start":{"line":1295,"column":12},"end":{"line":1295,"column":12}},{"start":{"line":1295,"column":12},"end":{"line":1295,"column":12}}]},"125":{"line":1300,"type":"cond-expr","locations":[{"start":{"line":1300,"column":36},"end":{"line":1300,"column":72}},{"start":{"line":1301,"column":36},"end":{"line":1301,"column":45}}]},"126":{"line":1303,"type":"if","locations":[{"start":{"line":1303,"column":12},"end":{"line":1303,"column":12}},{"start":{"line":1303,"column":12},"end":{"line":1303,"column":12}}]},"127":{"line":1309,"type":"if","locations":[{"start":{"line":1309,"column":12},"end":{"line":1309,"column":12}},{"start":{"line":1309,"column":12},"end":{"line":1309,"column":12}}]},"128":{"line":1321,"type":"binary-expr","locations":[{"start":{"line":1321,"column":55},"end":{"line":1321,"column":67}},{"start":{"line":1321,"column":71},"end":{"line":1321,"column":79}}]},"129":{"line":1323,"type":"cond-expr","locations":[{"start":{"line":1323,"column":53},"end":{"line":1324,"column":78}},{"start":{"line":1325,"column":53},"end":{"line":1325,"column":67}}]},"130":{"line":1328,"type":"if","locations":[{"start":{"line":1328,"column":12},"end":{"line":1328,"column":12}},{"start":{"line":1328,"column":12},"end":{"line":1328,"column":12}}]},"131":{"line":1376,"type":"if","locations":[{"start":{"line":1376,"column":4},"end":{"line":1376,"column":4}},{"start":{"line":1376,"column":4},"end":{"line":1376,"column":4}}]},"132":{"line":1395,"type":"if","locations":[{"start":{"line":1395,"column":4},"end":{"line":1395,"column":4}},{"start":{"line":1395,"column":4},"end":{"line":1395,"column":4}}]},"133":{"line":1414,"type":"if","locations":[{"start":{"line":1414,"column":4},"end":{"line":1414,"column":4}},{"start":{"line":1414,"column":4},"end":{"line":1414,"column":4}}]},"134":{"line":1434,"type":"if","locations":[{"start":{"line":1434,"column":4},"end":{"line":1434,"column":4}},{"start":{"line":1434,"column":4},"end":{"line":1434,"column":4}}]},"135":{"line":1436,"type":"if","locations":[{"start":{"line":1436,"column":8},"end":{"line":1436,"column":8}},{"start":{"line":1436,"column":8},"end":{"line":1436,"column":8}}]},"136":{"line":1438,"type":"if","locations":[{"start":{"line":1438,"column":12},"end":{"line":1438,"column":12}},{"start":{"line":1438,"column":12},"end":{"line":1438,"column":12}}]},"137":{"line":1446,"type":"if","locations":[{"start":{"line":1446,"column":12},"end":{"line":1446,"column":12}},{"start":{"line":1446,"column":12},"end":{"line":1446,"column":12}}]},"138":{"line":1457,"type":"if","locations":[{"start":{"line":1457,"column":9},"end":{"line":1457,"column":9}},{"start":{"line":1457,"column":9},"end":{"line":1457,"column":9}}]},"139":{"line":1457,"type":"binary-expr","locations":[{"start":{"line":1457,"column":13},"end":{"line":1457,"column":16}},{"start":{"line":1457,"column":20},"end":{"line":1457,"column":32}}]},"140":{"line":1461,"type":"if","locations":[{"start":{"line":1461,"column":8},"end":{"line":1461,"column":8}},{"start":{"line":1461,"column":8},"end":{"line":1461,"column":8}}]},"141":{"line":1468,"type":"if","locations":[{"start":{"line":1468,"column":8},"end":{"line":1468,"column":8}},{"start":{"line":1468,"column":8},"end":{"line":1468,"column":8}}]},"142":{"line":1479,"type":"binary-expr","locations":[{"start":{"line":1479,"column":12},"end":{"line":1479,"column":24}},{"start":{"line":1479,"column":28},"end":{"line":1479,"column":61}}]},"143":{"line":1507,"type":"cond-expr","locations":[{"start":{"line":1507,"column":31},"end":{"line":1507,"column":81}},{"start":{"line":1507,"column":84},"end":{"line":1507,"column":88}}]},"144":{"line":1513,"type":"cond-expr","locations":[{"start":{"line":1513,"column":31},"end":{"line":1513,"column":75}},{"start":{"line":1513,"column":78},"end":{"line":1513,"column":82}}]},"145":{"line":1524,"type":"if","locations":[{"start":{"line":1524,"column":8},"end":{"line":1524,"column":8}},{"start":{"line":1524,"column":8},"end":{"line":1524,"column":8}}]},"146":{"line":1530,"type":"if","locations":[{"start":{"line":1530,"column":8},"end":{"line":1530,"column":8}},{"start":{"line":1530,"column":8},"end":{"line":1530,"column":8}}]},"147":{"line":1536,"type":"if","locations":[{"start":{"line":1536,"column":8},"end":{"line":1536,"column":8}},{"start":{"line":1536,"column":8},"end":{"line":1536,"column":8}}]},"148":{"line":1540,"type":"cond-expr","locations":[{"start":{"line":1540,"column":36},"end":{"line":1540,"column":43}},{"start":{"line":1540,"column":46},"end":{"line":1540,"column":55}}]},"149":{"line":1545,"type":"binary-expr","locations":[{"start":{"line":1545,"column":22},"end":{"line":1545,"column":34}},{"start":{"line":1545,"column":38},"end":{"line":1545,"column":46}}]},"150":{"line":1548,"type":"if","locations":[{"start":{"line":1548,"column":8},"end":{"line":1548,"column":8}},{"start":{"line":1548,"column":8},"end":{"line":1548,"column":8}}]},"151":{"line":1554,"type":"if","locations":[{"start":{"line":1554,"column":8},"end":{"line":1554,"column":8}},{"start":{"line":1554,"column":8},"end":{"line":1554,"column":8}}]},"152":{"line":1556,"type":"cond-expr","locations":[{"start":{"line":1556,"column":35},"end":{"line":1556,"column":50}},{"start":{"line":1556,"column":53},"end":{"line":1556,"column":55}}]},"153":{"line":1562,"type":"if","locations":[{"start":{"line":1562,"column":12},"end":{"line":1562,"column":12}},{"start":{"line":1562,"column":12},"end":{"line":1562,"column":12}}]},"154":{"line":1570,"type":"if","locations":[{"start":{"line":1570,"column":8},"end":{"line":1570,"column":8}},{"start":{"line":1570,"column":8},"end":{"line":1570,"column":8}}]},"155":{"line":1579,"type":"if","locations":[{"start":{"line":1579,"column":8},"end":{"line":1579,"column":8}},{"start":{"line":1579,"column":8},"end":{"line":1579,"column":8}}]},"156":{"line":1599,"type":"if","locations":[{"start":{"line":1599,"column":12},"end":{"line":1599,"column":12}},{"start":{"line":1599,"column":12},"end":{"line":1599,"column":12}}]},"157":{"line":1607,"type":"if","locations":[{"start":{"line":1607,"column":8},"end":{"line":1607,"column":8}},{"start":{"line":1607,"column":8},"end":{"line":1607,"column":8}}]},"158":{"line":1629,"type":"if","locations":[{"start":{"line":1629,"column":8},"end":{"line":1629,"column":8}},{"start":{"line":1629,"column":8},"end":{"line":1629,"column":8}}]},"159":{"line":1634,"type":"if","locations":[{"start":{"line":1634,"column":8},"end":{"line":1634,"column":8}},{"start":{"line":1634,"column":8},"end":{"line":1634,"column":8}}]},"160":{"line":1640,"type":"if","locations":[{"start":{"line":1640,"column":8},"end":{"line":1640,"column":8}},{"start":{"line":1640,"column":8},"end":{"line":1640,"column":8}}]},"161":{"line":1643,"type":"cond-expr","locations":[{"start":{"line":1643,"column":33},"end":{"line":1643,"column":41}},{"start":{"line":1644,"column":33},"end":{"line":1645,"column":72}}]},"162":{"line":1644,"type":"cond-expr","locations":[{"start":{"line":1644,"column":65},"end":{"line":1644,"column":74}},{"start":{"line":1645,"column":65},"end":{"line":1645,"column":72}}]},"163":{"line":1650,"type":"binary-expr","locations":[{"start":{"line":1650,"column":22},"end":{"line":1650,"column":34}},{"start":{"line":1650,"column":38},"end":{"line":1650,"column":46}}]},"164":{"line":1653,"type":"if","locations":[{"start":{"line":1653,"column":8},"end":{"line":1653,"column":8}},{"start":{"line":1653,"column":8},"end":{"line":1653,"column":8}}]},"165":{"line":1665,"type":"cond-expr","locations":[{"start":{"line":1665,"column":51},"end":{"line":1665,"column":73}},{"start":{"line":1665,"column":76},"end":{"line":1665,"column":85}}]},"166":{"line":1668,"type":"cond-expr","locations":[{"start":{"line":1668,"column":51},"end":{"line":1668,"column":71}},{"start":{"line":1668,"column":74},"end":{"line":1668,"column":81}}]},"167":{"line":1672,"type":"if","locations":[{"start":{"line":1672,"column":12},"end":{"line":1672,"column":12}},{"start":{"line":1672,"column":12},"end":{"line":1672,"column":12}}]},"168":{"line":1678,"type":"if","locations":[{"start":{"line":1678,"column":8},"end":{"line":1678,"column":8}},{"start":{"line":1678,"column":8},"end":{"line":1678,"column":8}}]},"169":{"line":1682,"type":"if","locations":[{"start":{"line":1682,"column":12},"end":{"line":1682,"column":12}},{"start":{"line":1682,"column":12},"end":{"line":1682,"column":12}}]},"170":{"line":1712,"type":"if","locations":[{"start":{"line":1712,"column":8},"end":{"line":1712,"column":8}},{"start":{"line":1712,"column":8},"end":{"line":1712,"column":8}}]},"171":{"line":1720,"type":"if","locations":[{"start":{"line":1720,"column":8},"end":{"line":1720,"column":8}},{"start":{"line":1720,"column":8},"end":{"line":1720,"column":8}}]},"172":{"line":1722,"type":"cond-expr","locations":[{"start":{"line":1722,"column":41},"end":{"line":1722,"column":48}},{"start":{"line":1722,"column":51},"end":{"line":1722,"column":60}}]},"173":{"line":1727,"type":"binary-expr","locations":[{"start":{"line":1727,"column":36},"end":{"line":1727,"column":48}},{"start":{"line":1727,"column":52},"end":{"line":1727,"column":60}}]},"174":{"line":1730,"type":"if","locations":[{"start":{"line":1730,"column":12},"end":{"line":1730,"column":12}},{"start":{"line":1730,"column":12},"end":{"line":1730,"column":12}}]},"175":{"line":1736,"type":"if","locations":[{"start":{"line":1736,"column":8},"end":{"line":1736,"column":8}},{"start":{"line":1736,"column":8},"end":{"line":1736,"column":8}}]},"176":{"line":1758,"type":"if","locations":[{"start":{"line":1758,"column":8},"end":{"line":1758,"column":8}},{"start":{"line":1758,"column":8},"end":{"line":1758,"column":8}}]},"177":{"line":1763,"type":"cond-expr","locations":[{"start":{"line":1763,"column":32},"end":{"line":1763,"column":54}},{"start":{"line":1764,"column":32},"end":{"line":1764,"column":58}}]},"178":{"line":1766,"type":"if","locations":[{"start":{"line":1766,"column":8},"end":{"line":1766,"column":8}},{"start":{"line":1766,"column":8},"end":{"line":1766,"column":8}}]},"179":{"line":1772,"type":"if","locations":[{"start":{"line":1772,"column":8},"end":{"line":1772,"column":8}},{"start":{"line":1772,"column":8},"end":{"line":1772,"column":8}}]},"180":{"line":1775,"type":"cond-expr","locations":[{"start":{"line":1776,"column":20},"end":{"line":1776,"column":28}},{"start":{"line":1777,"column":20},"end":{"line":1778,"column":64}}]},"181":{"line":1777,"type":"cond-expr","locations":[{"start":{"line":1777,"column":57},"end":{"line":1777,"column":66}},{"start":{"line":1778,"column":57},"end":{"line":1778,"column":64}}]},"182":{"line":1785,"type":"binary-expr","locations":[{"start":{"line":1785,"column":53},"end":{"line":1785,"column":65}},{"start":{"line":1785,"column":69},"end":{"line":1785,"column":77}}]},"183":{"line":1787,"type":"cond-expr","locations":[{"start":{"line":1787,"column":36},"end":{"line":1787,"column":63}},{"start":{"line":1788,"column":36},"end":{"line":1788,"column":67}}]},"184":{"line":1791,"type":"if","locations":[{"start":{"line":1791,"column":8},"end":{"line":1791,"column":8}},{"start":{"line":1791,"column":8},"end":{"line":1791,"column":8}}]},"185":{"line":1810,"type":"if","locations":[{"start":{"line":1810,"column":0},"end":{"line":1810,"column":0}},{"start":{"line":1810,"column":0},"end":{"line":1810,"column":0}}]}}}}