TN:
SF:/home/david/Private/hub/common/simple-crypt/lib/simple-crypt.js
FN:27,(anonymous_1)
FN:42,(anonymous_2)
FN:67,(anonymous_3)
FN:86,(anonymous_4)
FN:92,(anonymous_5)
FN:98,(anonymous_6)
FN:104,(anonymous_7)
FN:117,(anonymous_8)
FN:126,(anonymous_9)
FN:138,(anonymous_10)
FN:164,(anonymous_11)
FN:172,(anonymous_12)
FN:180,(anonymous_13)
FN:206,(anonymous_14)
FN:217,(anonymous_15)
FN:225,(anonymous_16)
FN:254,(anonymous_17)
FN:260,(anonymous_18)
FN:272,(anonymous_19)
FN:298,(anonymous_20)
FN:306,(anonymous_21)
FN:314,(anonymous_22)
FN:340,(anonymous_23)
FN:351,(anonymous_24)
FN:359,(anonymous_25)
FN:388,(anonymous_26)
FN:400,(anonymous_27)
FN:408,(anonymous_28)
FN:416,(anonymous_29)
FN:424,(anonymous_30)
FN:439,(anonymous_31)
FN:445,(anonymous_32)
FN:453,(anonymous_33)
FN:461,(anonymous_34)
FN:469,(anonymous_35)
FN:495,(anonymous_36)
FN:526,(anonymous_37)
FN:552,(anonymous_38)
FN:558,(anonymous_39)
FN:564,(anonymous_40)
FN:628,(anonymous_41)
FN:699,(anonymous_42)
FN:736,(anonymous_43)
FN:792,(anonymous_44)
FN:811,(anonymous_45)
FN:826,(anonymous_46)
FN:839,(anonymous_47)
FN:890,(anonymous_48)
FN:891,(anonymous_49)
FN:913,(anonymous_50)
FN:921,(anonymous_51)
FN:927,(anonymous_52)
FN:971,(anonymous_53)
FN:1018,(anonymous_54)
FN:1049,(anonymous_55)
FN:1097,(anonymous_56)
FN:1139,(anonymous_57)
FNF:57
FNH:57
FNDA:202126,(anonymous_1)
FNDA:202126,(anonymous_2)
FNDA:202126,(anonymous_3)
FNDA:142704,(anonymous_4)
FNDA:12,(anonymous_5)
FNDA:80060,(anonymous_6)
FNDA:81008,(anonymous_7)
FNDA:54,(anonymous_8)
FNDA:36,(anonymous_9)
FNDA:18,(anonymous_10)
FNDA:18,(anonymous_11)
FNDA:18,(anonymous_12)
FNDA:18,(anonymous_13)
FNDA:50,(anonymous_14)
FNDA:16,(anonymous_15)
FNDA:16,(anonymous_16)
FNDA:60048,(anonymous_17)
FNDA:40032,(anonymous_18)
FNDA:20016,(anonymous_19)
FNDA:20016,(anonymous_20)
FNDA:20016,(anonymous_21)
FNDA:20016,(anonymous_22)
FNDA:60044,(anonymous_23)
FNDA:20014,(anonymous_24)
FNDA:20014,(anonymous_25)
FNDA:6,(anonymous_26)
FNDA:6,(anonymous_27)
FNDA:6,(anonymous_28)
FNDA:6,(anonymous_29)
FNDA:6,(anonymous_30)
FNDA:6,(anonymous_31)
FNDA:6,(anonymous_32)
FNDA:6,(anonymous_33)
FNDA:6,(anonymous_34)
FNDA:6,(anonymous_35)
FNDA:121095,(anonymous_36)
FNDA:118,(anonymous_37)
FNDA:40509,(anonymous_38)
FNDA:50483,(anonymous_39)
FNDA:331,(anonymous_40)
FNDA:334,(anonymous_41)
FNDA:40183,(anonymous_42)
FNDA:50185,(anonymous_43)
FNDA:81031,(anonymous_44)
FNDA:670,(anonymous_45)
FNDA:30197,(anonymous_46)
FNDA:81031,(anonymous_47)
FNDA:13608,(anonymous_48)
FNDA:74,(anonymous_49)
FNDA:20474,(anonymous_50)
FNDA:30465,(anonymous_51)
FNDA:313,(anonymous_52)
FNDA:284,(anonymous_53)
FNDA:318,(anonymous_54)
FNDA:284,(anonymous_55)
FNDA:20167,(anonymous_56)
FNDA:30171,(anonymous_57)
DA:22,2
DA:31,202126
DA:33,202126
DA:35,202126
DA:36,202126
DA:37,202126
DA:38,202126
DA:39,202126
DA:42,2
DA:46,202126
DA:48,160624
DA:49,160624
DA:52,202126
DA:54,80138
DA:55,80138
DA:58,202126
DA:60,20020
DA:61,20020
DA:64,202126
DA:67,202126
DA:69,202126
DA:71,0
DA:72,0
DA:75,202126
DA:77,202126
DA:79,182106
DA:83,202126
DA:86,2
DA:89,142704
DA:92,2
DA:95,12
DA:98,2
DA:101,80060
DA:104,2
DA:108,81008
DA:110,0
DA:111,0
DA:114,81008
DA:117,2
DA:124,54
DA:128,36
DA:130,4
DA:134,32
DA:140,18
DA:143,54
DA:145,36
DA:146,36
DA:147,36
DA:148,36
DA:149,36
DA:153,18
DA:154,18
DA:155,18
DA:156,18
DA:157,18
DA:160,54
DA:162,36
DA:164,18
DA:166,18
DA:168,0
DA:170,18
DA:172,18
DA:174,18
DA:176,0
DA:180,18
DA:182,18
DA:189,0
DA:193,18
DA:197,18
DA:202,18
DA:206,2
DA:210,50
DA:212,32
DA:214,16
DA:217,16
DA:219,16
DA:221,0
DA:225,16
DA:227,16
DA:229,0
DA:233,16
DA:239,16
DA:241,16
DA:245,16
DA:250,18
DA:254,2
DA:258,60048
DA:262,40032
DA:264,4
DA:268,40028
DA:274,20016
DA:277,60048
DA:279,40032
DA:280,40032
DA:281,40032
DA:282,40032
DA:283,40032
DA:287,20016
DA:288,20016
DA:289,20016
DA:290,20016
DA:291,20016
DA:294,60048
DA:296,40032
DA:298,20016
DA:300,20016
DA:302,0
DA:304,20016
DA:306,20016
DA:308,20016
DA:310,0
DA:314,20016
DA:316,20016
DA:323,0
DA:327,20016
DA:331,20016
DA:336,20016
DA:340,2
DA:344,60044
DA:346,40028
DA:348,20014
DA:351,20014
DA:353,20014
DA:355,0
DA:359,20014
DA:361,20014
DA:363,0
DA:367,20014
DA:373,20014
DA:375,20014
DA:379,20014
DA:384,20016
DA:388,2
DA:392,6
DA:394,6
DA:395,6
DA:398,6
DA:400,6
DA:402,6
DA:404,0
DA:405,0
DA:408,6
DA:410,6
DA:412,0
DA:413,0
DA:416,6
DA:418,6
DA:420,0
DA:421,0
DA:424,6
DA:426,6
DA:428,0
DA:429,0
DA:432,6
DA:439,2
DA:443,6
DA:445,6
DA:447,6
DA:449,0
DA:450,0
DA:453,6
DA:455,6
DA:457,0
DA:458,0
DA:461,6
DA:463,6
DA:465,0
DA:466,0
DA:469,6
DA:471,6
DA:473,0
DA:474,0
DA:477,6
DA:484,2
DA:486,2
DA:488,2
DA:495,2
DA:499,121095
DA:502,10
DA:504,5
DA:506,5
DA:508,5
DA:511,10
DA:513,121085
DA:515,118
DA:518,118
DA:520,40
DA:521,40
DA:522,40
DA:525,118
DA:528,118
DA:530,0
DA:531,0
DA:534,118
DA:536,0
DA:539,118
DA:548,120967
DA:552,2
DA:555,40509
DA:558,2
DA:561,50483
DA:564,2
DA:568,331
DA:571,331
DA:573,331
DA:575,26
DA:576,26
DA:579,331
DA:581,5
DA:582,5
DA:585,326
DA:587,7
DA:588,7
DA:592,319
DA:595,326
DA:596,326
DA:598,326
DA:599,326
DA:601,326
DA:603,326
DA:605,42
DA:610,326
DA:612,326
DA:614,326
DA:616,0
DA:621,0
DA:622,0
DA:625,326
DA:628,2
DA:632,334
DA:634,334
DA:636,334
DA:638,0
DA:641,334
DA:643,8
DA:645,326
DA:647,326
DA:651,0
DA:652,0
DA:655,334
DA:659,334
DA:661,334
DA:663,334
DA:665,0
DA:669,334
DA:672,316
DA:674,32
DA:676,32
DA:679,0
DA:680,0
DA:685,284
DA:688,316
DA:692,18
DA:693,18
DA:696,316
DA:699,2
DA:703,40183
DA:705,40183
DA:707,40183
DA:709,40183
DA:711,9
DA:713,40174
DA:715,40169
DA:721,5
DA:722,5
DA:725,40178
DA:729,0
DA:730,0
DA:733,40178
DA:736,2
DA:740,50185
DA:742,50185
DA:744,50185
DA:746,0
DA:749,50185
DA:751,50185
DA:753,0
DA:754,0
DA:757,50185
DA:759,10
DA:768,50175
DA:773,50185
DA:775,50167
DA:779,18
DA:780,18
DA:785,0
DA:786,0
DA:789,50167
DA:792,2
DA:795,81031
DA:798,2
DA:799,2
DA:800,2
DA:801,2
DA:802,2
DA:804,2
DA:808,0
DA:811,2
DA:815,670
DA:817,670
DA:819,399971
DA:822,670
DA:826,2
DA:829,30197
DA:830,30197
DA:833,1328260
DA:836,30197
DA:839,2
DA:843,81031
DA:845,81031
DA:847,12
DA:849,10
DA:851,5
DA:852,5
DA:853,5
DA:854,5
DA:857,5
DA:859,5
DA:860,5
DA:861,5
DA:862,5
DA:866,2
DA:868,81019
DA:870,74
DA:872,74
DA:874,32
DA:875,32
DA:876,32
DA:879,74
DA:881,28
DA:884,74
DA:889,74
DA:890,13608
DA:893,74
DA:895,74
DA:897,1184
DA:900,74
DA:909,80945
DA:913,2
DA:918,20474
DA:921,2
DA:924,30465
DA:927,2
DA:931,313
DA:933,313
DA:935,313
DA:937,26
DA:938,26
DA:941,313
DA:943,3
DA:944,3
DA:947,310
DA:949,5
DA:950,5
DA:951,5
DA:955,305
DA:958,310
DA:960,26
DA:961,26
DA:964,310
DA:966,310
DA:968,310
DA:970,284
DA:971,284
DA:973,284
DA:977,310
DA:979,26
DA:981,0
DA:984,26
DA:986,284
DA:988,0
DA:991,310
DA:993,310
DA:1001,310
DA:1003,284
DA:1007,310
DA:1011,0
DA:1012,0
DA:1015,310
DA:1018,2
DA:1022,318
DA:1024,318
DA:1026,318
DA:1028,0
DA:1031,318
DA:1033,0
DA:1034,0
DA:1037,318
DA:1039,6
DA:1043,312
DA:1046,318
DA:1048,284
DA:1049,284
DA:1051,284
DA:1055,318
DA:1057,318
DA:1065,318
DA:1067,284
DA:1071,318
DA:1073,34
DA:1075,34
DA:1077,12
DA:1078,12
DA:1083,284
DA:1086,306
DA:1090,0
DA:1091,0
DA:1094,306
DA:1097,2
DA:1101,20167
DA:1103,20167
DA:1105,20167
DA:1107,3
DA:1108,3
DA:1111,20164
DA:1113,20164
DA:1115,75
DA:1118,20164
DA:1120,7
DA:1124,20157
DA:1128,20164
DA:1132,0
DA:1133,0
DA:1136,20164
DA:1139,2
DA:1143,30171
DA:1145,30171
DA:1147,30171
DA:1149,0
DA:1152,30171
DA:1154,30171
DA:1156,0
DA:1157,0
DA:1160,30171
DA:1162,8
DA:1166,30163
DA:1171,30171
DA:1173,30159
DA:1177,12
DA:1178,12
DA:1183,0
DA:1184,0
DA:1187,30159
DA:1190,2
DA:1192,2
DA:1193,2
LF:446
LH:380
BRDA:33,1,0,202126
BRDA:33,1,1,20018
BRDA:46,2,0,160624
BRDA:46,2,1,41502
BRDA:52,3,0,80138
BRDA:52,3,1,121988
BRDA:58,4,0,20020
BRDA:58,4,1,182106
BRDA:69,5,0,0
BRDA:69,5,1,202126
BRDA:77,6,0,182106
BRDA:77,6,1,20020
BRDA:108,7,0,0
BRDA:108,7,1,81008
BRDA:128,8,0,4
BRDA:128,8,1,32
BRDA:143,9,0,36
BRDA:143,9,1,18
BRDA:149,10,0,36
BRDA:149,10,1,18
BRDA:160,11,0,36
BRDA:160,11,1,18
BRDA:162,12,0,18
BRDA:162,12,1,18
BRDA:166,13,0,0
BRDA:166,13,1,18
BRDA:170,14,0,18
BRDA:170,14,1,0
BRDA:174,15,0,0
BRDA:174,15,1,18
BRDA:210,16,0,32
BRDA:210,16,1,18
BRDA:212,17,0,16
BRDA:212,17,1,16
BRDA:219,18,0,0
BRDA:219,18,1,16
BRDA:227,19,0,0
BRDA:227,19,1,16
BRDA:262,20,0,4
BRDA:262,20,1,40028
BRDA:277,21,0,40032
BRDA:277,21,1,20016
BRDA:283,22,0,40032
BRDA:283,22,1,20016
BRDA:294,23,0,40032
BRDA:294,23,1,20016
BRDA:296,24,0,20016
BRDA:296,24,1,20016
BRDA:300,25,0,0
BRDA:300,25,1,20016
BRDA:304,26,0,20016
BRDA:304,26,1,0
BRDA:308,27,0,0
BRDA:308,27,1,20016
BRDA:344,28,0,40028
BRDA:344,28,1,20016
BRDA:346,29,0,20014
BRDA:346,29,1,20014
BRDA:353,30,0,0
BRDA:353,30,1,20014
BRDA:361,31,0,0
BRDA:361,31,1,20014
BRDA:392,32,0,6
BRDA:392,32,1,0
BRDA:402,33,0,0
BRDA:402,33,1,6
BRDA:410,34,0,0
BRDA:410,34,1,6
BRDA:418,35,0,0
BRDA:418,35,1,6
BRDA:426,36,0,0
BRDA:426,36,1,6
BRDA:447,37,0,0
BRDA:447,37,1,6
BRDA:455,38,0,0
BRDA:455,38,1,6
BRDA:463,39,0,0
BRDA:463,39,1,6
BRDA:471,40,0,0
BRDA:471,40,1,6
BRDA:486,41,0,2
BRDA:486,41,1,0
BRDA:499,42,0,10
BRDA:499,42,1,121085
BRDA:499,43,0,121095
BRDA:499,43,1,12
BRDA:502,44,0,5
BRDA:502,44,1,5
BRDA:506,45,0,5
BRDA:506,45,1,0
BRDA:513,46,0,118
BRDA:513,46,1,120967
BRDA:513,47,0,121085
BRDA:513,47,1,81016
BRDA:515,48,0,118
BRDA:515,48,1,56
BRDA:518,49,0,40
BRDA:518,49,1,78
BRDA:528,50,0,0
BRDA:528,50,1,118
BRDA:534,51,0,0
BRDA:534,51,1,118
BRDA:555,52,0,40150
BRDA:555,52,1,359
BRDA:561,53,0,50124
BRDA:561,53,1,359
BRDA:569,54,0,0
BRDA:569,54,1,331
BRDA:573,55,0,26
BRDA:573,55,1,305
BRDA:579,56,0,5
BRDA:579,56,1,326
BRDA:585,57,0,7
BRDA:585,57,1,319
BRDA:592,58,0,319
BRDA:592,58,1,290
BRDA:595,59,0,326
BRDA:595,59,1,42
BRDA:603,60,0,42
BRDA:603,60,1,284
BRDA:614,61,0,0
BRDA:614,61,1,326
BRDA:636,62,0,0
BRDA:636,62,1,334
BRDA:641,63,0,8
BRDA:641,63,1,326
BRDA:645,64,0,326
BRDA:645,64,1,0
BRDA:647,65,0,326
BRDA:647,65,1,291
BRDA:663,66,0,0
BRDA:663,66,1,334
BRDA:672,67,0,32
BRDA:672,67,1,284
BRDA:676,68,0,0
BRDA:676,68,1,32
BRDA:709,69,0,9
BRDA:709,69,1,40174
BRDA:713,70,0,40169
BRDA:713,70,1,5
BRDA:715,71,0,40169
BRDA:715,71,1,40140
BRDA:744,72,0,0
BRDA:744,72,1,50185
BRDA:751,73,0,0
BRDA:751,73,1,50185
BRDA:757,74,0,10
BRDA:757,74,1,50175
BRDA:768,75,0,50175
BRDA:768,75,1,50140
BRDA:773,76,0,50167
BRDA:773,76,1,18
BRDA:845,77,0,12
BRDA:845,77,1,81019
BRDA:847,78,0,10
BRDA:847,78,1,2
BRDA:849,79,0,5
BRDA:849,79,1,5
BRDA:857,80,0,5
BRDA:857,80,1,0
BRDA:868,81,0,74
BRDA:868,81,1,80945
BRDA:868,82,0,81019
BRDA:868,82,1,40950
BRDA:872,83,0,32
BRDA:872,83,1,42
BRDA:879,84,0,28
BRDA:879,84,1,46
BRDA:890,85,0,74
BRDA:890,85,1,74
BRDA:918,86,0,20115
BRDA:918,86,1,359
BRDA:924,87,0,30106
BRDA:924,87,1,359
BRDA:935,88,0,26
BRDA:935,88,1,287
BRDA:941,89,0,3
BRDA:941,89,1,310
BRDA:947,90,0,5
BRDA:947,90,1,305
BRDA:955,91,0,305
BRDA:955,91,1,288
BRDA:958,92,0,26
BRDA:958,92,1,284
BRDA:968,93,0,284
BRDA:968,93,1,26
BRDA:977,94,0,26
BRDA:977,94,1,284
BRDA:979,95,0,0
BRDA:979,95,1,26
BRDA:986,96,0,0
BRDA:986,96,1,284
BRDA:1001,97,0,284
BRDA:1001,97,1,26
BRDA:1026,98,0,0
BRDA:1026,98,1,318
BRDA:1031,99,0,0
BRDA:1031,99,1,318
BRDA:1037,100,0,6
BRDA:1037,100,1,312
BRDA:1043,101,0,312
BRDA:1043,101,1,289
BRDA:1046,102,0,284
BRDA:1046,102,1,34
BRDA:1065,103,0,284
BRDA:1065,103,1,34
BRDA:1071,104,0,34
BRDA:1071,104,1,284
BRDA:1075,105,0,12
BRDA:1075,105,1,22
BRDA:1105,106,0,3
BRDA:1105,106,1,20164
BRDA:1113,107,0,75
BRDA:1113,107,1,20089
BRDA:1118,108,0,7
BRDA:1118,108,1,20157
BRDA:1125,109,0,20157
BRDA:1125,109,1,20140
BRDA:1147,110,0,0
BRDA:1147,110,1,30171
BRDA:1154,111,0,0
BRDA:1154,111,1,30171
BRDA:1160,112,0,8
BRDA:1160,112,1,30163
BRDA:1167,113,0,30163
BRDA:1167,113,1,30140
BRDA:1171,114,0,30159
BRDA:1171,114,1,12
BRDA:1190,115,0,2
BRDA:1190,115,1,0
BRF:230
BRH:189
end_of_record
