TN:
SF:/home/david/simple-crypt/lib/simple-crypt.js
FN:27,(anonymous_1)
FN:44,(anonymous_2)
FN:69,(anonymous_3)
FN:88,(anonymous_4)
FN:94,(anonymous_5)
FN:100,(anonymous_6)
FN:106,(anonymous_7)
FN:116,(anonymous_8)
FN:125,(anonymous_9)
FN:137,(anonymous_10)
FN:163,(anonymous_11)
FN:171,(anonymous_12)
FN:179,(anonymous_13)
FN:205,(anonymous_14)
FN:216,(anonymous_15)
FN:224,(anonymous_16)
FN:253,(anonymous_17)
FN:259,(anonymous_18)
FN:271,(anonymous_19)
FN:297,(anonymous_20)
FN:305,(anonymous_21)
FN:313,(anonymous_22)
FN:339,(anonymous_23)
FN:350,(anonymous_24)
FN:358,(anonymous_25)
FN:387,(anonymous_26)
FN:399,(anonymous_27)
FN:407,(anonymous_28)
FN:415,(anonymous_29)
FN:423,(anonymous_30)
FN:438,(anonymous_31)
FN:444,(anonymous_32)
FN:452,(anonymous_33)
FN:460,(anonymous_34)
FN:468,(anonymous_35)
FN:483,(anonymous_36)
FN:497,(anonymous_37)
FN:511,(anonymous_38)
FN:518,(anonymous_39)
FN:559,(anonymous_40)
FN:568,(anonymous_41)
FN:582,(anonymous_42)
FN:599,(anonymous_43)
FN:665,(anonymous_44)
FN:715,(anonymous_45)
FN:729,(anonymous_46)
FN:743,(anonymous_47)
FN:750,(anonymous_48)
FN:783,(anonymous_49)
FN:792,(anonymous_50)
FN:806,(anonymous_51)
FN:823,(anonymous_52)
FN:876,(anonymous_53)
FN:926,(anonymous_54)
FN:938,(anonymous_55)
FN:945,(anonymous_56)
FN:952,(anonymous_57)
FN:959,(anonymous_58)
FN:964,(anonymous_59)
FN:975,(anonymous_60)
FN:987,(anonymous_61)
FN:994,(anonymous_62)
FN:1001,(anonymous_63)
FN:1008,(anonymous_64)
FN:1013,(anonymous_65)
FN:1034,(anonymous_66)
FN:1065,(anonymous_67)
FN:1091,(anonymous_68)
FN:1097,(anonymous_69)
FN:1103,(anonymous_70)
FN:1172,(anonymous_71)
FN:1232,(anonymous_72)
FN:1274,(anonymous_73)
FN:1328,(anonymous_74)
FN:1353,(anonymous_75)
FN:1372,(anonymous_76)
FN:1392,(anonymous_77)
FN:1409,(anonymous_78)
FN:1460,(anonymous_79)
FN:1461,(anonymous_80)
FN:1483,(anonymous_81)
FN:1491,(anonymous_82)
FN:1497,(anonymous_83)
FN:1553,(anonymous_84)
FN:1600,(anonymous_85)
FN:1631,(anonymous_86)
FN:1677,(anonymous_87)
FN:1721,(anonymous_88)
FNF:88
FNH:82
FNDA:202186,(anonymous_1)
FNDA:202186,(anonymous_2)
FNDA:202186,(anonymous_3)
FNDA:143352,(anonymous_4)
FNDA:14,(anonymous_5)
FNDA:80060,(anonymous_6)
FNDA:81332,(anonymous_7)
FNDA:54,(anonymous_8)
FNDA:36,(anonymous_9)
FNDA:18,(anonymous_10)
FNDA:18,(anonymous_11)
FNDA:18,(anonymous_12)
FNDA:18,(anonymous_13)
FNDA:50,(anonymous_14)
FNDA:16,(anonymous_15)
FNDA:16,(anonymous_16)
FNDA:60048,(anonymous_17)
FNDA:40032,(anonymous_18)
FNDA:20016,(anonymous_19)
FNDA:20016,(anonymous_20)
FNDA:20016,(anonymous_21)
FNDA:20016,(anonymous_22)
FNDA:60044,(anonymous_23)
FNDA:20014,(anonymous_24)
FNDA:20014,(anonymous_25)
FNDA:6,(anonymous_26)
FNDA:6,(anonymous_27)
FNDA:6,(anonymous_28)
FNDA:6,(anonymous_29)
FNDA:6,(anonymous_30)
FNDA:6,(anonymous_31)
FNDA:6,(anonymous_32)
FNDA:6,(anonymous_33)
FNDA:6,(anonymous_34)
FNDA:6,(anonymous_35)
FNDA:12,(anonymous_36)
FNDA:12,(anonymous_37)
FNDA:72,(anonymous_38)
FNDA:72,(anonymous_39)
FNDA:0,(anonymous_40)
FNDA:12,(anonymous_41)
FNDA:12,(anonymous_42)
FNDA:288,(anonymous_43)
FNDA:72,(anonymous_44)
FNDA:18,(anonymous_45)
FNDA:18,(anonymous_46)
FNDA:252,(anonymous_47)
FNDA:252,(anonymous_48)
FNDA:0,(anonymous_49)
FNDA:18,(anonymous_50)
FNDA:18,(anonymous_51)
FNDA:756,(anonymous_52)
FNDA:252,(anonymous_53)
FNDA:6,(anonymous_54)
FNDA:6,(anonymous_55)
FNDA:6,(anonymous_56)
FNDA:6,(anonymous_57)
FNDA:0,(anonymous_58)
FNDA:0,(anonymous_59)
FNDA:6,(anonymous_60)
FNDA:6,(anonymous_61)
FNDA:6,(anonymous_62)
FNDA:6,(anonymous_63)
FNDA:0,(anonymous_64)
FNDA:0,(anonymous_65)
FNDA:121125,(anonymous_66)
FNDA:118,(anonymous_67)
FNDA:40671,(anonymous_68)
FNDA:50645,(anonymous_69)
FNDA:367,(anonymous_70)
FNDA:370,(anonymous_71)
FNDA:40309,(anonymous_72)
FNDA:50311,(anonymous_73)
FNDA:81061,(anonymous_74)
FNDA:1086,(anonymous_75)
FNDA:72181,(anonymous_76)
FNDA:30275,(anonymous_77)
FNDA:81061,(anonymous_78)
FNDA:13608,(anonymous_79)
FNDA:74,(anonymous_80)
FNDA:20636,(anonymous_81)
FNDA:30627,(anonymous_82)
FNDA:349,(anonymous_83)
FNDA:284,(anonymous_84)
FNDA:354,(anonymous_85)
FNDA:284,(anonymous_86)
FNDA:20293,(anonymous_87)
FNDA:30297,(anonymous_88)
DA:22,2
DA:31,202186
DA:33,202186
DA:35,202186
DA:36,202186
DA:37,202186
DA:38,202186
DA:39,202186
DA:41,202186
DA:44,2
DA:48,202186
DA:50,160624
DA:51,160624
DA:54,202186
DA:56,80138
DA:57,80138
DA:60,202186
DA:62,20020
DA:63,20020
DA:66,202186
DA:69,202186
DA:71,202186
DA:73,0
DA:74,0
DA:77,202186
DA:79,202186
DA:81,182166
DA:85,202186
DA:88,2
DA:91,143352
DA:94,2
DA:97,14
DA:100,2
DA:103,80060
DA:106,2
DA:110,81332
DA:112,0
DA:116,2
DA:123,54
DA:127,36
DA:129,4
DA:133,32
DA:139,18
DA:142,54
DA:144,36
DA:145,36
DA:146,36
DA:147,36
DA:148,36
DA:152,18
DA:153,18
DA:154,18
DA:155,18
DA:156,18
DA:159,54
DA:161,36
DA:163,18
DA:165,18
DA:167,0
DA:169,18
DA:171,18
DA:173,18
DA:175,0
DA:179,18
DA:181,18
DA:188,0
DA:192,18
DA:196,18
DA:201,18
DA:205,2
DA:209,50
DA:211,32
DA:213,16
DA:216,16
DA:218,16
DA:220,0
DA:224,16
DA:226,16
DA:228,0
DA:232,16
DA:238,16
DA:240,16
DA:244,16
DA:249,18
DA:253,2
DA:257,60048
DA:261,40032
DA:263,4
DA:267,40028
DA:273,20016
DA:276,60048
DA:278,40032
DA:279,40032
DA:280,40032
DA:281,40032
DA:282,40032
DA:286,20016
DA:287,20016
DA:288,20016
DA:289,20016
DA:290,20016
DA:293,60048
DA:295,40032
DA:297,20016
DA:299,20016
DA:301,0
DA:303,20016
DA:305,20016
DA:307,20016
DA:309,0
DA:313,20016
DA:315,20016
DA:322,0
DA:326,20016
DA:330,20016
DA:335,20016
DA:339,2
DA:343,60044
DA:345,40028
DA:347,20014
DA:350,20014
DA:352,20014
DA:354,0
DA:358,20014
DA:360,20014
DA:362,0
DA:366,20014
DA:372,20014
DA:374,20014
DA:378,20014
DA:383,20016
DA:387,2
DA:391,6
DA:393,6
DA:394,6
DA:397,6
DA:399,6
DA:401,6
DA:403,0
DA:404,0
DA:407,6
DA:409,6
DA:411,0
DA:412,0
DA:415,6
DA:417,6
DA:419,0
DA:420,0
DA:423,6
DA:425,6
DA:427,0
DA:428,0
DA:431,6
DA:438,2
DA:442,6
DA:444,6
DA:446,6
DA:448,0
DA:449,0
DA:452,6
DA:454,6
DA:456,0
DA:457,0
DA:460,6
DA:462,6
DA:464,0
DA:465,0
DA:468,6
DA:470,6
DA:472,0
DA:473,0
DA:476,6
DA:483,2
DA:487,12
DA:489,6
DA:490,6
DA:493,12
DA:499,12
DA:501,0
DA:504,12
DA:511,12
DA:513,72
DA:515,72
DA:520,72
DA:522,0
DA:525,72
DA:527,72
DA:529,72
DA:530,72
DA:532,72
DA:534,72
DA:535,72
DA:537,72
DA:538,72
DA:539,72
DA:540,72
DA:542,72
DA:547,72
DA:548,72
DA:550,72
DA:552,72
DA:556,12
DA:557,12
DA:559,12
DA:561,0
DA:564,12
DA:568,2
DA:572,12
DA:574,6
DA:575,6
DA:578,12
DA:584,12
DA:586,0
DA:589,12
DA:599,12
DA:601,288
DA:603,288
DA:606,72
DA:607,72
DA:608,72
DA:609,72
DA:612,72
DA:613,72
DA:614,72
DA:617,72
DA:619,0
DA:620,0
DA:622,72
DA:623,72
DA:624,72
DA:627,72
DA:629,0
DA:630,0
DA:632,72
DA:634,48
DA:636,72
DA:637,72
DA:640,0
DA:641,0
DA:644,288
DA:646,0
DA:647,0
DA:650,288
DA:652,0
DA:653,0
DA:656,288
DA:658,288
DA:660,216
DA:663,72
DA:665,72
DA:667,72
DA:669,0
DA:672,72
DA:674,36
DA:677,72
DA:679,60
DA:681,0
DA:684,60
DA:687,0
DA:690,60
DA:694,12
DA:696,0
DA:699,12
DA:702,72
DA:704,72
DA:708,12
DA:709,12
DA:711,12
DA:715,2
DA:719,18
DA:721,6
DA:722,6
DA:725,18
DA:731,18
DA:733,0
DA:736,18
DA:743,18
DA:745,252
DA:747,252
DA:752,252
DA:754,0
DA:757,252
DA:759,252
DA:761,252
DA:762,252
DA:764,252
DA:766,252
DA:767,252
DA:769,252
DA:770,252
DA:771,252
DA:772,252
DA:774,252
DA:776,252
DA:780,18
DA:781,18
DA:783,18
DA:785,0
DA:788,18
DA:792,2
DA:796,18
DA:798,6
DA:799,6
DA:802,18
DA:808,18
DA:810,0
DA:813,18
DA:823,18
DA:825,756
DA:827,756
DA:830,252
DA:831,252
DA:832,252
DA:833,252
DA:836,252
DA:837,252
DA:838,252
DA:841,252
DA:843,0
DA:844,0
DA:846,252
DA:847,252
DA:848,252
DA:851,0
DA:852,0
DA:855,756
DA:857,0
DA:858,0
DA:861,756
DA:863,0
DA:864,0
DA:867,756
DA:869,756
DA:871,504
DA:874,252
DA:876,252
DA:878,252
DA:880,0
DA:883,252
DA:885,126
DA:888,252
DA:890,234
DA:892,0
DA:895,234
DA:898,0
DA:901,234
DA:905,18
DA:907,0
DA:910,18
DA:913,252
DA:915,252
DA:919,18
DA:920,18
DA:922,18
DA:926,2
DA:930,6
DA:932,6
DA:933,6
DA:936,6
DA:938,6
DA:940,6
DA:942,0
DA:945,6
DA:947,6
DA:949,0
DA:952,6
DA:954,6
DA:956,0
DA:959,6
DA:961,0
DA:964,6
DA:966,0
DA:969,6
DA:975,2
DA:979,6
DA:981,6
DA:982,6
DA:985,6
DA:987,6
DA:989,6
DA:991,0
DA:994,6
DA:996,6
DA:998,0
DA:1001,6
DA:1003,6
DA:1005,0
DA:1008,6
DA:1010,0
DA:1013,6
DA:1015,0
DA:1018,6
DA:1024,2
DA:1026,2
DA:1028,2
DA:1034,2
DA:1038,121125
DA:1041,20
DA:1043,10
DA:1045,10
DA:1047,10
DA:1050,20
DA:1052,121105
DA:1054,118
DA:1057,118
DA:1059,40
DA:1060,40
DA:1061,40
DA:1064,118
DA:1067,118
DA:1069,0
DA:1070,0
DA:1073,118
DA:1075,0
DA:1078,118
DA:1087,120987
DA:1091,2
DA:1094,40671
DA:1097,2
DA:1100,50645
DA:1103,2
DA:1107,367
DA:1109,367
DA:1111,367
DA:1113,62
DA:1114,62
DA:1117,367
DA:1119,5
DA:1122,362
DA:1124,31
DA:1125,31
DA:1132,331
DA:1135,362
DA:1136,362
DA:1138,362
DA:1139,362
DA:1141,362
DA:1143,362
DA:1145,78
DA:1152,362
DA:1153,362
DA:1155,362
DA:1157,42
DA:1161,320
DA:1166,5
DA:1169,362
DA:1172,2
DA:1176,370
DA:1178,370
DA:1180,370
DA:1182,370
DA:1184,32
DA:1186,338
DA:1188,338
DA:1192,0
DA:1195,370
DA:1200,370
DA:1202,370
DA:1203,370
DA:1205,352
DA:1207,68
DA:1209,68
DA:1214,0
DA:1219,284
DA:1222,352
DA:1226,18
DA:1229,352
DA:1232,2
DA:1236,40309
DA:1238,40309
DA:1240,40309
DA:1242,40309
DA:1244,93
DA:1250,40216
DA:1252,40211
DA:1258,5
DA:1261,40304
DA:1263,40103
DA:1268,5
DA:1271,40304
DA:1274,2
DA:1278,50311
DA:1280,50311
DA:1282,50311
DA:1284,50311
DA:1287,50311
DA:1289,0
DA:1292,50311
DA:1294,94
DA:1303,50217
DA:1311,50311
DA:1313,50293
DA:1317,18
DA:1322,18
DA:1325,50293
DA:1328,2
DA:1331,81061
DA:1334,2
DA:1335,2
DA:1336,2
DA:1337,2
DA:1338,2
DA:1339,2
DA:1340,2
DA:1341,2
DA:1342,2
DA:1343,2
DA:1344,2
DA:1346,2
DA:1350,0
DA:1353,2
DA:1357,1086
DA:1359,356
DA:1362,730
DA:1364,730
DA:1366,1019486
DA:1369,730
DA:1372,2
DA:1376,72181
DA:1378,20265
DA:1381,51916
DA:1383,51916
DA:1385,254177713
DA:1388,51916
DA:1392,2
DA:1395,30275
DA:1397,0
DA:1399,30275
DA:1400,30275
DA:1403,968800
DA:1406,30275
DA:1409,2
DA:1413,81061
DA:1415,81061
DA:1417,22
DA:1419,20
DA:1421,10
DA:1422,10
DA:1423,10
DA:1424,10
DA:1427,10
DA:1429,10
DA:1430,10
DA:1431,10
DA:1432,10
DA:1436,2
DA:1438,81039
DA:1440,74
DA:1442,74
DA:1444,32
DA:1445,32
DA:1446,32
DA:1449,74
DA:1451,28
DA:1454,74
DA:1459,74
DA:1460,13608
DA:1463,74
DA:1465,74
DA:1467,1184
DA:1470,74
DA:1479,80965
DA:1483,2
DA:1488,20636
DA:1491,2
DA:1494,30627
DA:1497,2
DA:1501,349
DA:1503,349
DA:1505,349
DA:1507,62
DA:1508,62
DA:1511,349
DA:1513,3
DA:1516,346
DA:1518,29
DA:1519,29
DA:1520,29
DA:1525,317
DA:1528,346
DA:1530,62
DA:1531,62
DA:1534,346
DA:1536,0
DA:1537,0
DA:1541,346
DA:1542,346
DA:1544,26
DA:1548,346
DA:1550,346
DA:1552,284
DA:1553,284
DA:1555,284
DA:1559,346
DA:1561,62
DA:1562,62
DA:1566,284
DA:1569,346
DA:1571,346
DA:1579,346
DA:1581,284
DA:1585,346
DA:1587,346
DA:1589,26
DA:1594,3
DA:1597,346
DA:1600,2
DA:1604,354
DA:1606,354
DA:1608,354
DA:1610,354
DA:1612,0
DA:1615,354
DA:1617,30
DA:1625,324
DA:1628,354
DA:1630,284
DA:1631,284
DA:1633,284
DA:1637,354
DA:1639,354
DA:1647,354
DA:1649,284
DA:1653,354
DA:1655,70
DA:1657,70
DA:1659,12
DA:1664,284
DA:1667,342
DA:1671,12
DA:1674,342
DA:1677,2
DA:1681,20293
DA:1683,20293
DA:1685,20293
DA:1687,3
DA:1690,20290
DA:1692,20290
DA:1694,91
DA:1698,20199
DA:1702,20199
DA:1704,20082
DA:1708,20290
DA:1710,20089
DA:1715,3
DA:1718,20290
DA:1721,2
DA:1725,30297
DA:1727,30297
DA:1729,30297
DA:1731,30297
DA:1734,30297
DA:1736,0
DA:1739,30297
DA:1741,92
DA:1751,30205
DA:1758,30297
DA:1760,30285
DA:1764,12
DA:1769,12
DA:1772,30285
DA:1775,2
DA:1777,2
DA:1778,2
LF:664
LH:579
BRDA:33,1,0,202186
BRDA:33,1,1,20018
BRDA:41,2,0,200690
BRDA:41,2,1,1496
BRDA:48,3,0,160624
BRDA:48,3,1,41562
BRDA:54,4,0,80138
BRDA:54,4,1,122048
BRDA:60,5,0,20020
BRDA:60,5,1,182166
BRDA:71,6,0,0
BRDA:71,6,1,202186
BRDA:79,7,0,182166
BRDA:79,7,1,20020
BRDA:110,8,0,0
BRDA:110,8,1,81332
BRDA:127,9,0,4
BRDA:127,9,1,32
BRDA:142,10,0,36
BRDA:142,10,1,18
BRDA:148,11,0,36
BRDA:148,11,1,18
BRDA:159,12,0,36
BRDA:159,12,1,18
BRDA:161,13,0,18
BRDA:161,13,1,18
BRDA:165,14,0,0
BRDA:165,14,1,18
BRDA:169,15,0,18
BRDA:169,15,1,0
BRDA:173,16,0,0
BRDA:173,16,1,18
BRDA:209,17,0,32
BRDA:209,17,1,18
BRDA:211,18,0,16
BRDA:211,18,1,16
BRDA:218,19,0,0
BRDA:218,19,1,16
BRDA:226,20,0,0
BRDA:226,20,1,16
BRDA:261,21,0,4
BRDA:261,21,1,40028
BRDA:276,22,0,40032
BRDA:276,22,1,20016
BRDA:282,23,0,40032
BRDA:282,23,1,20016
BRDA:293,24,0,40032
BRDA:293,24,1,20016
BRDA:295,25,0,20016
BRDA:295,25,1,20016
BRDA:299,26,0,0
BRDA:299,26,1,20016
BRDA:303,27,0,20016
BRDA:303,27,1,0
BRDA:307,28,0,0
BRDA:307,28,1,20016
BRDA:343,29,0,40028
BRDA:343,29,1,20016
BRDA:345,30,0,20014
BRDA:345,30,1,20014
BRDA:352,31,0,0
BRDA:352,31,1,20014
BRDA:360,32,0,0
BRDA:360,32,1,20014
BRDA:391,33,0,6
BRDA:391,33,1,0
BRDA:401,34,0,0
BRDA:401,34,1,6
BRDA:409,35,0,0
BRDA:409,35,1,6
BRDA:417,36,0,0
BRDA:417,36,1,6
BRDA:425,37,0,0
BRDA:425,37,1,6
BRDA:446,38,0,0
BRDA:446,38,1,6
BRDA:454,39,0,0
BRDA:454,39,1,6
BRDA:462,40,0,0
BRDA:462,40,1,6
BRDA:470,41,0,0
BRDA:470,41,1,6
BRDA:487,42,0,6
BRDA:487,42,1,6
BRDA:499,43,0,0
BRDA:499,43,1,12
BRDA:516,44,0,60
BRDA:516,44,1,12
BRDA:520,45,0,0
BRDA:520,45,1,72
BRDA:527,46,0,36
BRDA:527,46,1,36
BRDA:532,47,0,36
BRDA:532,47,1,36
BRDA:543,48,0,48
BRDA:543,48,1,24
BRDA:544,49,0,24
BRDA:544,49,1,24
BRDA:572,50,0,6
BRDA:572,50,1,6
BRDA:584,51,0,0
BRDA:584,51,1,12
BRDA:603,52,0,72
BRDA:603,52,1,72
BRDA:603,52,2,72
BRDA:603,52,3,72
BRDA:603,52,4,0
BRDA:617,53,0,0
BRDA:617,53,1,72
BRDA:627,54,0,0
BRDA:627,54,1,72
BRDA:632,55,0,48
BRDA:632,55,1,24
BRDA:644,56,0,0
BRDA:644,56,1,288
BRDA:650,57,0,0
BRDA:650,57,1,288
BRDA:658,58,0,216
BRDA:658,58,1,72
BRDA:667,59,0,0
BRDA:667,59,1,72
BRDA:672,60,0,36
BRDA:672,60,1,36
BRDA:677,61,0,60
BRDA:677,61,1,12
BRDA:679,62,0,0
BRDA:679,62,1,60
BRDA:684,63,0,0
BRDA:684,63,1,60
BRDA:694,64,0,0
BRDA:694,64,1,12
BRDA:719,65,0,6
BRDA:719,65,1,12
BRDA:731,66,0,0
BRDA:731,66,1,18
BRDA:748,67,0,234
BRDA:748,67,1,18
BRDA:752,68,0,0
BRDA:752,68,1,252
BRDA:759,69,0,126
BRDA:759,69,1,126
BRDA:764,70,0,126
BRDA:764,70,1,126
BRDA:796,71,0,6
BRDA:796,71,1,12
BRDA:808,72,0,0
BRDA:808,72,1,18
BRDA:827,73,0,252
BRDA:827,73,1,252
BRDA:827,73,2,252
BRDA:827,73,3,0
BRDA:841,74,0,0
BRDA:841,74,1,252
BRDA:855,75,0,0
BRDA:855,75,1,756
BRDA:861,76,0,0
BRDA:861,76,1,756
BRDA:869,77,0,504
BRDA:869,77,1,252
BRDA:878,78,0,0
BRDA:878,78,1,252
BRDA:883,79,0,126
BRDA:883,79,1,126
BRDA:888,80,0,234
BRDA:888,80,1,18
BRDA:890,81,0,0
BRDA:890,81,1,234
BRDA:895,82,0,0
BRDA:895,82,1,234
BRDA:905,83,0,0
BRDA:905,83,1,18
BRDA:930,84,0,6
BRDA:930,84,1,0
BRDA:940,85,0,0
BRDA:940,85,1,6
BRDA:947,86,0,0
BRDA:947,86,1,6
BRDA:954,87,0,0
BRDA:954,87,1,6
BRDA:979,88,0,6
BRDA:979,88,1,0
BRDA:989,89,0,0
BRDA:989,89,1,6
BRDA:996,90,0,0
BRDA:996,90,1,6
BRDA:1003,91,0,0
BRDA:1003,91,1,6
BRDA:1026,92,0,2
BRDA:1026,92,1,0
BRDA:1038,93,0,20
BRDA:1038,93,1,121105
BRDA:1038,94,0,121125
BRDA:1038,94,1,22
BRDA:1041,95,0,10
BRDA:1041,95,1,10
BRDA:1045,96,0,10
BRDA:1045,96,1,0
BRDA:1052,97,0,118
BRDA:1052,97,1,120987
BRDA:1052,98,0,121105
BRDA:1052,98,1,81036
BRDA:1054,99,0,118
BRDA:1054,99,1,56
BRDA:1057,100,0,40
BRDA:1057,100,1,78
BRDA:1067,101,0,0
BRDA:1067,101,1,118
BRDA:1073,102,0,0
BRDA:1073,102,1,118
BRDA:1094,103,0,40150
BRDA:1094,103,1,521
BRDA:1100,104,0,50124
BRDA:1100,104,1,521
BRDA:1111,105,0,62
BRDA:1111,105,1,305
BRDA:1117,106,0,5
BRDA:1117,106,1,362
BRDA:1122,107,0,31
BRDA:1122,107,1,331
BRDA:1132,108,0,331
BRDA:1132,108,1,302
BRDA:1135,109,0,362
BRDA:1135,109,1,78
BRDA:1136,110,0,42
BRDA:1136,110,1,320
BRDA:1143,111,0,78
BRDA:1143,111,1,284
BRDA:1155,112,0,42
BRDA:1155,112,1,320
BRDA:1182,113,0,32
BRDA:1182,113,1,338
BRDA:1186,114,0,338
BRDA:1186,114,1,0
BRDA:1188,115,0,338
BRDA:1188,115,1,303
BRDA:1198,116,0,50
BRDA:1198,116,1,320
BRDA:1205,117,0,68
BRDA:1205,117,1,284
BRDA:1209,118,0,0
BRDA:1209,118,1,68
BRDA:1242,119,0,93
BRDA:1242,119,1,40216
BRDA:1250,120,0,40211
BRDA:1250,120,1,5
BRDA:1252,121,0,40211
BRDA:1252,121,1,40182
BRDA:1261,122,0,40103
BRDA:1261,122,1,201
BRDA:1284,123,0,50110
BRDA:1284,123,1,201
BRDA:1287,124,0,0
BRDA:1287,124,1,50311
BRDA:1292,125,0,94
BRDA:1292,125,1,50217
BRDA:1304,126,0,50217
BRDA:1304,126,1,50182
BRDA:1306,127,0,50100
BRDA:1306,127,1,117
BRDA:1311,128,0,50293
BRDA:1311,128,1,18
BRDA:1357,129,0,356
BRDA:1357,129,1,730
BRDA:1376,130,0,20265
BRDA:1376,130,1,51916
BRDA:1395,131,0,0
BRDA:1395,131,1,30275
BRDA:1415,132,0,22
BRDA:1415,132,1,81039
BRDA:1417,133,0,20
BRDA:1417,133,1,2
BRDA:1419,134,0,10
BRDA:1419,134,1,10
BRDA:1427,135,0,10
BRDA:1427,135,1,0
BRDA:1438,136,0,74
BRDA:1438,136,1,80965
BRDA:1438,137,0,81039
BRDA:1438,137,1,40970
BRDA:1442,138,0,32
BRDA:1442,138,1,42
BRDA:1449,139,0,28
BRDA:1449,139,1,46
BRDA:1460,140,0,74
BRDA:1460,140,1,74
BRDA:1488,141,0,20115
BRDA:1488,141,1,521
BRDA:1494,142,0,30106
BRDA:1494,142,1,521
BRDA:1505,143,0,62
BRDA:1505,143,1,287
BRDA:1511,144,0,3
BRDA:1511,144,1,346
BRDA:1516,145,0,29
BRDA:1516,145,1,317
BRDA:1520,146,0,5
BRDA:1520,146,1,24
BRDA:1525,147,0,317
BRDA:1525,147,1,300
BRDA:1528,148,0,62
BRDA:1528,148,1,284
BRDA:1534,149,0,0
BRDA:1534,149,1,346
BRDA:1536,150,0,0
BRDA:1536,150,1,0
BRDA:1542,151,0,26
BRDA:1542,151,1,320
BRDA:1550,152,0,284
BRDA:1550,152,1,62
BRDA:1559,153,0,62
BRDA:1559,153,1,284
BRDA:1579,154,0,284
BRDA:1579,154,1,62
BRDA:1587,155,0,26
BRDA:1587,155,1,320
BRDA:1610,156,0,0
BRDA:1610,156,1,354
BRDA:1615,157,0,30
BRDA:1615,157,1,324
BRDA:1618,158,0,6
BRDA:1618,158,1,24
BRDA:1619,159,0,0
BRDA:1619,159,1,24
BRDA:1625,160,0,324
BRDA:1625,160,1,301
BRDA:1628,161,0,284
BRDA:1628,161,1,70
BRDA:1640,162,0,34
BRDA:1640,162,1,320
BRDA:1643,163,0,34
BRDA:1643,163,1,320
BRDA:1647,164,0,284
BRDA:1647,164,1,70
BRDA:1653,165,0,70
BRDA:1653,165,1,284
BRDA:1657,166,0,12
BRDA:1657,166,1,58
BRDA:1685,167,0,3
BRDA:1685,167,1,20290
BRDA:1692,168,0,91
BRDA:1692,168,1,20199
BRDA:1694,169,0,7
BRDA:1694,169,1,84
BRDA:1699,170,0,20199
BRDA:1699,170,1,20182
BRDA:1702,171,0,20082
BRDA:1702,171,1,117
BRDA:1708,172,0,20089
BRDA:1708,172,1,201
BRDA:1731,173,0,30096
BRDA:1731,173,1,201
BRDA:1734,174,0,0
BRDA:1734,174,1,30297
BRDA:1739,175,0,92
BRDA:1739,175,1,30205
BRDA:1742,176,0,8
BRDA:1742,176,1,84
BRDA:1744,177,0,0
BRDA:1744,177,1,84
BRDA:1752,178,0,30205
BRDA:1752,178,1,30182
BRDA:1754,179,0,30088
BRDA:1754,179,1,117
BRDA:1758,180,0,30285
BRDA:1758,180,1,12
BRDA:1775,181,0,2
BRDA:1775,181,1,0
BRF:367
BRH:298
end_of_record
